<?xml version="1.0" encoding="UTF-8"?>
<robot generator="Robot 5.0.1 (Python 3.7.0 on win32)" generated="20220614 12:18:49.991" rpa="false" schemaversion="3">
<suite id="s1" name="Tests" source="C:\Users\Reginaldo\PycharmProjects\QAchallengeEstateably\Tests">
<suite id="s1-s1" name="TC 01 POST Request" source="C:\Users\Reginaldo\PycharmProjects\QAchallengeEstateably\Tests\TC_01_POST_Request.robot">
<test id="s1-s1-t1" name="TC_01_01_Valid_POST_Request" line="115">
<kw name="Create Session" library="RequestsLibrary">
<arg>Add_Data</arg>
<arg>${BASE_URL}</arg>
<doc>Create Session: create a HTTP session to a server</doc>
<msg timestamp="20220614 12:18:50.212" level="INFO">Creating Session using : alias=Add_Data, url=https://estateably-todo.herokuapp.com/, headers={},                     cookies={}, auth=None, timeout=None, proxies=None, verify=False,                     debug=0 </msg>
<status status="PASS" starttime="20220614 12:18:50.212" endtime="20220614 12:18:50.213"/>
</kw>
<kw name="Valid POST create">
<for flavor="IN">
<var>${v1}</var>
<value>@{CATEGORIES}</value>
<iter>
<var name="${v1}">Salary</var>
<for flavor="IN">
<var>${v2}</var>
<value>@{TYPES}</value>
<iter>
<var name="${v2}">Expense</var>
<kw name="Create Dictionary" library="BuiltIn">
<var>${body}</var>
<arg>name=${name}</arg>
<arg>category=${v1}</arg>
<arg>type=${v2}</arg>
<arg>value=${value}</arg>
<arg>date=${date}</arg>
<doc>Creates and returns a dictionary based on the given ``items``.</doc>
<msg timestamp="20220614 12:18:50.215" level="INFO">${body} = {'name': 'Burger Queen Order', 'category': 'Salary', 'type': 'Expense', 'value': '25.9', 'date': '2022-06-11T12:46:02.937Z'}</msg>
<status status="PASS" starttime="20220614 12:18:50.214" endtime="20220614 12:18:50.215"/>
</kw>
<kw name="POST On Session" library="RequestsLibrary">
<var>${response}</var>
<arg>Add_Data</arg>
<arg>${relative_transactions_url}</arg>
<arg>json=${body}</arg>
<doc>Sends a POST request on a previously created HTTP Session.</doc>
<msg timestamp="20220614 12:18:50.996" level="INFO">POST Request : url=https://estateably-todo.herokuapp.com/transactions 
 path_url=/transactions 
 headers={'User-Agent': 'python-requests/2.28.0', 'Accept-Encoding': 'gzip, deflate', 'Accept': '*/*', 'Connection': 'keep-alive', 'Content-Length': '124', 'Content-Type': 'application/json'} 
 body=b'{"name": "Burger Queen Order", "category": "Salary", "type": "Expense", "value": "25.9", "date": "2022-06-11T12:46:02.937Z"}' 
 </msg>
<msg timestamp="20220614 12:18:50.996" level="INFO">POST Response : url=https://estateably-todo.herokuapp.com/transactions 
 status=201, reason=Created 
 headers={'Server': 'Cowboy', 'Connection': 'keep-alive', 'X-Powered-By': 'Express', 'Access-Control-Allow-Origin': '*', 'Content-Type': 'application/json; charset=utf-8', 'Content-Length': '159', 'Etag': 'W/"9f-QS0+0ISfY/uXPpOWfchSJroWi4g"', 'Date': 'Tue, 14 Jun 2022 15:18:50 GMT', 'Via': '1.1 vegur'} 
 body={"name":"Burger Queen Order","type":"Expense","category":"Salary","value":"25.9","date":"2022-06-11T12:46:02.937Z","id":"e81c64ae-9d17-4fda-8709-cbb0311db7ca"} 
 </msg>
<msg timestamp="20220614 12:18:50.997" level="INFO">c:\users\reginaldo\pycharmprojects\qachallengeestateably\venv\lib\site-packages\urllib3\connectionpool.py:1050: InsecureRequestWarning: Unverified HTTPS request is being made to host 'estateably-todo.herokuapp.com'. Adding certificate verification is strongly advised. See: https://urllib3.readthedocs.io/en/1.26.x/advanced-usage.html#ssl-warnings
  InsecureRequestWarning,</msg>
<msg timestamp="20220614 12:18:50.997" level="INFO">${response} = &lt;Response [201]&gt;</msg>
<status status="PASS" starttime="20220614 12:18:50.216" endtime="20220614 12:18:50.997"/>
</kw>
<kw name="Convert To String" library="BuiltIn">
<var>${status_code}</var>
<arg>${response.status_code}</arg>
<doc>Converts the given item to a Unicode string.</doc>
<msg timestamp="20220614 12:18:51.000" level="INFO">${status_code} = 201</msg>
<status status="PASS" starttime="20220614 12:18:50.998" endtime="20220614 12:18:51.000"/>
</kw>
<kw name="Should Be Equal" library="BuiltIn">
<arg>${status_code}</arg>
<arg>201</arg>
<doc>Fails if the given objects are unequal.</doc>
<status status="PASS" starttime="20220614 12:18:51.000" endtime="20220614 12:18:51.001"/>
</kw>
<kw name="Dictionary Should Contain Value" library="Collections">
<arg>${response.json()}</arg>
<arg>${name}</arg>
<doc>Fails if ``value`` is not found from ``dictionary``.</doc>
<status status="PASS" starttime="20220614 12:18:51.001" endtime="20220614 12:18:51.004"/>
</kw>
<kw name="Dictionary Should Contain Value" library="Collections">
<arg>${response.json()}</arg>
<arg>${v1}</arg>
<doc>Fails if ``value`` is not found from ``dictionary``.</doc>
<status status="PASS" starttime="20220614 12:18:51.004" endtime="20220614 12:18:51.006"/>
</kw>
<kw name="Dictionary Should Contain Value" library="Collections">
<arg>${response.json()}</arg>
<arg>${v2}</arg>
<doc>Fails if ``value`` is not found from ``dictionary``.</doc>
<status status="PASS" starttime="20220614 12:18:51.006" endtime="20220614 12:18:51.008"/>
</kw>
<kw name="Dictionary Should Contain Value" library="Collections">
<arg>${response.json()}</arg>
<arg>${value}</arg>
<doc>Fails if ``value`` is not found from ``dictionary``.</doc>
<status status="PASS" starttime="20220614 12:18:51.008" endtime="20220614 12:18:51.010"/>
</kw>
<kw name="Dictionary Should Contain Value" library="Collections">
<arg>${response.json()}</arg>
<arg>${date}</arg>
<doc>Fails if ``value`` is not found from ``dictionary``.</doc>
<status status="PASS" starttime="20220614 12:18:51.011" endtime="20220614 12:18:51.013"/>
</kw>
<kw name="Dictionary Should Contain Key" library="Collections">
<arg>${response.json()}</arg>
<arg>id</arg>
<doc>Fails if ``key`` is not found from ``dictionary``.</doc>
<status status="PASS" starttime="20220614 12:18:51.013" endtime="20220614 12:18:51.015"/>
</kw>
<kw name="Get From Dictionary" library="Collections">
<var>${id}</var>
<arg>${response.json()}</arg>
<arg>id</arg>
<doc>Returns a value from the given ``dictionary`` based on the given ``key``.</doc>
<msg timestamp="20220614 12:18:51.017" level="INFO">${id} = e81c64ae-9d17-4fda-8709-cbb0311db7ca</msg>
<status status="PASS" starttime="20220614 12:18:51.015" endtime="20220614 12:18:51.017"/>
</kw>
<kw name="Append To List" library="Collections">
<arg>${IDS}</arg>
<arg>${id}</arg>
<doc>Adds ``values`` to the end of ``list``.</doc>
<status status="PASS" starttime="20220614 12:18:51.017" endtime="20220614 12:18:51.018"/>
</kw>
<status status="PASS" starttime="20220614 12:18:50.214" endtime="20220614 12:18:51.018"/>
</iter>
<iter>
<var name="${v2}">Income</var>
<kw name="Create Dictionary" library="BuiltIn">
<var>${body}</var>
<arg>name=${name}</arg>
<arg>category=${v1}</arg>
<arg>type=${v2}</arg>
<arg>value=${value}</arg>
<arg>date=${date}</arg>
<doc>Creates and returns a dictionary based on the given ``items``.</doc>
<msg timestamp="20220614 12:18:51.021" level="INFO">${body} = {'name': 'Burger Queen Order', 'category': 'Salary', 'type': 'Income', 'value': '25.9', 'date': '2022-06-11T12:46:02.937Z'}</msg>
<status status="PASS" starttime="20220614 12:18:51.019" endtime="20220614 12:18:51.021"/>
</kw>
<kw name="POST On Session" library="RequestsLibrary">
<var>${response}</var>
<arg>Add_Data</arg>
<arg>${relative_transactions_url}</arg>
<arg>json=${body}</arg>
<doc>Sends a POST request on a previously created HTTP Session.</doc>
<msg timestamp="20220614 12:18:51.199" level="INFO">POST Request : url=https://estateably-todo.herokuapp.com/transactions 
 path_url=/transactions 
 headers={'User-Agent': 'python-requests/2.28.0', 'Accept-Encoding': 'gzip, deflate', 'Accept': '*/*', 'Connection': 'keep-alive', 'Content-Length': '123', 'Content-Type': 'application/json'} 
 body=b'{"name": "Burger Queen Order", "category": "Salary", "type": "Income", "value": "25.9", "date": "2022-06-11T12:46:02.937Z"}' 
 </msg>
<msg timestamp="20220614 12:18:51.200" level="INFO">POST Response : url=https://estateably-todo.herokuapp.com/transactions 
 status=201, reason=Created 
 headers={'Server': 'Cowboy', 'Connection': 'keep-alive', 'X-Powered-By': 'Express', 'Access-Control-Allow-Origin': '*', 'Content-Type': 'application/json; charset=utf-8', 'Content-Length': '158', 'Etag': 'W/"9e-xvn3Vi5yjUN35DlK99qwL9KevTw"', 'Date': 'Tue, 14 Jun 2022 15:18:51 GMT', 'Via': '1.1 vegur'} 
 body={"name":"Burger Queen Order","type":"Income","category":"Salary","value":"25.9","date":"2022-06-11T12:46:02.937Z","id":"067185ae-3479-4e04-9e60-0b3c611e6862"} 
 </msg>
<msg timestamp="20220614 12:18:51.200" level="INFO">c:\users\reginaldo\pycharmprojects\qachallengeestateably\venv\lib\site-packages\urllib3\connectionpool.py:1050: InsecureRequestWarning: Unverified HTTPS request is being made to host 'estateably-todo.herokuapp.com'. Adding certificate verification is strongly advised. See: https://urllib3.readthedocs.io/en/1.26.x/advanced-usage.html#ssl-warnings
  InsecureRequestWarning,</msg>
<msg timestamp="20220614 12:18:51.201" level="INFO">${response} = &lt;Response [201]&gt;</msg>
<status status="PASS" starttime="20220614 12:18:51.021" endtime="20220614 12:18:51.201"/>
</kw>
<kw name="Convert To String" library="BuiltIn">
<var>${status_code}</var>
<arg>${response.status_code}</arg>
<doc>Converts the given item to a Unicode string.</doc>
<msg timestamp="20220614 12:18:51.203" level="INFO">${status_code} = 201</msg>
<status status="PASS" starttime="20220614 12:18:51.201" endtime="20220614 12:18:51.203"/>
</kw>
<kw name="Should Be Equal" library="BuiltIn">
<arg>${status_code}</arg>
<arg>201</arg>
<doc>Fails if the given objects are unequal.</doc>
<status status="PASS" starttime="20220614 12:18:51.204" endtime="20220614 12:18:51.204"/>
</kw>
<kw name="Dictionary Should Contain Value" library="Collections">
<arg>${response.json()}</arg>
<arg>${name}</arg>
<doc>Fails if ``value`` is not found from ``dictionary``.</doc>
<status status="PASS" starttime="20220614 12:18:51.205" endtime="20220614 12:18:51.207"/>
</kw>
<kw name="Dictionary Should Contain Value" library="Collections">
<arg>${response.json()}</arg>
<arg>${v1}</arg>
<doc>Fails if ``value`` is not found from ``dictionary``.</doc>
<status status="PASS" starttime="20220614 12:18:51.207" endtime="20220614 12:18:51.209"/>
</kw>
<kw name="Dictionary Should Contain Value" library="Collections">
<arg>${response.json()}</arg>
<arg>${v2}</arg>
<doc>Fails if ``value`` is not found from ``dictionary``.</doc>
<status status="PASS" starttime="20220614 12:18:51.210" endtime="20220614 12:18:51.212"/>
</kw>
<kw name="Dictionary Should Contain Value" library="Collections">
<arg>${response.json()}</arg>
<arg>${value}</arg>
<doc>Fails if ``value`` is not found from ``dictionary``.</doc>
<status status="PASS" starttime="20220614 12:18:51.212" endtime="20220614 12:18:51.214"/>
</kw>
<kw name="Dictionary Should Contain Value" library="Collections">
<arg>${response.json()}</arg>
<arg>${date}</arg>
<doc>Fails if ``value`` is not found from ``dictionary``.</doc>
<status status="PASS" starttime="20220614 12:18:51.214" endtime="20220614 12:18:51.216"/>
</kw>
<kw name="Dictionary Should Contain Key" library="Collections">
<arg>${response.json()}</arg>
<arg>id</arg>
<doc>Fails if ``key`` is not found from ``dictionary``.</doc>
<status status="PASS" starttime="20220614 12:18:51.216" endtime="20220614 12:18:51.218"/>
</kw>
<kw name="Get From Dictionary" library="Collections">
<var>${id}</var>
<arg>${response.json()}</arg>
<arg>id</arg>
<doc>Returns a value from the given ``dictionary`` based on the given ``key``.</doc>
<msg timestamp="20220614 12:18:51.221" level="INFO">${id} = 067185ae-3479-4e04-9e60-0b3c611e6862</msg>
<status status="PASS" starttime="20220614 12:18:51.219" endtime="20220614 12:18:51.221"/>
</kw>
<kw name="Append To List" library="Collections">
<arg>${IDS}</arg>
<arg>${id}</arg>
<doc>Adds ``values`` to the end of ``list``.</doc>
<status status="PASS" starttime="20220614 12:18:51.221" endtime="20220614 12:18:51.222"/>
</kw>
<status status="PASS" starttime="20220614 12:18:51.018" endtime="20220614 12:18:51.222"/>
</iter>
<status status="PASS" starttime="20220614 12:18:50.214" endtime="20220614 12:18:51.222"/>
</for>
<status status="PASS" starttime="20220614 12:18:50.214" endtime="20220614 12:18:51.222"/>
</iter>
<iter>
<var name="${v1}">Food</var>
<for flavor="IN">
<var>${v2}</var>
<value>@{TYPES}</value>
<iter>
<var name="${v2}">Expense</var>
<kw name="Create Dictionary" library="BuiltIn">
<var>${body}</var>
<arg>name=${name}</arg>
<arg>category=${v1}</arg>
<arg>type=${v2}</arg>
<arg>value=${value}</arg>
<arg>date=${date}</arg>
<doc>Creates and returns a dictionary based on the given ``items``.</doc>
<msg timestamp="20220614 12:18:51.224" level="INFO">${body} = {'name': 'Burger Queen Order', 'category': 'Food', 'type': 'Expense', 'value': '25.9', 'date': '2022-06-11T12:46:02.937Z'}</msg>
<status status="PASS" starttime="20220614 12:18:51.223" endtime="20220614 12:18:51.225"/>
</kw>
<kw name="POST On Session" library="RequestsLibrary">
<var>${response}</var>
<arg>Add_Data</arg>
<arg>${relative_transactions_url}</arg>
<arg>json=${body}</arg>
<doc>Sends a POST request on a previously created HTTP Session.</doc>
<msg timestamp="20220614 12:18:51.398" level="INFO">POST Request : url=https://estateably-todo.herokuapp.com/transactions 
 path_url=/transactions 
 headers={'User-Agent': 'python-requests/2.28.0', 'Accept-Encoding': 'gzip, deflate', 'Accept': '*/*', 'Connection': 'keep-alive', 'Content-Length': '122', 'Content-Type': 'application/json'} 
 body=b'{"name": "Burger Queen Order", "category": "Food", "type": "Expense", "value": "25.9", "date": "2022-06-11T12:46:02.937Z"}' 
 </msg>
<msg timestamp="20220614 12:18:51.398" level="INFO">POST Response : url=https://estateably-todo.herokuapp.com/transactions 
 status=201, reason=Created 
 headers={'Server': 'Cowboy', 'Connection': 'keep-alive', 'X-Powered-By': 'Express', 'Access-Control-Allow-Origin': '*', 'Content-Type': 'application/json; charset=utf-8', 'Content-Length': '157', 'Etag': 'W/"9d-bSxUkYDW57YNSFki8lYVFyO1VGg"', 'Date': 'Tue, 14 Jun 2022 15:18:51 GMT', 'Via': '1.1 vegur'} 
 body={"name":"Burger Queen Order","type":"Expense","category":"Food","value":"25.9","date":"2022-06-11T12:46:02.937Z","id":"3f0e98d9-7617-405e-b7d0-d121e2a18772"} 
 </msg>
<msg timestamp="20220614 12:18:51.398" level="INFO">c:\users\reginaldo\pycharmprojects\qachallengeestateably\venv\lib\site-packages\urllib3\connectionpool.py:1050: InsecureRequestWarning: Unverified HTTPS request is being made to host 'estateably-todo.herokuapp.com'. Adding certificate verification is strongly advised. See: https://urllib3.readthedocs.io/en/1.26.x/advanced-usage.html#ssl-warnings
  InsecureRequestWarning,</msg>
<msg timestamp="20220614 12:18:51.399" level="INFO">${response} = &lt;Response [201]&gt;</msg>
<status status="PASS" starttime="20220614 12:18:51.225" endtime="20220614 12:18:51.399"/>
</kw>
<kw name="Convert To String" library="BuiltIn">
<var>${status_code}</var>
<arg>${response.status_code}</arg>
<doc>Converts the given item to a Unicode string.</doc>
<msg timestamp="20220614 12:18:51.401" level="INFO">${status_code} = 201</msg>
<status status="PASS" starttime="20220614 12:18:51.399" endtime="20220614 12:18:51.401"/>
</kw>
<kw name="Should Be Equal" library="BuiltIn">
<arg>${status_code}</arg>
<arg>201</arg>
<doc>Fails if the given objects are unequal.</doc>
<status status="PASS" starttime="20220614 12:18:51.402" endtime="20220614 12:18:51.402"/>
</kw>
<kw name="Dictionary Should Contain Value" library="Collections">
<arg>${response.json()}</arg>
<arg>${name}</arg>
<doc>Fails if ``value`` is not found from ``dictionary``.</doc>
<status status="PASS" starttime="20220614 12:18:51.402" endtime="20220614 12:18:51.404"/>
</kw>
<kw name="Dictionary Should Contain Value" library="Collections">
<arg>${response.json()}</arg>
<arg>${v1}</arg>
<doc>Fails if ``value`` is not found from ``dictionary``.</doc>
<status status="PASS" starttime="20220614 12:18:51.405" endtime="20220614 12:18:51.406"/>
</kw>
<kw name="Dictionary Should Contain Value" library="Collections">
<arg>${response.json()}</arg>
<arg>${v2}</arg>
<doc>Fails if ``value`` is not found from ``dictionary``.</doc>
<status status="PASS" starttime="20220614 12:18:51.407" endtime="20220614 12:18:51.409"/>
</kw>
<kw name="Dictionary Should Contain Value" library="Collections">
<arg>${response.json()}</arg>
<arg>${value}</arg>
<doc>Fails if ``value`` is not found from ``dictionary``.</doc>
<status status="PASS" starttime="20220614 12:18:51.409" endtime="20220614 12:18:51.411"/>
</kw>
<kw name="Dictionary Should Contain Value" library="Collections">
<arg>${response.json()}</arg>
<arg>${date}</arg>
<doc>Fails if ``value`` is not found from ``dictionary``.</doc>
<status status="PASS" starttime="20220614 12:18:51.411" endtime="20220614 12:18:51.413"/>
</kw>
<kw name="Dictionary Should Contain Key" library="Collections">
<arg>${response.json()}</arg>
<arg>id</arg>
<doc>Fails if ``key`` is not found from ``dictionary``.</doc>
<status status="PASS" starttime="20220614 12:18:51.413" endtime="20220614 12:18:51.415"/>
</kw>
<kw name="Get From Dictionary" library="Collections">
<var>${id}</var>
<arg>${response.json()}</arg>
<arg>id</arg>
<doc>Returns a value from the given ``dictionary`` based on the given ``key``.</doc>
<msg timestamp="20220614 12:18:51.417" level="INFO">${id} = 3f0e98d9-7617-405e-b7d0-d121e2a18772</msg>
<status status="PASS" starttime="20220614 12:18:51.415" endtime="20220614 12:18:51.417"/>
</kw>
<kw name="Append To List" library="Collections">
<arg>${IDS}</arg>
<arg>${id}</arg>
<doc>Adds ``values`` to the end of ``list``.</doc>
<status status="PASS" starttime="20220614 12:18:51.417" endtime="20220614 12:18:51.418"/>
</kw>
<status status="PASS" starttime="20220614 12:18:51.223" endtime="20220614 12:18:51.418"/>
</iter>
<iter>
<var name="${v2}">Income</var>
<kw name="Create Dictionary" library="BuiltIn">
<var>${body}</var>
<arg>name=${name}</arg>
<arg>category=${v1}</arg>
<arg>type=${v2}</arg>
<arg>value=${value}</arg>
<arg>date=${date}</arg>
<doc>Creates and returns a dictionary based on the given ``items``.</doc>
<msg timestamp="20220614 12:18:51.420" level="INFO">${body} = {'name': 'Burger Queen Order', 'category': 'Food', 'type': 'Income', 'value': '25.9', 'date': '2022-06-11T12:46:02.937Z'}</msg>
<status status="PASS" starttime="20220614 12:18:51.418" endtime="20220614 12:18:51.420"/>
</kw>
<kw name="POST On Session" library="RequestsLibrary">
<var>${response}</var>
<arg>Add_Data</arg>
<arg>${relative_transactions_url}</arg>
<arg>json=${body}</arg>
<doc>Sends a POST request on a previously created HTTP Session.</doc>
<msg timestamp="20220614 12:18:51.596" level="INFO">POST Request : url=https://estateably-todo.herokuapp.com/transactions 
 path_url=/transactions 
 headers={'User-Agent': 'python-requests/2.28.0', 'Accept-Encoding': 'gzip, deflate', 'Accept': '*/*', 'Connection': 'keep-alive', 'Content-Length': '121', 'Content-Type': 'application/json'} 
 body=b'{"name": "Burger Queen Order", "category": "Food", "type": "Income", "value": "25.9", "date": "2022-06-11T12:46:02.937Z"}' 
 </msg>
<msg timestamp="20220614 12:18:51.596" level="INFO">POST Response : url=https://estateably-todo.herokuapp.com/transactions 
 status=201, reason=Created 
 headers={'Server': 'Cowboy', 'Connection': 'keep-alive', 'X-Powered-By': 'Express', 'Access-Control-Allow-Origin': '*', 'Content-Type': 'application/json; charset=utf-8', 'Content-Length': '156', 'Etag': 'W/"9c-74dUAAoQqvkoZoJU+xW7bOx6xjs"', 'Date': 'Tue, 14 Jun 2022 15:18:51 GMT', 'Via': '1.1 vegur'} 
 body={"name":"Burger Queen Order","type":"Income","category":"Food","value":"25.9","date":"2022-06-11T12:46:02.937Z","id":"fbae0bc6-d3fd-4387-b4fe-27351187c495"} 
 </msg>
<msg timestamp="20220614 12:18:51.596" level="INFO">c:\users\reginaldo\pycharmprojects\qachallengeestateably\venv\lib\site-packages\urllib3\connectionpool.py:1050: InsecureRequestWarning: Unverified HTTPS request is being made to host 'estateably-todo.herokuapp.com'. Adding certificate verification is strongly advised. See: https://urllib3.readthedocs.io/en/1.26.x/advanced-usage.html#ssl-warnings
  InsecureRequestWarning,</msg>
<msg timestamp="20220614 12:18:51.597" level="INFO">${response} = &lt;Response [201]&gt;</msg>
<status status="PASS" starttime="20220614 12:18:51.420" endtime="20220614 12:18:51.597"/>
</kw>
<kw name="Convert To String" library="BuiltIn">
<var>${status_code}</var>
<arg>${response.status_code}</arg>
<doc>Converts the given item to a Unicode string.</doc>
<msg timestamp="20220614 12:18:51.598" level="INFO">${status_code} = 201</msg>
<status status="PASS" starttime="20220614 12:18:51.597" endtime="20220614 12:18:51.598"/>
</kw>
<kw name="Should Be Equal" library="BuiltIn">
<arg>${status_code}</arg>
<arg>201</arg>
<doc>Fails if the given objects are unequal.</doc>
<status status="PASS" starttime="20220614 12:18:51.599" endtime="20220614 12:18:51.599"/>
</kw>
<kw name="Dictionary Should Contain Value" library="Collections">
<arg>${response.json()}</arg>
<arg>${name}</arg>
<doc>Fails if ``value`` is not found from ``dictionary``.</doc>
<status status="PASS" starttime="20220614 12:18:51.599" endtime="20220614 12:18:51.600"/>
</kw>
<kw name="Dictionary Should Contain Value" library="Collections">
<arg>${response.json()}</arg>
<arg>${v1}</arg>
<doc>Fails if ``value`` is not found from ``dictionary``.</doc>
<status status="PASS" starttime="20220614 12:18:51.600" endtime="20220614 12:18:51.602"/>
</kw>
<kw name="Dictionary Should Contain Value" library="Collections">
<arg>${response.json()}</arg>
<arg>${v2}</arg>
<doc>Fails if ``value`` is not found from ``dictionary``.</doc>
<status status="PASS" starttime="20220614 12:18:51.602" endtime="20220614 12:18:51.603"/>
</kw>
<kw name="Dictionary Should Contain Value" library="Collections">
<arg>${response.json()}</arg>
<arg>${value}</arg>
<doc>Fails if ``value`` is not found from ``dictionary``.</doc>
<status status="PASS" starttime="20220614 12:18:51.603" endtime="20220614 12:18:51.604"/>
</kw>
<kw name="Dictionary Should Contain Value" library="Collections">
<arg>${response.json()}</arg>
<arg>${date}</arg>
<doc>Fails if ``value`` is not found from ``dictionary``.</doc>
<status status="PASS" starttime="20220614 12:18:51.604" endtime="20220614 12:18:51.606"/>
</kw>
<kw name="Dictionary Should Contain Key" library="Collections">
<arg>${response.json()}</arg>
<arg>id</arg>
<doc>Fails if ``key`` is not found from ``dictionary``.</doc>
<status status="PASS" starttime="20220614 12:18:51.606" endtime="20220614 12:18:51.607"/>
</kw>
<kw name="Get From Dictionary" library="Collections">
<var>${id}</var>
<arg>${response.json()}</arg>
<arg>id</arg>
<doc>Returns a value from the given ``dictionary`` based on the given ``key``.</doc>
<msg timestamp="20220614 12:18:51.608" level="INFO">${id} = fbae0bc6-d3fd-4387-b4fe-27351187c495</msg>
<status status="PASS" starttime="20220614 12:18:51.607" endtime="20220614 12:18:51.608"/>
</kw>
<kw name="Append To List" library="Collections">
<arg>${IDS}</arg>
<arg>${id}</arg>
<doc>Adds ``values`` to the end of ``list``.</doc>
<status status="PASS" starttime="20220614 12:18:51.608" endtime="20220614 12:18:51.609"/>
</kw>
<status status="PASS" starttime="20220614 12:18:51.418" endtime="20220614 12:18:51.609"/>
</iter>
<status status="PASS" starttime="20220614 12:18:51.223" endtime="20220614 12:18:51.609"/>
</for>
<status status="PASS" starttime="20220614 12:18:51.222" endtime="20220614 12:18:51.609"/>
</iter>
<iter>
<var name="${v1}">Transport</var>
<for flavor="IN">
<var>${v2}</var>
<value>@{TYPES}</value>
<iter>
<var name="${v2}">Expense</var>
<kw name="Create Dictionary" library="BuiltIn">
<var>${body}</var>
<arg>name=${name}</arg>
<arg>category=${v1}</arg>
<arg>type=${v2}</arg>
<arg>value=${value}</arg>
<arg>date=${date}</arg>
<doc>Creates and returns a dictionary based on the given ``items``.</doc>
<msg timestamp="20220614 12:18:51.611" level="INFO">${body} = {'name': 'Burger Queen Order', 'category': 'Transport', 'type': 'Expense', 'value': '25.9', 'date': '2022-06-11T12:46:02.937Z'}</msg>
<status status="PASS" starttime="20220614 12:18:51.609" endtime="20220614 12:18:51.611"/>
</kw>
<kw name="POST On Session" library="RequestsLibrary">
<var>${response}</var>
<arg>Add_Data</arg>
<arg>${relative_transactions_url}</arg>
<arg>json=${body}</arg>
<doc>Sends a POST request on a previously created HTTP Session.</doc>
<msg timestamp="20220614 12:18:51.785" level="INFO">POST Request : url=https://estateably-todo.herokuapp.com/transactions 
 path_url=/transactions 
 headers={'User-Agent': 'python-requests/2.28.0', 'Accept-Encoding': 'gzip, deflate', 'Accept': '*/*', 'Connection': 'keep-alive', 'Content-Length': '127', 'Content-Type': 'application/json'} 
 body=b'{"name": "Burger Queen Order", "category": "Transport", "type": "Expense", "value": "25.9", "date": "2022-06-11T12:46:02.937Z"}' 
 </msg>
<msg timestamp="20220614 12:18:51.786" level="INFO">POST Response : url=https://estateably-todo.herokuapp.com/transactions 
 status=201, reason=Created 
 headers={'Server': 'Cowboy', 'Connection': 'keep-alive', 'X-Powered-By': 'Express', 'Access-Control-Allow-Origin': '*', 'Content-Type': 'application/json; charset=utf-8', 'Content-Length': '162', 'Etag': 'W/"a2-ozpJyndLbBhWeo5vfgzzm8Z1zcM"', 'Date': 'Tue, 14 Jun 2022 15:18:51 GMT', 'Via': '1.1 vegur'} 
 body={"name":"Burger Queen Order","type":"Expense","category":"Transport","value":"25.9","date":"2022-06-11T12:46:02.937Z","id":"40950ec4-5b3a-418c-b6f2-1a1fccb3b818"} 
 </msg>
<msg timestamp="20220614 12:18:51.786" level="INFO">c:\users\reginaldo\pycharmprojects\qachallengeestateably\venv\lib\site-packages\urllib3\connectionpool.py:1050: InsecureRequestWarning: Unverified HTTPS request is being made to host 'estateably-todo.herokuapp.com'. Adding certificate verification is strongly advised. See: https://urllib3.readthedocs.io/en/1.26.x/advanced-usage.html#ssl-warnings
  InsecureRequestWarning,</msg>
<msg timestamp="20220614 12:18:51.786" level="INFO">${response} = &lt;Response [201]&gt;</msg>
<status status="PASS" starttime="20220614 12:18:51.611" endtime="20220614 12:18:51.786"/>
</kw>
<kw name="Convert To String" library="BuiltIn">
<var>${status_code}</var>
<arg>${response.status_code}</arg>
<doc>Converts the given item to a Unicode string.</doc>
<msg timestamp="20220614 12:18:51.788" level="INFO">${status_code} = 201</msg>
<status status="PASS" starttime="20220614 12:18:51.787" endtime="20220614 12:18:51.788"/>
</kw>
<kw name="Should Be Equal" library="BuiltIn">
<arg>${status_code}</arg>
<arg>201</arg>
<doc>Fails if the given objects are unequal.</doc>
<status status="PASS" starttime="20220614 12:18:51.788" endtime="20220614 12:18:51.789"/>
</kw>
<kw name="Dictionary Should Contain Value" library="Collections">
<arg>${response.json()}</arg>
<arg>${name}</arg>
<doc>Fails if ``value`` is not found from ``dictionary``.</doc>
<status status="PASS" starttime="20220614 12:18:51.789" endtime="20220614 12:18:51.790"/>
</kw>
<kw name="Dictionary Should Contain Value" library="Collections">
<arg>${response.json()}</arg>
<arg>${v1}</arg>
<doc>Fails if ``value`` is not found from ``dictionary``.</doc>
<status status="PASS" starttime="20220614 12:18:51.790" endtime="20220614 12:18:51.791"/>
</kw>
<kw name="Dictionary Should Contain Value" library="Collections">
<arg>${response.json()}</arg>
<arg>${v2}</arg>
<doc>Fails if ``value`` is not found from ``dictionary``.</doc>
<status status="PASS" starttime="20220614 12:18:51.792" endtime="20220614 12:18:51.793"/>
</kw>
<kw name="Dictionary Should Contain Value" library="Collections">
<arg>${response.json()}</arg>
<arg>${value}</arg>
<doc>Fails if ``value`` is not found from ``dictionary``.</doc>
<status status="PASS" starttime="20220614 12:18:51.793" endtime="20220614 12:18:51.794"/>
</kw>
<kw name="Dictionary Should Contain Value" library="Collections">
<arg>${response.json()}</arg>
<arg>${date}</arg>
<doc>Fails if ``value`` is not found from ``dictionary``.</doc>
<status status="PASS" starttime="20220614 12:18:51.794" endtime="20220614 12:18:51.795"/>
</kw>
<kw name="Dictionary Should Contain Key" library="Collections">
<arg>${response.json()}</arg>
<arg>id</arg>
<doc>Fails if ``key`` is not found from ``dictionary``.</doc>
<status status="PASS" starttime="20220614 12:18:51.795" endtime="20220614 12:18:51.797"/>
</kw>
<kw name="Get From Dictionary" library="Collections">
<var>${id}</var>
<arg>${response.json()}</arg>
<arg>id</arg>
<doc>Returns a value from the given ``dictionary`` based on the given ``key``.</doc>
<msg timestamp="20220614 12:18:51.798" level="INFO">${id} = 40950ec4-5b3a-418c-b6f2-1a1fccb3b818</msg>
<status status="PASS" starttime="20220614 12:18:51.797" endtime="20220614 12:18:51.798"/>
</kw>
<kw name="Append To List" library="Collections">
<arg>${IDS}</arg>
<arg>${id}</arg>
<doc>Adds ``values`` to the end of ``list``.</doc>
<status status="PASS" starttime="20220614 12:18:51.798" endtime="20220614 12:18:51.798"/>
</kw>
<status status="PASS" starttime="20220614 12:18:51.609" endtime="20220614 12:18:51.799"/>
</iter>
<iter>
<var name="${v2}">Income</var>
<kw name="Create Dictionary" library="BuiltIn">
<var>${body}</var>
<arg>name=${name}</arg>
<arg>category=${v1}</arg>
<arg>type=${v2}</arg>
<arg>value=${value}</arg>
<arg>date=${date}</arg>
<doc>Creates and returns a dictionary based on the given ``items``.</doc>
<msg timestamp="20220614 12:18:51.800" level="INFO">${body} = {'name': 'Burger Queen Order', 'category': 'Transport', 'type': 'Income', 'value': '25.9', 'date': '2022-06-11T12:46:02.937Z'}</msg>
<status status="PASS" starttime="20220614 12:18:51.799" endtime="20220614 12:18:51.800"/>
</kw>
<kw name="POST On Session" library="RequestsLibrary">
<var>${response}</var>
<arg>Add_Data</arg>
<arg>${relative_transactions_url}</arg>
<arg>json=${body}</arg>
<doc>Sends a POST request on a previously created HTTP Session.</doc>
<msg timestamp="20220614 12:18:51.975" level="INFO">POST Request : url=https://estateably-todo.herokuapp.com/transactions 
 path_url=/transactions 
 headers={'User-Agent': 'python-requests/2.28.0', 'Accept-Encoding': 'gzip, deflate', 'Accept': '*/*', 'Connection': 'keep-alive', 'Content-Length': '126', 'Content-Type': 'application/json'} 
 body=b'{"name": "Burger Queen Order", "category": "Transport", "type": "Income", "value": "25.9", "date": "2022-06-11T12:46:02.937Z"}' 
 </msg>
<msg timestamp="20220614 12:18:51.975" level="INFO">POST Response : url=https://estateably-todo.herokuapp.com/transactions 
 status=201, reason=Created 
 headers={'Server': 'Cowboy', 'Connection': 'keep-alive', 'X-Powered-By': 'Express', 'Access-Control-Allow-Origin': '*', 'Content-Type': 'application/json; charset=utf-8', 'Content-Length': '161', 'Etag': 'W/"a1-bHPZZiM4IHZ22RVrrws34tLJHDc"', 'Date': 'Tue, 14 Jun 2022 15:18:51 GMT', 'Via': '1.1 vegur'} 
 body={"name":"Burger Queen Order","type":"Income","category":"Transport","value":"25.9","date":"2022-06-11T12:46:02.937Z","id":"74225670-f0e8-4a77-b3e6-52e89a7e44cf"} 
 </msg>
<msg timestamp="20220614 12:18:51.975" level="INFO">c:\users\reginaldo\pycharmprojects\qachallengeestateably\venv\lib\site-packages\urllib3\connectionpool.py:1050: InsecureRequestWarning: Unverified HTTPS request is being made to host 'estateably-todo.herokuapp.com'. Adding certificate verification is strongly advised. See: https://urllib3.readthedocs.io/en/1.26.x/advanced-usage.html#ssl-warnings
  InsecureRequestWarning,</msg>
<msg timestamp="20220614 12:18:51.976" level="INFO">${response} = &lt;Response [201]&gt;</msg>
<status status="PASS" starttime="20220614 12:18:51.800" endtime="20220614 12:18:51.976"/>
</kw>
<kw name="Convert To String" library="BuiltIn">
<var>${status_code}</var>
<arg>${response.status_code}</arg>
<doc>Converts the given item to a Unicode string.</doc>
<msg timestamp="20220614 12:18:51.977" level="INFO">${status_code} = 201</msg>
<status status="PASS" starttime="20220614 12:18:51.976" endtime="20220614 12:18:51.977"/>
</kw>
<kw name="Should Be Equal" library="BuiltIn">
<arg>${status_code}</arg>
<arg>201</arg>
<doc>Fails if the given objects are unequal.</doc>
<status status="PASS" starttime="20220614 12:18:51.978" endtime="20220614 12:18:51.978"/>
</kw>
<kw name="Dictionary Should Contain Value" library="Collections">
<arg>${response.json()}</arg>
<arg>${name}</arg>
<doc>Fails if ``value`` is not found from ``dictionary``.</doc>
<status status="PASS" starttime="20220614 12:18:51.978" endtime="20220614 12:18:51.979"/>
</kw>
<kw name="Dictionary Should Contain Value" library="Collections">
<arg>${response.json()}</arg>
<arg>${v1}</arg>
<doc>Fails if ``value`` is not found from ``dictionary``.</doc>
<status status="PASS" starttime="20220614 12:18:51.979" endtime="20220614 12:18:51.981"/>
</kw>
<kw name="Dictionary Should Contain Value" library="Collections">
<arg>${response.json()}</arg>
<arg>${v2}</arg>
<doc>Fails if ``value`` is not found from ``dictionary``.</doc>
<status status="PASS" starttime="20220614 12:18:51.981" endtime="20220614 12:18:51.982"/>
</kw>
<kw name="Dictionary Should Contain Value" library="Collections">
<arg>${response.json()}</arg>
<arg>${value}</arg>
<doc>Fails if ``value`` is not found from ``dictionary``.</doc>
<status status="PASS" starttime="20220614 12:18:51.982" endtime="20220614 12:18:51.984"/>
</kw>
<kw name="Dictionary Should Contain Value" library="Collections">
<arg>${response.json()}</arg>
<arg>${date}</arg>
<doc>Fails if ``value`` is not found from ``dictionary``.</doc>
<status status="PASS" starttime="20220614 12:18:51.985" endtime="20220614 12:18:51.986"/>
</kw>
<kw name="Dictionary Should Contain Key" library="Collections">
<arg>${response.json()}</arg>
<arg>id</arg>
<doc>Fails if ``key`` is not found from ``dictionary``.</doc>
<status status="PASS" starttime="20220614 12:18:51.986" endtime="20220614 12:18:51.988"/>
</kw>
<kw name="Get From Dictionary" library="Collections">
<var>${id}</var>
<arg>${response.json()}</arg>
<arg>id</arg>
<doc>Returns a value from the given ``dictionary`` based on the given ``key``.</doc>
<msg timestamp="20220614 12:18:51.989" level="INFO">${id} = 74225670-f0e8-4a77-b3e6-52e89a7e44cf</msg>
<status status="PASS" starttime="20220614 12:18:51.988" endtime="20220614 12:18:51.989"/>
</kw>
<kw name="Append To List" library="Collections">
<arg>${IDS}</arg>
<arg>${id}</arg>
<doc>Adds ``values`` to the end of ``list``.</doc>
<status status="PASS" starttime="20220614 12:18:51.989" endtime="20220614 12:18:51.990"/>
</kw>
<status status="PASS" starttime="20220614 12:18:51.799" endtime="20220614 12:18:51.990"/>
</iter>
<status status="PASS" starttime="20220614 12:18:51.609" endtime="20220614 12:18:51.990"/>
</for>
<status status="PASS" starttime="20220614 12:18:51.609" endtime="20220614 12:18:51.990"/>
</iter>
<iter>
<var name="${v1}">House</var>
<for flavor="IN">
<var>${v2}</var>
<value>@{TYPES}</value>
<iter>
<var name="${v2}">Expense</var>
<kw name="Create Dictionary" library="BuiltIn">
<var>${body}</var>
<arg>name=${name}</arg>
<arg>category=${v1}</arg>
<arg>type=${v2}</arg>
<arg>value=${value}</arg>
<arg>date=${date}</arg>
<doc>Creates and returns a dictionary based on the given ``items``.</doc>
<msg timestamp="20220614 12:18:51.992" level="INFO">${body} = {'name': 'Burger Queen Order', 'category': 'House', 'type': 'Expense', 'value': '25.9', 'date': '2022-06-11T12:46:02.937Z'}</msg>
<status status="PASS" starttime="20220614 12:18:51.991" endtime="20220614 12:18:51.992"/>
</kw>
<kw name="POST On Session" library="RequestsLibrary">
<var>${response}</var>
<arg>Add_Data</arg>
<arg>${relative_transactions_url}</arg>
<arg>json=${body}</arg>
<doc>Sends a POST request on a previously created HTTP Session.</doc>
<msg timestamp="20220614 12:18:52.165" level="INFO">POST Request : url=https://estateably-todo.herokuapp.com/transactions 
 path_url=/transactions 
 headers={'User-Agent': 'python-requests/2.28.0', 'Accept-Encoding': 'gzip, deflate', 'Accept': '*/*', 'Connection': 'keep-alive', 'Content-Length': '123', 'Content-Type': 'application/json'} 
 body=b'{"name": "Burger Queen Order", "category": "House", "type": "Expense", "value": "25.9", "date": "2022-06-11T12:46:02.937Z"}' 
 </msg>
<msg timestamp="20220614 12:18:52.165" level="INFO">POST Response : url=https://estateably-todo.herokuapp.com/transactions 
 status=201, reason=Created 
 headers={'Server': 'Cowboy', 'Connection': 'keep-alive', 'X-Powered-By': 'Express', 'Access-Control-Allow-Origin': '*', 'Content-Type': 'application/json; charset=utf-8', 'Content-Length': '158', 'Etag': 'W/"9e-zpdQeUoiBSrhQi+jHr+b0/Y3Id0"', 'Date': 'Tue, 14 Jun 2022 15:18:52 GMT', 'Via': '1.1 vegur'} 
 body={"name":"Burger Queen Order","type":"Expense","category":"House","value":"25.9","date":"2022-06-11T12:46:02.937Z","id":"56ab7d3b-d0ae-43d1-9547-abad88f94aa7"} 
 </msg>
<msg timestamp="20220614 12:18:52.165" level="INFO">c:\users\reginaldo\pycharmprojects\qachallengeestateably\venv\lib\site-packages\urllib3\connectionpool.py:1050: InsecureRequestWarning: Unverified HTTPS request is being made to host 'estateably-todo.herokuapp.com'. Adding certificate verification is strongly advised. See: https://urllib3.readthedocs.io/en/1.26.x/advanced-usage.html#ssl-warnings
  InsecureRequestWarning,</msg>
<msg timestamp="20220614 12:18:52.165" level="INFO">${response} = &lt;Response [201]&gt;</msg>
<status status="PASS" starttime="20220614 12:18:51.992" endtime="20220614 12:18:52.165"/>
</kw>
<kw name="Convert To String" library="BuiltIn">
<var>${status_code}</var>
<arg>${response.status_code}</arg>
<doc>Converts the given item to a Unicode string.</doc>
<msg timestamp="20220614 12:18:52.167" level="INFO">${status_code} = 201</msg>
<status status="PASS" starttime="20220614 12:18:52.165" endtime="20220614 12:18:52.167"/>
</kw>
<kw name="Should Be Equal" library="BuiltIn">
<arg>${status_code}</arg>
<arg>201</arg>
<doc>Fails if the given objects are unequal.</doc>
<status status="PASS" starttime="20220614 12:18:52.167" endtime="20220614 12:18:52.167"/>
</kw>
<kw name="Dictionary Should Contain Value" library="Collections">
<arg>${response.json()}</arg>
<arg>${name}</arg>
<doc>Fails if ``value`` is not found from ``dictionary``.</doc>
<status status="PASS" starttime="20220614 12:18:52.168" endtime="20220614 12:18:52.169"/>
</kw>
<kw name="Dictionary Should Contain Value" library="Collections">
<arg>${response.json()}</arg>
<arg>${v1}</arg>
<doc>Fails if ``value`` is not found from ``dictionary``.</doc>
<status status="PASS" starttime="20220614 12:18:52.169" endtime="20220614 12:18:52.171"/>
</kw>
<kw name="Dictionary Should Contain Value" library="Collections">
<arg>${response.json()}</arg>
<arg>${v2}</arg>
<doc>Fails if ``value`` is not found from ``dictionary``.</doc>
<status status="PASS" starttime="20220614 12:18:52.171" endtime="20220614 12:18:52.172"/>
</kw>
<kw name="Dictionary Should Contain Value" library="Collections">
<arg>${response.json()}</arg>
<arg>${value}</arg>
<doc>Fails if ``value`` is not found from ``dictionary``.</doc>
<status status="PASS" starttime="20220614 12:18:52.172" endtime="20220614 12:18:52.173"/>
</kw>
<kw name="Dictionary Should Contain Value" library="Collections">
<arg>${response.json()}</arg>
<arg>${date}</arg>
<doc>Fails if ``value`` is not found from ``dictionary``.</doc>
<status status="PASS" starttime="20220614 12:18:52.174" endtime="20220614 12:18:52.175"/>
</kw>
<kw name="Dictionary Should Contain Key" library="Collections">
<arg>${response.json()}</arg>
<arg>id</arg>
<doc>Fails if ``key`` is not found from ``dictionary``.</doc>
<status status="PASS" starttime="20220614 12:18:52.175" endtime="20220614 12:18:52.177"/>
</kw>
<kw name="Get From Dictionary" library="Collections">
<var>${id}</var>
<arg>${response.json()}</arg>
<arg>id</arg>
<doc>Returns a value from the given ``dictionary`` based on the given ``key``.</doc>
<msg timestamp="20220614 12:18:52.179" level="INFO">${id} = 56ab7d3b-d0ae-43d1-9547-abad88f94aa7</msg>
<status status="PASS" starttime="20220614 12:18:52.177" endtime="20220614 12:18:52.179"/>
</kw>
<kw name="Append To List" library="Collections">
<arg>${IDS}</arg>
<arg>${id}</arg>
<doc>Adds ``values`` to the end of ``list``.</doc>
<status status="PASS" starttime="20220614 12:18:52.179" endtime="20220614 12:18:52.179"/>
</kw>
<status status="PASS" starttime="20220614 12:18:51.990" endtime="20220614 12:18:52.179"/>
</iter>
<iter>
<var name="${v2}">Income</var>
<kw name="Create Dictionary" library="BuiltIn">
<var>${body}</var>
<arg>name=${name}</arg>
<arg>category=${v1}</arg>
<arg>type=${v2}</arg>
<arg>value=${value}</arg>
<arg>date=${date}</arg>
<doc>Creates and returns a dictionary based on the given ``items``.</doc>
<msg timestamp="20220614 12:18:52.181" level="INFO">${body} = {'name': 'Burger Queen Order', 'category': 'House', 'type': 'Income', 'value': '25.9', 'date': '2022-06-11T12:46:02.937Z'}</msg>
<status status="PASS" starttime="20220614 12:18:52.179" endtime="20220614 12:18:52.181"/>
</kw>
<kw name="POST On Session" library="RequestsLibrary">
<var>${response}</var>
<arg>Add_Data</arg>
<arg>${relative_transactions_url}</arg>
<arg>json=${body}</arg>
<doc>Sends a POST request on a previously created HTTP Session.</doc>
<msg timestamp="20220614 12:18:52.354" level="INFO">POST Request : url=https://estateably-todo.herokuapp.com/transactions 
 path_url=/transactions 
 headers={'User-Agent': 'python-requests/2.28.0', 'Accept-Encoding': 'gzip, deflate', 'Accept': '*/*', 'Connection': 'keep-alive', 'Content-Length': '122', 'Content-Type': 'application/json'} 
 body=b'{"name": "Burger Queen Order", "category": "House", "type": "Income", "value": "25.9", "date": "2022-06-11T12:46:02.937Z"}' 
 </msg>
<msg timestamp="20220614 12:18:52.355" level="INFO">POST Response : url=https://estateably-todo.herokuapp.com/transactions 
 status=201, reason=Created 
 headers={'Server': 'Cowboy', 'Connection': 'keep-alive', 'X-Powered-By': 'Express', 'Access-Control-Allow-Origin': '*', 'Content-Type': 'application/json; charset=utf-8', 'Content-Length': '157', 'Etag': 'W/"9d-1UAUU/G8LMhc5Fo/uZcPaNXUA0c"', 'Date': 'Tue, 14 Jun 2022 15:18:52 GMT', 'Via': '1.1 vegur'} 
 body={"name":"Burger Queen Order","type":"Income","category":"House","value":"25.9","date":"2022-06-11T12:46:02.937Z","id":"ad9b1bab-e24a-4dca-aba3-04d8d5083058"} 
 </msg>
<msg timestamp="20220614 12:18:52.355" level="INFO">c:\users\reginaldo\pycharmprojects\qachallengeestateably\venv\lib\site-packages\urllib3\connectionpool.py:1050: InsecureRequestWarning: Unverified HTTPS request is being made to host 'estateably-todo.herokuapp.com'. Adding certificate verification is strongly advised. See: https://urllib3.readthedocs.io/en/1.26.x/advanced-usage.html#ssl-warnings
  InsecureRequestWarning,</msg>
<msg timestamp="20220614 12:18:52.355" level="INFO">${response} = &lt;Response [201]&gt;</msg>
<status status="PASS" starttime="20220614 12:18:52.181" endtime="20220614 12:18:52.355"/>
</kw>
<kw name="Convert To String" library="BuiltIn">
<var>${status_code}</var>
<arg>${response.status_code}</arg>
<doc>Converts the given item to a Unicode string.</doc>
<msg timestamp="20220614 12:18:52.357" level="INFO">${status_code} = 201</msg>
<status status="PASS" starttime="20220614 12:18:52.356" endtime="20220614 12:18:52.357"/>
</kw>
<kw name="Should Be Equal" library="BuiltIn">
<arg>${status_code}</arg>
<arg>201</arg>
<doc>Fails if the given objects are unequal.</doc>
<status status="PASS" starttime="20220614 12:18:52.357" endtime="20220614 12:18:52.358"/>
</kw>
<kw name="Dictionary Should Contain Value" library="Collections">
<arg>${response.json()}</arg>
<arg>${name}</arg>
<doc>Fails if ``value`` is not found from ``dictionary``.</doc>
<status status="PASS" starttime="20220614 12:18:52.358" endtime="20220614 12:18:52.359"/>
</kw>
<kw name="Dictionary Should Contain Value" library="Collections">
<arg>${response.json()}</arg>
<arg>${v1}</arg>
<doc>Fails if ``value`` is not found from ``dictionary``.</doc>
<status status="PASS" starttime="20220614 12:18:52.359" endtime="20220614 12:18:52.360"/>
</kw>
<kw name="Dictionary Should Contain Value" library="Collections">
<arg>${response.json()}</arg>
<arg>${v2}</arg>
<doc>Fails if ``value`` is not found from ``dictionary``.</doc>
<status status="PASS" starttime="20220614 12:18:52.361" endtime="20220614 12:18:52.362"/>
</kw>
<kw name="Dictionary Should Contain Value" library="Collections">
<arg>${response.json()}</arg>
<arg>${value}</arg>
<doc>Fails if ``value`` is not found from ``dictionary``.</doc>
<status status="PASS" starttime="20220614 12:18:52.362" endtime="20220614 12:18:52.363"/>
</kw>
<kw name="Dictionary Should Contain Value" library="Collections">
<arg>${response.json()}</arg>
<arg>${date}</arg>
<doc>Fails if ``value`` is not found from ``dictionary``.</doc>
<status status="PASS" starttime="20220614 12:18:52.363" endtime="20220614 12:18:52.365"/>
</kw>
<kw name="Dictionary Should Contain Key" library="Collections">
<arg>${response.json()}</arg>
<arg>id</arg>
<doc>Fails if ``key`` is not found from ``dictionary``.</doc>
<status status="PASS" starttime="20220614 12:18:52.365" endtime="20220614 12:18:52.366"/>
</kw>
<kw name="Get From Dictionary" library="Collections">
<var>${id}</var>
<arg>${response.json()}</arg>
<arg>id</arg>
<doc>Returns a value from the given ``dictionary`` based on the given ``key``.</doc>
<msg timestamp="20220614 12:18:52.367" level="INFO">${id} = ad9b1bab-e24a-4dca-aba3-04d8d5083058</msg>
<status status="PASS" starttime="20220614 12:18:52.366" endtime="20220614 12:18:52.367"/>
</kw>
<kw name="Append To List" library="Collections">
<arg>${IDS}</arg>
<arg>${id}</arg>
<doc>Adds ``values`` to the end of ``list``.</doc>
<status status="PASS" starttime="20220614 12:18:52.367" endtime="20220614 12:18:52.368"/>
</kw>
<status status="PASS" starttime="20220614 12:18:52.179" endtime="20220614 12:18:52.368"/>
</iter>
<status status="PASS" starttime="20220614 12:18:51.990" endtime="20220614 12:18:52.368"/>
</for>
<status status="PASS" starttime="20220614 12:18:51.990" endtime="20220614 12:18:52.368"/>
</iter>
<iter>
<var name="${v1}">Other</var>
<for flavor="IN">
<var>${v2}</var>
<value>@{TYPES}</value>
<iter>
<var name="${v2}">Expense</var>
<kw name="Create Dictionary" library="BuiltIn">
<var>${body}</var>
<arg>name=${name}</arg>
<arg>category=${v1}</arg>
<arg>type=${v2}</arg>
<arg>value=${value}</arg>
<arg>date=${date}</arg>
<doc>Creates and returns a dictionary based on the given ``items``.</doc>
<msg timestamp="20220614 12:18:52.369" level="INFO">${body} = {'name': 'Burger Queen Order', 'category': 'Other', 'type': 'Expense', 'value': '25.9', 'date': '2022-06-11T12:46:02.937Z'}</msg>
<status status="PASS" starttime="20220614 12:18:52.368" endtime="20220614 12:18:52.369"/>
</kw>
<kw name="POST On Session" library="RequestsLibrary">
<var>${response}</var>
<arg>Add_Data</arg>
<arg>${relative_transactions_url}</arg>
<arg>json=${body}</arg>
<doc>Sends a POST request on a previously created HTTP Session.</doc>
<msg timestamp="20220614 12:18:52.545" level="INFO">POST Request : url=https://estateably-todo.herokuapp.com/transactions 
 path_url=/transactions 
 headers={'User-Agent': 'python-requests/2.28.0', 'Accept-Encoding': 'gzip, deflate', 'Accept': '*/*', 'Connection': 'keep-alive', 'Content-Length': '123', 'Content-Type': 'application/json'} 
 body=b'{"name": "Burger Queen Order", "category": "Other", "type": "Expense", "value": "25.9", "date": "2022-06-11T12:46:02.937Z"}' 
 </msg>
<msg timestamp="20220614 12:18:52.545" level="INFO">POST Response : url=https://estateably-todo.herokuapp.com/transactions 
 status=201, reason=Created 
 headers={'Server': 'Cowboy', 'Connection': 'keep-alive', 'X-Powered-By': 'Express', 'Access-Control-Allow-Origin': '*', 'Content-Type': 'application/json; charset=utf-8', 'Content-Length': '158', 'Etag': 'W/"9e-JkW0WM46roNOtMXD51+zNJfYF6U"', 'Date': 'Tue, 14 Jun 2022 15:18:52 GMT', 'Via': '1.1 vegur'} 
 body={"name":"Burger Queen Order","type":"Expense","category":"Other","value":"25.9","date":"2022-06-11T12:46:02.937Z","id":"d072b907-c3e8-4e47-bc4e-b3412e6c5a59"} 
 </msg>
<msg timestamp="20220614 12:18:52.545" level="INFO">c:\users\reginaldo\pycharmprojects\qachallengeestateably\venv\lib\site-packages\urllib3\connectionpool.py:1050: InsecureRequestWarning: Unverified HTTPS request is being made to host 'estateably-todo.herokuapp.com'. Adding certificate verification is strongly advised. See: https://urllib3.readthedocs.io/en/1.26.x/advanced-usage.html#ssl-warnings
  InsecureRequestWarning,</msg>
<msg timestamp="20220614 12:18:52.545" level="INFO">${response} = &lt;Response [201]&gt;</msg>
<status status="PASS" starttime="20220614 12:18:52.370" endtime="20220614 12:18:52.546"/>
</kw>
<kw name="Convert To String" library="BuiltIn">
<var>${status_code}</var>
<arg>${response.status_code}</arg>
<doc>Converts the given item to a Unicode string.</doc>
<msg timestamp="20220614 12:18:52.547" level="INFO">${status_code} = 201</msg>
<status status="PASS" starttime="20220614 12:18:52.546" endtime="20220614 12:18:52.547"/>
</kw>
<kw name="Should Be Equal" library="BuiltIn">
<arg>${status_code}</arg>
<arg>201</arg>
<doc>Fails if the given objects are unequal.</doc>
<status status="PASS" starttime="20220614 12:18:52.547" endtime="20220614 12:18:52.548"/>
</kw>
<kw name="Dictionary Should Contain Value" library="Collections">
<arg>${response.json()}</arg>
<arg>${name}</arg>
<doc>Fails if ``value`` is not found from ``dictionary``.</doc>
<status status="PASS" starttime="20220614 12:18:52.548" endtime="20220614 12:18:52.549"/>
</kw>
<kw name="Dictionary Should Contain Value" library="Collections">
<arg>${response.json()}</arg>
<arg>${v1}</arg>
<doc>Fails if ``value`` is not found from ``dictionary``.</doc>
<status status="PASS" starttime="20220614 12:18:52.549" endtime="20220614 12:18:52.551"/>
</kw>
<kw name="Dictionary Should Contain Value" library="Collections">
<arg>${response.json()}</arg>
<arg>${v2}</arg>
<doc>Fails if ``value`` is not found from ``dictionary``.</doc>
<status status="PASS" starttime="20220614 12:18:52.551" endtime="20220614 12:18:52.552"/>
</kw>
<kw name="Dictionary Should Contain Value" library="Collections">
<arg>${response.json()}</arg>
<arg>${value}</arg>
<doc>Fails if ``value`` is not found from ``dictionary``.</doc>
<status status="PASS" starttime="20220614 12:18:52.552" endtime="20220614 12:18:52.553"/>
</kw>
<kw name="Dictionary Should Contain Value" library="Collections">
<arg>${response.json()}</arg>
<arg>${date}</arg>
<doc>Fails if ``value`` is not found from ``dictionary``.</doc>
<status status="PASS" starttime="20220614 12:18:52.553" endtime="20220614 12:18:52.555"/>
</kw>
<kw name="Dictionary Should Contain Key" library="Collections">
<arg>${response.json()}</arg>
<arg>id</arg>
<doc>Fails if ``key`` is not found from ``dictionary``.</doc>
<status status="PASS" starttime="20220614 12:18:52.555" endtime="20220614 12:18:52.556"/>
</kw>
<kw name="Get From Dictionary" library="Collections">
<var>${id}</var>
<arg>${response.json()}</arg>
<arg>id</arg>
<doc>Returns a value from the given ``dictionary`` based on the given ``key``.</doc>
<msg timestamp="20220614 12:18:52.557" level="INFO">${id} = d072b907-c3e8-4e47-bc4e-b3412e6c5a59</msg>
<status status="PASS" starttime="20220614 12:18:52.556" endtime="20220614 12:18:52.557"/>
</kw>
<kw name="Append To List" library="Collections">
<arg>${IDS}</arg>
<arg>${id}</arg>
<doc>Adds ``values`` to the end of ``list``.</doc>
<status status="PASS" starttime="20220614 12:18:52.557" endtime="20220614 12:18:52.558"/>
</kw>
<status status="PASS" starttime="20220614 12:18:52.368" endtime="20220614 12:18:52.558"/>
</iter>
<iter>
<var name="${v2}">Income</var>
<kw name="Create Dictionary" library="BuiltIn">
<var>${body}</var>
<arg>name=${name}</arg>
<arg>category=${v1}</arg>
<arg>type=${v2}</arg>
<arg>value=${value}</arg>
<arg>date=${date}</arg>
<doc>Creates and returns a dictionary based on the given ``items``.</doc>
<msg timestamp="20220614 12:18:52.559" level="INFO">${body} = {'name': 'Burger Queen Order', 'category': 'Other', 'type': 'Income', 'value': '25.9', 'date': '2022-06-11T12:46:02.937Z'}</msg>
<status status="PASS" starttime="20220614 12:18:52.558" endtime="20220614 12:18:52.559"/>
</kw>
<kw name="POST On Session" library="RequestsLibrary">
<var>${response}</var>
<arg>Add_Data</arg>
<arg>${relative_transactions_url}</arg>
<arg>json=${body}</arg>
<doc>Sends a POST request on a previously created HTTP Session.</doc>
<msg timestamp="20220614 12:18:52.733" level="INFO">POST Request : url=https://estateably-todo.herokuapp.com/transactions 
 path_url=/transactions 
 headers={'User-Agent': 'python-requests/2.28.0', 'Accept-Encoding': 'gzip, deflate', 'Accept': '*/*', 'Connection': 'keep-alive', 'Content-Length': '122', 'Content-Type': 'application/json'} 
 body=b'{"name": "Burger Queen Order", "category": "Other", "type": "Income", "value": "25.9", "date": "2022-06-11T12:46:02.937Z"}' 
 </msg>
<msg timestamp="20220614 12:18:52.733" level="INFO">POST Response : url=https://estateably-todo.herokuapp.com/transactions 
 status=201, reason=Created 
 headers={'Server': 'Cowboy', 'Connection': 'keep-alive', 'X-Powered-By': 'Express', 'Access-Control-Allow-Origin': '*', 'Content-Type': 'application/json; charset=utf-8', 'Content-Length': '157', 'Etag': 'W/"9d-Uz61HXJL0+33ffYK9uGwElYrTWA"', 'Date': 'Tue, 14 Jun 2022 15:18:52 GMT', 'Via': '1.1 vegur'} 
 body={"name":"Burger Queen Order","type":"Income","category":"Other","value":"25.9","date":"2022-06-11T12:46:02.937Z","id":"65f57f76-de51-43cf-980a-d200335849e6"} 
 </msg>
<msg timestamp="20220614 12:18:52.733" level="INFO">c:\users\reginaldo\pycharmprojects\qachallengeestateably\venv\lib\site-packages\urllib3\connectionpool.py:1050: InsecureRequestWarning: Unverified HTTPS request is being made to host 'estateably-todo.herokuapp.com'. Adding certificate verification is strongly advised. See: https://urllib3.readthedocs.io/en/1.26.x/advanced-usage.html#ssl-warnings
  InsecureRequestWarning,</msg>
<msg timestamp="20220614 12:18:52.734" level="INFO">${response} = &lt;Response [201]&gt;</msg>
<status status="PASS" starttime="20220614 12:18:52.559" endtime="20220614 12:18:52.734"/>
</kw>
<kw name="Convert To String" library="BuiltIn">
<var>${status_code}</var>
<arg>${response.status_code}</arg>
<doc>Converts the given item to a Unicode string.</doc>
<msg timestamp="20220614 12:18:52.735" level="INFO">${status_code} = 201</msg>
<status status="PASS" starttime="20220614 12:18:52.734" endtime="20220614 12:18:52.735"/>
</kw>
<kw name="Should Be Equal" library="BuiltIn">
<arg>${status_code}</arg>
<arg>201</arg>
<doc>Fails if the given objects are unequal.</doc>
<status status="PASS" starttime="20220614 12:18:52.735" endtime="20220614 12:18:52.736"/>
</kw>
<kw name="Dictionary Should Contain Value" library="Collections">
<arg>${response.json()}</arg>
<arg>${name}</arg>
<doc>Fails if ``value`` is not found from ``dictionary``.</doc>
<status status="PASS" starttime="20220614 12:18:52.736" endtime="20220614 12:18:52.737"/>
</kw>
<kw name="Dictionary Should Contain Value" library="Collections">
<arg>${response.json()}</arg>
<arg>${v1}</arg>
<doc>Fails if ``value`` is not found from ``dictionary``.</doc>
<status status="PASS" starttime="20220614 12:18:52.737" endtime="20220614 12:18:52.739"/>
</kw>
<kw name="Dictionary Should Contain Value" library="Collections">
<arg>${response.json()}</arg>
<arg>${v2}</arg>
<doc>Fails if ``value`` is not found from ``dictionary``.</doc>
<status status="PASS" starttime="20220614 12:18:52.739" endtime="20220614 12:18:52.740"/>
</kw>
<kw name="Dictionary Should Contain Value" library="Collections">
<arg>${response.json()}</arg>
<arg>${value}</arg>
<doc>Fails if ``value`` is not found from ``dictionary``.</doc>
<status status="PASS" starttime="20220614 12:18:52.740" endtime="20220614 12:18:52.741"/>
</kw>
<kw name="Dictionary Should Contain Value" library="Collections">
<arg>${response.json()}</arg>
<arg>${date}</arg>
<doc>Fails if ``value`` is not found from ``dictionary``.</doc>
<status status="PASS" starttime="20220614 12:18:52.741" endtime="20220614 12:18:52.743"/>
</kw>
<kw name="Dictionary Should Contain Key" library="Collections">
<arg>${response.json()}</arg>
<arg>id</arg>
<doc>Fails if ``key`` is not found from ``dictionary``.</doc>
<status status="PASS" starttime="20220614 12:18:52.743" endtime="20220614 12:18:52.744"/>
</kw>
<kw name="Get From Dictionary" library="Collections">
<var>${id}</var>
<arg>${response.json()}</arg>
<arg>id</arg>
<doc>Returns a value from the given ``dictionary`` based on the given ``key``.</doc>
<msg timestamp="20220614 12:18:52.745" level="INFO">${id} = 65f57f76-de51-43cf-980a-d200335849e6</msg>
<status status="PASS" starttime="20220614 12:18:52.744" endtime="20220614 12:18:52.745"/>
</kw>
<kw name="Append To List" library="Collections">
<arg>${IDS}</arg>
<arg>${id}</arg>
<doc>Adds ``values`` to the end of ``list``.</doc>
<status status="PASS" starttime="20220614 12:18:52.746" endtime="20220614 12:18:52.746"/>
</kw>
<status status="PASS" starttime="20220614 12:18:52.558" endtime="20220614 12:18:52.746"/>
</iter>
<status status="PASS" starttime="20220614 12:18:52.368" endtime="20220614 12:18:52.746"/>
</for>
<status status="PASS" starttime="20220614 12:18:52.368" endtime="20220614 12:18:52.746"/>
</iter>
<status status="PASS" starttime="20220614 12:18:50.214" endtime="20220614 12:18:52.746"/>
</for>
<status status="PASS" starttime="20220614 12:18:50.213" endtime="20220614 12:18:52.746"/>
</kw>
<kw name="Print IDS">
<for flavor="IN">
<var>${i}</var>
<value>@{IDS}</value>
<iter>
<var name="${i}">e81c64ae-9d17-4fda-8709-cbb0311db7ca</var>
<kw name="Log To Console" library="BuiltIn">
<arg>${i}</arg>
<doc>Logs the given message to the console.</doc>
<status status="PASS" starttime="20220614 12:18:52.748" endtime="20220614 12:18:52.748"/>
</kw>
<status status="PASS" starttime="20220614 12:18:52.747" endtime="20220614 12:18:52.748"/>
</iter>
<iter>
<var name="${i}">067185ae-3479-4e04-9e60-0b3c611e6862</var>
<kw name="Log To Console" library="BuiltIn">
<arg>${i}</arg>
<doc>Logs the given message to the console.</doc>
<status status="PASS" starttime="20220614 12:18:52.748" endtime="20220614 12:18:52.749"/>
</kw>
<status status="PASS" starttime="20220614 12:18:52.748" endtime="20220614 12:18:52.749"/>
</iter>
<iter>
<var name="${i}">3f0e98d9-7617-405e-b7d0-d121e2a18772</var>
<kw name="Log To Console" library="BuiltIn">
<arg>${i}</arg>
<doc>Logs the given message to the console.</doc>
<status status="PASS" starttime="20220614 12:18:52.749" endtime="20220614 12:18:52.750"/>
</kw>
<status status="PASS" starttime="20220614 12:18:52.749" endtime="20220614 12:18:52.750"/>
</iter>
<iter>
<var name="${i}">fbae0bc6-d3fd-4387-b4fe-27351187c495</var>
<kw name="Log To Console" library="BuiltIn">
<arg>${i}</arg>
<doc>Logs the given message to the console.</doc>
<status status="PASS" starttime="20220614 12:18:52.750" endtime="20220614 12:18:52.750"/>
</kw>
<status status="PASS" starttime="20220614 12:18:52.750" endtime="20220614 12:18:52.750"/>
</iter>
<iter>
<var name="${i}">40950ec4-5b3a-418c-b6f2-1a1fccb3b818</var>
<kw name="Log To Console" library="BuiltIn">
<arg>${i}</arg>
<doc>Logs the given message to the console.</doc>
<status status="PASS" starttime="20220614 12:18:52.751" endtime="20220614 12:18:52.751"/>
</kw>
<status status="PASS" starttime="20220614 12:18:52.751" endtime="20220614 12:18:52.751"/>
</iter>
<iter>
<var name="${i}">74225670-f0e8-4a77-b3e6-52e89a7e44cf</var>
<kw name="Log To Console" library="BuiltIn">
<arg>${i}</arg>
<doc>Logs the given message to the console.</doc>
<status status="PASS" starttime="20220614 12:18:52.752" endtime="20220614 12:18:52.752"/>
</kw>
<status status="PASS" starttime="20220614 12:18:52.751" endtime="20220614 12:18:52.752"/>
</iter>
<iter>
<var name="${i}">56ab7d3b-d0ae-43d1-9547-abad88f94aa7</var>
<kw name="Log To Console" library="BuiltIn">
<arg>${i}</arg>
<doc>Logs the given message to the console.</doc>
<status status="PASS" starttime="20220614 12:18:52.752" endtime="20220614 12:18:52.753"/>
</kw>
<status status="PASS" starttime="20220614 12:18:52.752" endtime="20220614 12:18:52.753"/>
</iter>
<iter>
<var name="${i}">ad9b1bab-e24a-4dca-aba3-04d8d5083058</var>
<kw name="Log To Console" library="BuiltIn">
<arg>${i}</arg>
<doc>Logs the given message to the console.</doc>
<status status="PASS" starttime="20220614 12:18:52.753" endtime="20220614 12:18:52.754"/>
</kw>
<status status="PASS" starttime="20220614 12:18:52.753" endtime="20220614 12:18:52.754"/>
</iter>
<iter>
<var name="${i}">d072b907-c3e8-4e47-bc4e-b3412e6c5a59</var>
<kw name="Log To Console" library="BuiltIn">
<arg>${i}</arg>
<doc>Logs the given message to the console.</doc>
<status status="PASS" starttime="20220614 12:18:52.754" endtime="20220614 12:18:52.755"/>
</kw>
<status status="PASS" starttime="20220614 12:18:52.754" endtime="20220614 12:18:52.755"/>
</iter>
<iter>
<var name="${i}">65f57f76-de51-43cf-980a-d200335849e6</var>
<kw name="Log To Console" library="BuiltIn">
<arg>${i}</arg>
<doc>Logs the given message to the console.</doc>
<status status="PASS" starttime="20220614 12:18:52.755" endtime="20220614 12:18:52.756"/>
</kw>
<status status="PASS" starttime="20220614 12:18:52.755" endtime="20220614 12:18:52.756"/>
</iter>
<status status="PASS" starttime="20220614 12:18:52.747" endtime="20220614 12:18:52.756"/>
</for>
<status status="PASS" starttime="20220614 12:18:52.747" endtime="20220614 12:18:52.756"/>
</kw>
<kw name="Save in a File">
<for flavor="IN">
<var>${data}</var>
<value>@{IDS}</value>
<iter>
<var name="${data}">e81c64ae-9d17-4fda-8709-cbb0311db7ca</var>
<kw name="Append To File" library="OperatingSystem">
<arg>${FILE_DIR}</arg>
<arg>${data}\n</arg>
<doc>Appends the given content to the specified file.</doc>
<msg timestamp="20220614 12:18:52.758" level="INFO" html="true">Appended to file '&lt;a href="file://C:\Users\Reginaldo\PycharmProjects\QAchallengeEstateably\Resources\ids.txt"&gt;C:\Users\Reginaldo\PycharmProjects\QAchallengeEstateably\Resources\ids.txt&lt;/a&gt;'.</msg>
<status status="PASS" starttime="20220614 12:18:52.757" endtime="20220614 12:18:52.758"/>
</kw>
<status status="PASS" starttime="20220614 12:18:52.757" endtime="20220614 12:18:52.759"/>
</iter>
<iter>
<var name="${data}">067185ae-3479-4e04-9e60-0b3c611e6862</var>
<kw name="Append To File" library="OperatingSystem">
<arg>${FILE_DIR}</arg>
<arg>${data}\n</arg>
<doc>Appends the given content to the specified file.</doc>
<msg timestamp="20220614 12:18:52.760" level="INFO" html="true">Appended to file '&lt;a href="file://C:\Users\Reginaldo\PycharmProjects\QAchallengeEstateably\Resources\ids.txt"&gt;C:\Users\Reginaldo\PycharmProjects\QAchallengeEstateably\Resources\ids.txt&lt;/a&gt;'.</msg>
<status status="PASS" starttime="20220614 12:18:52.759" endtime="20220614 12:18:52.760"/>
</kw>
<status status="PASS" starttime="20220614 12:18:52.759" endtime="20220614 12:18:52.760"/>
</iter>
<iter>
<var name="${data}">3f0e98d9-7617-405e-b7d0-d121e2a18772</var>
<kw name="Append To File" library="OperatingSystem">
<arg>${FILE_DIR}</arg>
<arg>${data}\n</arg>
<doc>Appends the given content to the specified file.</doc>
<msg timestamp="20220614 12:18:52.762" level="INFO" html="true">Appended to file '&lt;a href="file://C:\Users\Reginaldo\PycharmProjects\QAchallengeEstateably\Resources\ids.txt"&gt;C:\Users\Reginaldo\PycharmProjects\QAchallengeEstateably\Resources\ids.txt&lt;/a&gt;'.</msg>
<status status="PASS" starttime="20220614 12:18:52.760" endtime="20220614 12:18:52.762"/>
</kw>
<status status="PASS" starttime="20220614 12:18:52.760" endtime="20220614 12:18:52.762"/>
</iter>
<iter>
<var name="${data}">fbae0bc6-d3fd-4387-b4fe-27351187c495</var>
<kw name="Append To File" library="OperatingSystem">
<arg>${FILE_DIR}</arg>
<arg>${data}\n</arg>
<doc>Appends the given content to the specified file.</doc>
<msg timestamp="20220614 12:18:52.763" level="INFO" html="true">Appended to file '&lt;a href="file://C:\Users\Reginaldo\PycharmProjects\QAchallengeEstateably\Resources\ids.txt"&gt;C:\Users\Reginaldo\PycharmProjects\QAchallengeEstateably\Resources\ids.txt&lt;/a&gt;'.</msg>
<status status="PASS" starttime="20220614 12:18:52.762" endtime="20220614 12:18:52.764"/>
</kw>
<status status="PASS" starttime="20220614 12:18:52.762" endtime="20220614 12:18:52.764"/>
</iter>
<iter>
<var name="${data}">40950ec4-5b3a-418c-b6f2-1a1fccb3b818</var>
<kw name="Append To File" library="OperatingSystem">
<arg>${FILE_DIR}</arg>
<arg>${data}\n</arg>
<doc>Appends the given content to the specified file.</doc>
<msg timestamp="20220614 12:18:52.765" level="INFO" html="true">Appended to file '&lt;a href="file://C:\Users\Reginaldo\PycharmProjects\QAchallengeEstateably\Resources\ids.txt"&gt;C:\Users\Reginaldo\PycharmProjects\QAchallengeEstateably\Resources\ids.txt&lt;/a&gt;'.</msg>
<status status="PASS" starttime="20220614 12:18:52.764" endtime="20220614 12:18:52.765"/>
</kw>
<status status="PASS" starttime="20220614 12:18:52.764" endtime="20220614 12:18:52.765"/>
</iter>
<iter>
<var name="${data}">74225670-f0e8-4a77-b3e6-52e89a7e44cf</var>
<kw name="Append To File" library="OperatingSystem">
<arg>${FILE_DIR}</arg>
<arg>${data}\n</arg>
<doc>Appends the given content to the specified file.</doc>
<msg timestamp="20220614 12:18:52.766" level="INFO" html="true">Appended to file '&lt;a href="file://C:\Users\Reginaldo\PycharmProjects\QAchallengeEstateably\Resources\ids.txt"&gt;C:\Users\Reginaldo\PycharmProjects\QAchallengeEstateably\Resources\ids.txt&lt;/a&gt;'.</msg>
<status status="PASS" starttime="20220614 12:18:52.765" endtime="20220614 12:18:52.767"/>
</kw>
<status status="PASS" starttime="20220614 12:18:52.765" endtime="20220614 12:18:52.767"/>
</iter>
<iter>
<var name="${data}">56ab7d3b-d0ae-43d1-9547-abad88f94aa7</var>
<kw name="Append To File" library="OperatingSystem">
<arg>${FILE_DIR}</arg>
<arg>${data}\n</arg>
<doc>Appends the given content to the specified file.</doc>
<msg timestamp="20220614 12:18:52.768" level="INFO" html="true">Appended to file '&lt;a href="file://C:\Users\Reginaldo\PycharmProjects\QAchallengeEstateably\Resources\ids.txt"&gt;C:\Users\Reginaldo\PycharmProjects\QAchallengeEstateably\Resources\ids.txt&lt;/a&gt;'.</msg>
<status status="PASS" starttime="20220614 12:18:52.767" endtime="20220614 12:18:52.768"/>
</kw>
<status status="PASS" starttime="20220614 12:18:52.767" endtime="20220614 12:18:52.768"/>
</iter>
<iter>
<var name="${data}">ad9b1bab-e24a-4dca-aba3-04d8d5083058</var>
<kw name="Append To File" library="OperatingSystem">
<arg>${FILE_DIR}</arg>
<arg>${data}\n</arg>
<doc>Appends the given content to the specified file.</doc>
<msg timestamp="20220614 12:18:52.770" level="INFO" html="true">Appended to file '&lt;a href="file://C:\Users\Reginaldo\PycharmProjects\QAchallengeEstateably\Resources\ids.txt"&gt;C:\Users\Reginaldo\PycharmProjects\QAchallengeEstateably\Resources\ids.txt&lt;/a&gt;'.</msg>
<status status="PASS" starttime="20220614 12:18:52.768" endtime="20220614 12:18:52.770"/>
</kw>
<status status="PASS" starttime="20220614 12:18:52.768" endtime="20220614 12:18:52.770"/>
</iter>
<iter>
<var name="${data}">d072b907-c3e8-4e47-bc4e-b3412e6c5a59</var>
<kw name="Append To File" library="OperatingSystem">
<arg>${FILE_DIR}</arg>
<arg>${data}\n</arg>
<doc>Appends the given content to the specified file.</doc>
<msg timestamp="20220614 12:18:52.771" level="INFO" html="true">Appended to file '&lt;a href="file://C:\Users\Reginaldo\PycharmProjects\QAchallengeEstateably\Resources\ids.txt"&gt;C:\Users\Reginaldo\PycharmProjects\QAchallengeEstateably\Resources\ids.txt&lt;/a&gt;'.</msg>
<status status="PASS" starttime="20220614 12:18:52.770" endtime="20220614 12:18:52.771"/>
</kw>
<status status="PASS" starttime="20220614 12:18:52.770" endtime="20220614 12:18:52.771"/>
</iter>
<iter>
<var name="${data}">65f57f76-de51-43cf-980a-d200335849e6</var>
<kw name="Append To File" library="OperatingSystem">
<arg>${FILE_DIR}</arg>
<arg>${data}\n</arg>
<doc>Appends the given content to the specified file.</doc>
<msg timestamp="20220614 12:18:52.773" level="INFO" html="true">Appended to file '&lt;a href="file://C:\Users\Reginaldo\PycharmProjects\QAchallengeEstateably\Resources\ids.txt"&gt;C:\Users\Reginaldo\PycharmProjects\QAchallengeEstateably\Resources\ids.txt&lt;/a&gt;'.</msg>
<status status="PASS" starttime="20220614 12:18:52.772" endtime="20220614 12:18:52.773"/>
</kw>
<status status="PASS" starttime="20220614 12:18:52.772" endtime="20220614 12:18:52.773"/>
</iter>
<status status="PASS" starttime="20220614 12:18:52.757" endtime="20220614 12:18:52.773"/>
</for>
<status status="PASS" starttime="20220614 12:18:52.756" endtime="20220614 12:18:52.773"/>
</kw>
<tag>POST</tag>
<tag>Regression</tag>
<status status="PASS" starttime="20220614 12:18:50.211" endtime="20220614 12:18:52.774"/>
</test>
<test id="s1-s1-t2" name="TC_01_02_Invalid_POST_Request" line="131">
<kw name="Create Session" library="RequestsLibrary">
<arg>Add_Data</arg>
<arg>${BASE_URL}</arg>
<doc>Create Session: create a HTTP session to a server</doc>
<msg timestamp="20220614 12:18:52.777" level="INFO">Creating Session using : alias=Add_Data, url=https://estateably-todo.herokuapp.com/, headers={},                     cookies={}, auth=None, timeout=None, proxies=None, verify=False,                     debug=0 </msg>
<status status="PASS" starttime="20220614 12:18:52.777" endtime="20220614 12:18:52.778"/>
</kw>
<kw name="Invalid POST create">
<var>${ret}</var>
<arg>name</arg>
<if>
<branch type="IF" condition="'${args}' == 'name'">
<kw name="Set Variable" library="BuiltIn">
<var>${name}</var>
<arg>${EMPTY}</arg>
<doc>Returns the given values which can then be assigned to a variables.</doc>
<msg timestamp="20220614 12:18:52.780" level="INFO">${name} = </msg>
<status status="PASS" starttime="20220614 12:18:52.779" endtime="20220614 12:18:52.780"/>
</kw>
<kw name="Set Variable" library="BuiltIn">
<var>${v1}</var>
<arg>${CATEGORIES}[0]</arg>
<doc>Returns the given values which can then be assigned to a variables.</doc>
<msg timestamp="20220614 12:18:52.781" level="INFO">${v1} = Salary</msg>
<status status="PASS" starttime="20220614 12:18:52.780" endtime="20220614 12:18:52.781"/>
</kw>
<kw name="Set Variable" library="BuiltIn">
<var>${v2}</var>
<arg>${TYPES}[0]</arg>
<doc>Returns the given values which can then be assigned to a variables.</doc>
<msg timestamp="20220614 12:18:52.781" level="INFO">${v2} = Expense</msg>
<status status="PASS" starttime="20220614 12:18:52.781" endtime="20220614 12:18:52.781"/>
</kw>
<status status="PASS" starttime="20220614 12:18:52.779" endtime="20220614 12:18:52.781"/>
</branch>
<branch type="ELSE IF" condition="'${args}' == 'category'">
<kw name="Set Variable" library="BuiltIn">
<var>${name}</var>
<arg>Burguer</arg>
<doc>Returns the given values which can then be assigned to a variables.</doc>
<status status="NOT RUN" starttime="20220614 12:18:52.782" endtime="20220614 12:18:52.782"/>
</kw>
<kw name="Set Variable" library="BuiltIn">
<var>${v1}</var>
<arg>${EMPTY}</arg>
<doc>Returns the given values which can then be assigned to a variables.</doc>
<status status="NOT RUN" starttime="20220614 12:18:52.782" endtime="20220614 12:18:52.782"/>
</kw>
<kw name="Set Variable" library="BuiltIn">
<var>${v2}</var>
<arg>${TYPES}[0]</arg>
<doc>Returns the given values which can then be assigned to a variables.</doc>
<status status="NOT RUN" starttime="20220614 12:18:52.782" endtime="20220614 12:18:52.782"/>
</kw>
<status status="NOT RUN" starttime="20220614 12:18:52.781" endtime="20220614 12:18:52.782"/>
</branch>
<branch type="ELSE IF" condition="'${args}' == 'type'">
<kw name="Set Variable" library="BuiltIn">
<var>${name}</var>
<arg>Burguer</arg>
<doc>Returns the given values which can then be assigned to a variables.</doc>
<status status="NOT RUN" starttime="20220614 12:18:52.782" endtime="20220614 12:18:52.782"/>
</kw>
<kw name="Set Variable" library="BuiltIn">
<var>${v1}</var>
<arg>${CATEGORIES}[0]</arg>
<doc>Returns the given values which can then be assigned to a variables.</doc>
<status status="NOT RUN" starttime="20220614 12:18:52.783" endtime="20220614 12:18:52.783"/>
</kw>
<kw name="Set Variable" library="BuiltIn">
<var>${v2}</var>
<arg>${EMPTY}</arg>
<doc>Returns the given values which can then be assigned to a variables.</doc>
<status status="NOT RUN" starttime="20220614 12:18:52.783" endtime="20220614 12:18:52.783"/>
</kw>
<status status="NOT RUN" starttime="20220614 12:18:52.782" endtime="20220614 12:18:52.783"/>
</branch>
<branch type="ELSE IF" condition="'${args}' == 'value'">
<kw name="Set Variable" library="BuiltIn">
<var>${name}</var>
<arg>Burguer</arg>
<doc>Returns the given values which can then be assigned to a variables.</doc>
<status status="NOT RUN" starttime="20220614 12:18:52.783" endtime="20220614 12:18:52.783"/>
</kw>
<kw name="Set Variable" library="BuiltIn">
<var>${v1}</var>
<arg>${CATEGORIES}[0]</arg>
<doc>Returns the given values which can then be assigned to a variables.</doc>
<status status="NOT RUN" starttime="20220614 12:18:52.783" endtime="20220614 12:18:52.783"/>
</kw>
<kw name="Set Variable" library="BuiltIn">
<var>${v2}</var>
<arg>${TYPES}[0]</arg>
<doc>Returns the given values which can then be assigned to a variables.</doc>
<status status="NOT RUN" starttime="20220614 12:18:52.784" endtime="20220614 12:18:52.784"/>
</kw>
<kw name="Set Variable" library="BuiltIn">
<var>${value}</var>
<arg>${EMPTY}</arg>
<doc>Returns the given values which can then be assigned to a variables.</doc>
<status status="NOT RUN" starttime="20220614 12:18:52.784" endtime="20220614 12:18:52.784"/>
</kw>
<status status="NOT RUN" starttime="20220614 12:18:52.783" endtime="20220614 12:18:52.784"/>
</branch>
<branch type="ELSE IF" condition="'${args}' == 'date'">
<kw name="Set Variable" library="BuiltIn">
<var>${name}</var>
<arg>Burguer</arg>
<doc>Returns the given values which can then be assigned to a variables.</doc>
<status status="NOT RUN" starttime="20220614 12:18:52.784" endtime="20220614 12:18:52.784"/>
</kw>
<kw name="Set Variable" library="BuiltIn">
<var>${v1}</var>
<arg>${CATEGORIES}[0]</arg>
<doc>Returns the given values which can then be assigned to a variables.</doc>
<status status="NOT RUN" starttime="20220614 12:18:52.784" endtime="20220614 12:18:52.784"/>
</kw>
<kw name="Set Variable" library="BuiltIn">
<var>${v2}</var>
<arg>${TYPES}[0]</arg>
<doc>Returns the given values which can then be assigned to a variables.</doc>
<status status="NOT RUN" starttime="20220614 12:18:52.785" endtime="20220614 12:18:52.785"/>
</kw>
<kw name="Set Variable" library="BuiltIn">
<var>${value}</var>
<arg>12.32</arg>
<doc>Returns the given values which can then be assigned to a variables.</doc>
<status status="NOT RUN" starttime="20220614 12:18:52.785" endtime="20220614 12:18:52.785"/>
</kw>
<kw name="Set Variable" library="BuiltIn">
<var>${date}</var>
<arg>${EMPTY}</arg>
<doc>Returns the given values which can then be assigned to a variables.</doc>
<status status="NOT RUN" starttime="20220614 12:18:52.785" endtime="20220614 12:18:52.785"/>
</kw>
<status status="NOT RUN" starttime="20220614 12:18:52.784" endtime="20220614 12:18:52.785"/>
</branch>
<branch type="ELSE IF" condition="'${args}' == 'wrong_date'">
<kw name="Set Variable" library="BuiltIn">
<var>${name}</var>
<arg>Burguer</arg>
<doc>Returns the given values which can then be assigned to a variables.</doc>
<status status="NOT RUN" starttime="20220614 12:18:52.785" endtime="20220614 12:18:52.786"/>
</kw>
<kw name="Set Variable" library="BuiltIn">
<var>${v1}</var>
<arg>${CATEGORIES}[0]</arg>
<doc>Returns the given values which can then be assigned to a variables.</doc>
<status status="NOT RUN" starttime="20220614 12:18:52.786" endtime="20220614 12:18:52.786"/>
</kw>
<kw name="Set Variable" library="BuiltIn">
<var>${v2}</var>
<arg>${TYPES}[0]</arg>
<doc>Returns the given values which can then be assigned to a variables.</doc>
<status status="NOT RUN" starttime="20220614 12:18:52.786" endtime="20220614 12:18:52.786"/>
</kw>
<kw name="Set Variable" library="BuiltIn">
<var>${value}</var>
<arg>12.32</arg>
<doc>Returns the given values which can then be assigned to a variables.</doc>
<status status="NOT RUN" starttime="20220614 12:18:52.786" endtime="20220614 12:18:52.786"/>
</kw>
<kw name="Set Variable" library="BuiltIn">
<var>${date}</var>
<arg>1234</arg>
<doc>Returns the given values which can then be assigned to a variables.</doc>
<status status="NOT RUN" starttime="20220614 12:18:52.786" endtime="20220614 12:18:52.787"/>
</kw>
<status status="NOT RUN" starttime="20220614 12:18:52.785" endtime="20220614 12:18:52.787"/>
</branch>
<status status="PASS" starttime="20220614 12:18:52.778" endtime="20220614 12:18:52.787"/>
</if>
<kw name="Create Dictionary" library="BuiltIn">
<var>${body}</var>
<arg>name=${name}</arg>
<arg>category=${v1}</arg>
<arg>type=${v2}</arg>
<arg>value=${value}</arg>
<arg>date=${date}</arg>
<doc>Creates and returns a dictionary based on the given ``items``.</doc>
<msg timestamp="20220614 12:18:52.788" level="INFO">${body} = {'name': '', 'category': 'Salary', 'type': 'Expense', 'value': '25.9', 'date': '2022-06-11T12:46:02.937Z'}</msg>
<status status="PASS" starttime="20220614 12:18:52.787" endtime="20220614 12:18:52.788"/>
</kw>
<kw name="Post Request" library="RequestsLibrary">
<var>${response}</var>
<arg>Add_Data</arg>
<arg>${relative_transactions_url}</arg>
<arg>json=${body}</arg>
<doc>*DEPRECATED* Please use `POST On Session` instead.</doc>
<msg timestamp="20220614 12:18:52.788" level="WARN">Keyword 'RequestsLibrary.Post Request' is deprecated. Please use `POST On Session` instead.</msg>
<msg timestamp="20220614 12:18:53.434" level="INFO">POST Request : url=https://estateably-todo.herokuapp.com/transactions 
 path_url=/transactions 
 headers={'User-Agent': 'python-requests/2.28.0', 'Accept-Encoding': 'gzip, deflate', 'Accept': '*/*', 'Connection': 'keep-alive', 'Content-Length': '106', 'Content-Type': 'application/json'} 
 body=b'{"name": "", "category": "Salary", "type": "Expense", "value": "25.9", "date": "2022-06-11T12:46:02.937Z"}' 
 </msg>
<msg timestamp="20220614 12:18:53.434" level="INFO">POST Response : url=https://estateably-todo.herokuapp.com/transactions 
 status=400, reason=Bad Request 
 headers={'Server': 'Cowboy', 'Connection': 'keep-alive', 'X-Powered-By': 'Express', 'Access-Control-Allow-Origin': '*', 'Content-Type': 'application/json; charset=utf-8', 'Content-Length': '71', 'Etag': 'W/"47-+vLEBMT82t734MyoytQ7fbQhr+U"', 'Date': 'Tue, 14 Jun 2022 15:18:53 GMT', 'Via': '1.1 vegur'} 
 body={"statusCode":400,"message":["Name is required"],"error":"Bad Request"} 
 </msg>
<msg timestamp="20220614 12:18:53.435" level="INFO">c:\users\reginaldo\pycharmprojects\qachallengeestateably\venv\lib\site-packages\urllib3\connectionpool.py:1050: InsecureRequestWarning: Unverified HTTPS request is being made to host 'estateably-todo.herokuapp.com'. Adding certificate verification is strongly advised. See: https://urllib3.readthedocs.io/en/1.26.x/advanced-usage.html#ssl-warnings
  InsecureRequestWarning,</msg>
<msg timestamp="20220614 12:18:53.435" level="INFO">${response} = &lt;Response [400]&gt;</msg>
<status status="PASS" starttime="20220614 12:18:52.788" endtime="20220614 12:18:53.435"/>
</kw>
<kw name="Convert To String" library="BuiltIn">
<var>${status_code}</var>
<arg>${response.json()}</arg>
<doc>Converts the given item to a Unicode string.</doc>
<msg timestamp="20220614 12:18:53.437" level="INFO">${status_code} = {'statusCode': 400, 'message': ['Name is required'], 'error': 'Bad Request'}</msg>
<status status="PASS" starttime="20220614 12:18:53.435" endtime="20220614 12:18:53.437"/>
</kw>
[...]
</suite>
<suite id="s1-s3" name="TC 03 GET SearchRequest" source="C:\Users\Reginaldo\PycharmProjects\QAchallengeEstateably\Tests\TC_03_GET_SearchRequest.robot">
<test id="s1-s3-t1" name="TC_03_GET_SearchRequest" line="15">
<kw name="Create Dictionary" library="BuiltIn">
<var>${params}</var>
<arg>keyword=${keyword}</arg>
<arg>type=${type}</arg>
<arg>category=${category}</arg>
<doc>Creates and returns a dictionary based on the given ``items``.</doc>
<msg timestamp="20220614 12:18:57.649" level="INFO">${params} = {'keyword': 'Burg', 'type': 'Expense', 'category': 'Food'}</msg>
<status status="PASS" starttime="20220614 12:18:57.648" endtime="20220614 12:18:57.649"/>
</kw>
<kw name="Create Session" library="RequestsLibrary">
<arg>Get_Transactions_List</arg>
<arg>${BASE_URL}</arg>
<doc>Create Session: create a HTTP session to a server</doc>
<msg timestamp="20220614 12:18:57.649" level="INFO">Creating Session using : alias=Get_Transactions_List, url=https://estateably-todo.herokuapp.com/, headers={},                     cookies={}, auth=None, timeout=None, proxies=None, verify=False,                     debug=0 </msg>
<status status="PASS" starttime="20220614 12:18:57.649" endtime="20220614 12:18:57.650"/>
</kw>
<kw name="GET On Session" library="RequestsLibrary">
<var>${response}</var>
<arg>Get_Transactions_List</arg>
<arg>${relative_search_transactions_url}</arg>
<arg>params=${params}</arg>
<doc>Sends a GET request on a previously created HTTP Session.</doc>
<msg timestamp="20220614 12:18:58.356" level="INFO">GET Request : url=https://estateably-todo.herokuapp.com/transactions/search?keyword=Burg&amp;type=Expense&amp;category=Food 
 path_url=/transactions/search?keyword=Burg&amp;type=Expense&amp;category=Food 
 headers={'User-Agent': 'python-requests/2.28.0', 'Accept-Encoding': 'gzip, deflate', 'Accept': '*/*', 'Connection': 'keep-alive'} 
 body=None 
 </msg>
<msg timestamp="20220614 12:18:58.356" level="INFO">GET Response : url=https://estateably-todo.herokuapp.com/transactions/search?keyword=Burg&amp;type=Expense&amp;category=Food 
 status=200, reason=OK 
 headers={'Server': 'Cowboy', 'Connection': 'keep-alive', 'X-Powered-By': 'Express', 'Access-Control-Allow-Origin': '*', 'Content-Type': 'application/json; charset=utf-8', 'Content-Length': '469', 'Etag': 'W/"1d5-ofaFjhBCcp1eg2Q7hcPVzyhgxYI"', 'Date': 'Tue, 14 Jun 2022 15:18:58 GMT', 'Via': '1.1 vegur'} 
 body=[{"id":"9ebeea63-ffb5-40b7-b927-5957463d2c6b","name":"Burger Queen Order","category":"Food","type":"Expense","value":25.9,"date":"2022-06-11T12:46:02.937Z"},{"id":"d3b8d935-01b7-4396-b015-6987c29a3d91","name":"Burger Queen Order","category":"Food","type":"Expense","value":25.9,"date":"2022-06-11T12:46:02.937Z"},{"id":"3f0e98d9-7617-405e-b7d0-d121e2a18772","name":"Burger Queen Order","category":"Food","type":"Expense","value":25.9,"date":"2022-06-11T12:46:02.937Z"}] 
 </msg>
<msg timestamp="20220614 12:18:58.356" level="INFO">c:\users\reginaldo\pycharmprojects\qachallengeestateably\venv\lib\site-packages\urllib3\connectionpool.py:1050: InsecureRequestWarning: Unverified HTTPS request is being made to host 'estateably-todo.herokuapp.com'. Adding certificate verification is strongly advised. See: https://urllib3.readthedocs.io/en/1.26.x/advanced-usage.html#ssl-warnings
  InsecureRequestWarning,</msg>
<msg timestamp="20220614 12:18:58.356" level="INFO">${response} = &lt;Response [200]&gt;</msg>
<status status="PASS" starttime="20220614 12:18:57.650" endtime="20220614 12:18:58.356"/>
</kw>
<kw name="Convert To String" library="BuiltIn">
<var>${status_code}</var>
<arg>${response.status_code}</arg>
<doc>Converts the given item to a Unicode string.</doc>
<msg timestamp="20220614 12:18:58.359" level="INFO">${status_code} = 200</msg>
<status status="PASS" starttime="20220614 12:18:58.357" endtime="20220614 12:18:58.359"/>
</kw>
<kw name="Should Be Equal" library="BuiltIn">
<arg>${status_code}</arg>
<arg>200</arg>
<doc>Fails if the given objects are unequal.</doc>
<status status="PASS" starttime="20220614 12:18:58.359" endtime="20220614 12:18:58.360"/>
</kw>
<kw name="Get Length" library="BuiltIn">
<var>${length}</var>
<arg>${response.json()}</arg>
<doc>Returns and logs the length of the given item as an integer.</doc>
<msg timestamp="20220614 12:18:58.361" level="INFO">Length is 3</msg>
<msg timestamp="20220614 12:18:58.362" level="INFO">${length} = 3</msg>
<status status="PASS" starttime="20220614 12:18:58.360" endtime="20220614 12:18:58.362"/>
</kw>
<kw name="Should Not Be Equal" library="BuiltIn">
<arg>${length}</arg>
<arg>0</arg>
<doc>Fails if the given objects are equal.</doc>
<msg timestamp="20220614 12:18:58.362" level="INFO">Argument types are:
&lt;class 'int'&gt;
&lt;class 'str'&gt;</msg>
<status status="PASS" starttime="20220614 12:18:58.362" endtime="20220614 12:18:58.362"/>
</kw>
<tag>Regression</tag>
<tag>SEARCH</tag>
<status status="PASS" starttime="20220614 12:18:57.647" endtime="20220614 12:18:58.363"/>
</test>
<status status="PASS" starttime="20220614 12:18:57.638" endtime="20220614 12:18:58.364"/>
</suite>
<suite id="s1-s4" name="TC 04 DELETE Request" source="C:\Users\Reginaldo\PycharmProjects\QAchallengeEstateably\Tests\TC_04_DELETE_Request.robot">
<test id="s1-s4-t1" name="TC_04_01_Valid_DELETE_Request" line="28">
<kw name="Get File" library="OperatingSystem">
<var>${file}</var>
<arg>${FILE_DIR}</arg>
<doc>Returns the contents of a specified file.</doc>
<msg timestamp="20220614 12:18:58.387" level="INFO" html="true">Getting file '&lt;a href="file://C:\Users\Reginaldo\PycharmProjects\QAchallengeEstateably\Resources\ids.txt"&gt;C:\Users\Reginaldo\PycharmProjects\QAchallengeEstateably\Resources\ids.txt&lt;/a&gt;'.</msg>
<msg timestamp="20220614 12:18:58.388" level="INFO">${file} = e81c64ae-9d17-4fda-8709-cbb0311db7ca
067185ae-3479-4e04-9e60-0b3c611e6862
3f0e98d9-7617-405e-b7d0-d121e2a18772
fbae0bc6-d3fd-4387-b4fe-27351187c495
40950ec4-5b3a-418c-b6f2-1a1fccb3b818
74225670-f0e8-4...</msg>
<status status="PASS" starttime="20220614 12:18:58.387" endtime="20220614 12:18:58.388"/>
</kw>
<kw name="Split To Lines" library="String">
<var>@{line}</var>
<arg>${file}</arg>
<doc>Splits the given string to lines.</doc>
<msg timestamp="20220614 12:18:58.389" level="INFO">10 lines returned</msg>
<msg timestamp="20220614 12:18:58.389" level="INFO">@{line} = [ e81c64ae-9d17-4fda-8709-cbb0311db7ca | 067185ae-3479-4e04-9e60-0b3c611e6862 | 3f0e98d9-7617-405e-b7d0-d121e2a18772 | fbae0bc6-d3fd-4387-b4fe-27351187c495 | 40950ec4-5b3a-418c-b6f2-1a1fccb3b818 | 742...</msg>
<status status="PASS" starttime="20220614 12:18:58.388" endtime="20220614 12:18:58.389"/>
</kw>
<kw name="Catenate" library="BuiltIn">
<var>${aux}</var>
<arg>SEPARATOR=</arg>
<arg>${relative_transactions_url}</arg>
<arg>${line}[0]</arg>
<doc>Catenates the given items together and returns the resulted string.</doc>
<msg timestamp="20220614 12:18:58.390" level="INFO">${aux} = transactions/e81c64ae-9d17-4fda-8709-cbb0311db7ca</msg>
<status status="PASS" starttime="20220614 12:18:58.389" endtime="20220614 12:18:58.390"/>
</kw>
<kw name="Log To Console" library="BuiltIn">
<arg>${aux}</arg>
<doc>Logs the given message to the console.</doc>
<status status="PASS" starttime="20220614 12:18:58.390" endtime="20220614 12:18:58.391"/>
</kw>
<kw name="Create Session" library="RequestsLibrary">
<arg>Delete_Transaction</arg>
<arg>${BASE_URL}</arg>
<doc>Create Session: create a HTTP session to a server</doc>
<msg timestamp="20220614 12:18:58.392" level="INFO">Creating Session using : alias=Delete_Transaction, url=https://estateably-todo.herokuapp.com/, headers={},                     cookies={}, auth=None, timeout=None, proxies=None, verify=False,                     debug=0 </msg>
<status status="PASS" starttime="20220614 12:18:58.392" endtime="20220614 12:18:58.393"/>
</kw>
<kw name="DELETE On Session" library="RequestsLibrary">
<var>${response}</var>
<arg>Delete_Transaction</arg>
<arg>${aux}</arg>
<doc>Sends a DELETE request on a previously created HTTP Session.</doc>
<msg timestamp="20220614 12:18:59.073" level="INFO">DELETE Request : url=https://estateably-todo.herokuapp.com/transactions/e81c64ae-9d17-4fda-8709-cbb0311db7ca 
 path_url=/transactions/e81c64ae-9d17-4fda-8709-cbb0311db7ca 
 headers={'User-Agent': 'python-requests/2.28.0', 'Accept-Encoding': 'gzip, deflate', 'Accept': '*/*', 'Connection': 'keep-alive', 'Content-Length': '0'} 
 body=None 
 </msg>
<msg timestamp="20220614 12:18:59.073" level="INFO">DELETE Response : url=https://estateably-todo.herokuapp.com/transactions/e81c64ae-9d17-4fda-8709-cbb0311db7ca 
 status=204, reason=No Content 
 headers={'Server': 'Cowboy', 'Content-Length': '0', 'Connection': 'keep-alive', 'X-Powered-By': 'Express', 'Access-Control-Allow-Origin': '*', 'Date': 'Tue, 14 Jun 2022 15:18:59 GMT', 'Via': '1.1 vegur'} 
 body=None 
 </msg>
<msg timestamp="20220614 12:18:59.074" level="INFO">c:\users\reginaldo\pycharmprojects\qachallengeestateably\venv\lib\site-packages\urllib3\connectionpool.py:1050: InsecureRequestWarning: Unverified HTTPS request is being made to host 'estateably-todo.herokuapp.com'. Adding certificate verification is strongly advised. See: https://urllib3.readthedocs.io/en/1.26.x/advanced-usage.html#ssl-warnings
  InsecureRequestWarning,</msg>
<msg timestamp="20220614 12:18:59.074" level="INFO">${response} = &lt;Response [204]&gt;</msg>
<status status="PASS" starttime="20220614 12:18:58.393" endtime="20220614 12:18:59.074"/>
</kw>
<kw name="Convert To String" library="BuiltIn">
<var>${status_code}</var>
<arg>${response.status_code}</arg>
<doc>Converts the given item to a Unicode string.</doc>
<msg timestamp="20220614 12:18:59.076" level="INFO">${status_code} = 204</msg>
<status status="PASS" starttime="20220614 12:18:59.075" endtime="20220614 12:18:59.076"/>
</kw>
<kw name="Should Be Equal" library="BuiltIn">
<arg>${status_code}</arg>
<arg>204</arg>
<doc>Fails if the given objects are unequal.</doc>
<status status="PASS" starttime="20220614 12:18:59.077" endtime="20220614 12:18:59.077"/>
</kw>
<kw name="Get Length" library="BuiltIn">
<var>${length}</var>
<arg>${response.content}</arg>
<doc>Returns and logs the length of the given item as an integer.</doc>
<msg timestamp="20220614 12:18:59.079" level="INFO">Length is 0</msg>
<msg timestamp="20220614 12:18:59.079" level="INFO">${length} = 0</msg>
<status status="PASS" starttime="20220614 12:18:59.078" endtime="20220614 12:18:59.079"/>
</kw>
<kw name="Should Be Equal As Integers" library="BuiltIn">
<arg>${length}</arg>
<arg>0</arg>
<doc>Fails if objects are unequal after converting them to integers.</doc>
<msg timestamp="20220614 12:18:59.080" level="INFO">Argument types are:
&lt;class 'int'&gt;
&lt;class 'str'&gt;</msg>
<status status="PASS" starttime="20220614 12:18:59.080" endtime="20220614 12:18:59.080"/>
</kw>
<tag>DELETE</tag>
<tag>Regression</tag>
<status status="PASS" starttime="20220614 12:18:58.386" endtime="20220614 12:18:59.081"/>
</test>
<test id="s1-s4-t2" name="TC_04_02_Invalid_DELETE_Request" line="49">
<kw name="Create Session" library="RequestsLibrary">
<arg>Delete_Transaction</arg>
<arg>${BASE_URL}</arg>
<doc>Create Session: create a HTTP session to a server</doc>
<msg timestamp="20220614 12:18:59.083" level="INFO">Creating Session using : alias=Delete_Transaction, url=https://estateably-todo.herokuapp.com/, headers={},                     cookies={}, auth=None, timeout=None, proxies=None, verify=False,                     debug=0 </msg>
<status status="PASS" starttime="20220614 12:18:59.083" endtime="20220614 12:18:59.083"/>
</kw>
<kw name="Delete Request" library="RequestsLibrary">
<var>${response}</var>
<arg>Delete_Transaction</arg>
<arg>${wrong_relative_transactions_url}</arg>
<doc>*DEPRECATED* Please use `DELETE On Session` instead.</doc>
<msg timestamp="20220614 12:18:59.084" level="WARN">Keyword 'RequestsLibrary.Delete Request' is deprecated. Please use `DELETE On Session` instead.</msg>
<msg timestamp="20220614 12:18:59.771" level="INFO">DELETE Request : url=https://estateably-todo.herokuapp.com/transactions/11111111-1111-1111-1111-111111111111 
 path_url=/transactions/11111111-1111-1111-1111-111111111111 
 headers={'User-Agent': 'python-requests/2.28.0', 'Accept-Encoding': 'gzip, deflate', 'Accept': '*/*', 'Connection': 'keep-alive', 'Content-Length': '0'} 
 body=None 
 </msg>
<msg timestamp="20220614 12:18:59.771" level="INFO">DELETE Response : url=https://estateably-todo.herokuapp.com/transactions/11111111-1111-1111-1111-111111111111 
 status=404, reason=Not Found 
 headers={'Server': 'Cowboy', 'Connection': 'keep-alive', 'X-Powered-By': 'Express', 'Access-Control-Allow-Origin': '*', 'Content-Type': 'application/json; charset=utf-8', 'Content-Length': '52', 'Etag': 'W/"34-oExbVCDVJBUILJO3C8WJTlzbBxU"', 'Date': 'Tue, 14 Jun 2022 15:18:59 GMT', 'Via': '1.1 vegur'} 
 body={"statusCode":404,"message":"Transaction not found"} 
 </msg>
<msg timestamp="20220614 12:18:59.771" level="INFO">c:\users\reginaldo\pycharmprojects\qachallengeestateably\venv\lib\site-packages\urllib3\connectionpool.py:1050: InsecureRequestWarning: Unverified HTTPS request is being made to host 'estateably-todo.herokuapp.com'. Adding certificate verification is strongly advised. See: https://urllib3.readthedocs.io/en/1.26.x/advanced-usage.html#ssl-warnings
  InsecureRequestWarning,</msg>
<msg timestamp="20220614 12:18:59.771" level="INFO">${response} = &lt;Response [404]&gt;</msg>
<status status="PASS" starttime="20220614 12:18:59.084" endtime="20220614 12:18:59.771"/>
</kw>
<kw name="Convert To String" library="BuiltIn">
<var>${str_response}</var>
<arg>${response.json()}</arg>
<doc>Converts the given item to a Unicode string.</doc>
<msg timestamp="20220614 12:18:59.773" level="INFO">${str_response} = {'statusCode': 404, 'message': 'Transaction not found'}</msg>
<status status="PASS" starttime="20220614 12:18:59.772" endtime="20220614 12:18:59.774"/>
</kw>
<kw name="Should Contain" library="BuiltIn">
<arg>${str_response}</arg>
<arg>404</arg>
<doc>Fails if ``container`` does not contain ``item`` one or more times.</doc>
<status status="PASS" starttime="20220614 12:18:59.774" endtime="20220614 12:18:59.774"/>
</kw>
<kw name="Should Contain" library="BuiltIn">
<arg>${str_response}</arg>
<arg>Transaction not found</arg>
<doc>Fails if ``container`` does not contain ``item`` one or more times.</doc>
<status status="PASS" starttime="20220614 12:18:59.775" endtime="20220614 12:18:59.775"/>
</kw>
<tag>DELETE</tag>
<tag>Regression</tag>
<status status="PASS" starttime="20220614 12:18:59.082" endtime="20220614 12:18:59.775"/>
</test>
<status status="PASS" starttime="20220614 12:18:58.366" endtime="20220614 12:18:59.777"/>
</suite>
<status status="FAIL" starttime="20220614 12:18:49.995" endtime="20220614 12:18:59.780"/>
</suite>
<statistics>
<total>
<stat pass="10" fail="1" skip="0">All Tests</stat>
</total>
<tag>
<stat pass="2" fail="0" skip="0">DELETE</stat>
<stat pass="1" fail="0" skip="0">GET</stat>
<stat pass="6" fail="1" skip="0">POST</stat>
<stat pass="10" fail="1" skip="0">Regression</stat>
<stat pass="1" fail="0" skip="0">SEARCH</stat>
</tag>
<suite>
<stat pass="10" fail="1" skip="0" id="s1" name="Tests">Tests</stat>
<stat pass="6" fail="1" skip="0" id="s1-s1" name="TC 01 POST Request">Tests.TC 01 POST Request</stat>
<stat pass="1" fail="0" skip="0" id="s1-s2" name="TC 02 GET Request">Tests.TC 02 GET Request</stat>
<stat pass="1" fail="0" skip="0" id="s1-s3" name="TC 03 GET SearchRequest">Tests.TC 03 GET SearchRequest</stat>
<stat pass="2" fail="0" skip="0" id="s1-s4" name="TC 04 DELETE Request">Tests.TC 04 DELETE Request</stat>
</suite>
</statistics>
<errors>
<msg timestamp="20220614 12:18:50.206" level="ERROR">Error in file 'C:\Users\Reginaldo\PycharmProjects\QAchallengeEstateably\Resources\GlobalVariables.robot' on line 11: Creating keyword 'set global variable' failed: Keyword with same name defined multiple times.</msg>
<msg timestamp="20220614 12:18:50.207" level="ERROR">Error in file 'C:\Users\Reginaldo\PycharmProjects\QAchallengeEstateably\Resources\GlobalVariables.robot' on line 12: Creating keyword 'set global variable' failed: Keyword with same name defined multiple times.</msg>
<msg timestamp="20220614 12:18:50.208" level="ERROR">Error in file 'C:\Users\Reginaldo\PycharmProjects\QAchallengeEstateably\Resources\GlobalVariables.robot' on line 13: Creating keyword 'set global variable' failed: Keyword with same name defined multiple times.</msg>
<msg timestamp="20220614 12:18:52.788" level="WARN">Keyword 'RequestsLibrary.Post Request' is deprecated. Please use `POST On Session` instead.</msg>
<msg timestamp="20220614 12:18:53.453" level="WARN">Keyword 'RequestsLibrary.Post Request' is deprecated. Please use `POST On Session` instead.</msg>
<msg timestamp="20220614 12:18:54.126" level="WARN">Keyword 'RequestsLibrary.Post Request' is deprecated. Please use `POST On Session` instead.</msg>
<msg timestamp="20220614 12:18:54.801" level="WARN">Keyword 'RequestsLibrary.Post Request' is deprecated. Please use `POST On Session` instead.</msg>
<msg timestamp="20220614 12:18:55.513" level="WARN">Keyword 'RequestsLibrary.Post Request' is deprecated. Please use `POST On Session` instead.</msg>
<msg timestamp="20220614 12:18:56.223" level="WARN">Keyword 'RequestsLibrary.Post Request' is deprecated. Please use `POST On Session` instead.</msg>
<msg timestamp="20220614 12:18:56.926" level="ERROR">Error in file 'C:\Users\Reginaldo\PycharmProjects\QAchallengeEstateably\Resources\GlobalVariables.robot' on line 11: Creating keyword 'set global variable' failed: Keyword with same name defined multiple times.</msg>
<msg timestamp="20220614 12:18:56.926" level="ERROR">Error in file 'C:\Users\Reginaldo\PycharmProjects\QAchallengeEstateably\Resources\GlobalVariables.robot' on line 12: Creating keyword 'set global variable' failed: Keyword with same name defined multiple times.</msg>
<msg timestamp="20220614 12:18:56.927" level="ERROR">Error in file 'C:\Users\Reginaldo\PycharmProjects\QAchallengeEstateably\Resources\GlobalVariables.robot' on line 13: Creating keyword 'set global variable' failed: Keyword with same name defined multiple times.</msg>
<msg timestamp="20220614 12:18:57.643" level="ERROR">Error in file 'C:\Users\Reginaldo\PycharmProjects\QAchallengeEstateably\Resources\GlobalVariables.robot' on line 11: Creating keyword 'set global variable' failed: Keyword with same name defined multiple times.</msg>
<msg timestamp="20220614 12:18:57.644" level="ERROR">Error in file 'C:\Users\Reginaldo\PycharmProjects\QAchallengeEstateably\Resources\GlobalVariables.robot' on line 12: Creating keyword 'set global variable' failed: Keyword with same name defined multiple times.</msg>
<msg timestamp="20220614 12:18:57.645" level="ERROR">Error in file 'C:\Users\Reginaldo\PycharmProjects\QAchallengeEstateably\Resources\GlobalVariables.robot' on line 13: Creating keyword 'set global variable' failed: Keyword with same name defined multiple times.</msg>
<msg timestamp="20220614 12:18:58.380" level="ERROR">Error in file 'C:\Users\Reginaldo\PycharmProjects\QAchallengeEstateably\Resources\GlobalVariables.robot' on line 11: Creating keyword 'set global variable' failed: Keyword with same name defined multiple times.</msg>
<msg timestamp="20220614 12:18:58.380" level="ERROR">Error in file 'C:\Users\Reginaldo\PycharmProjects\QAchallengeEstateably\Resources\GlobalVariables.robot' on line 12: Creating keyword 'set global variable' failed: Keyword with same name defined multiple times.</msg>
<msg timestamp="20220614 12:18:58.381" level="ERROR">Error in file 'C:\Users\Reginaldo\PycharmProjects\QAchallengeEstateably\Resources\GlobalVariables.robot' on line 13: Creating keyword 'set global variable' failed: Keyword with same name defined multiple times.</msg>
<msg timestamp="20220614 12:18:59.084" level="WARN">Keyword 'RequestsLibrary.Delete Request' is deprecated. Please use `DELETE On Session` instead.</msg>
</errors>
</robot>
