<?xml version="1.0" encoding="UTF-8"?>
<robot generator="Robot 5.0.1 (Python 3.7.0 on win32)" generated="20220614 10:56:03.455" rpa="false" schemaversion="3">
<suite id="s1" name="Tests" source="C:\Users\Reginaldo\PycharmProjects\QAchallengeEstateably\Tests">
<suite id="s1-s1" name="TC 01 POST Request" source="C:\Users\Reginaldo\PycharmProjects\QAchallengeEstateably\Tests\TC_01_POST_Request.robot">
<test id="s1-s1-t1" name="TC_01_01_Valid_POST_Request" line="109">
<kw name="Create Session" library="RequestsLibrary">
<arg>Add_Data</arg>
<arg>${BASE_URL}</arg>
<doc>Create Session: create a HTTP session to a server</doc>
<msg timestamp="20220614 10:56:03.705" level="INFO">Creating Session using : alias=Add_Data, url=https://estateably-todo.herokuapp.com/, headers={},                     cookies={}, auth=None, timeout=None, proxies=None, verify=False,                     debug=0 </msg>
<status status="PASS" starttime="20220614 10:56:03.704" endtime="20220614 10:56:03.705"/>
</kw>
<kw name="Valid POST create">
<for flavor="IN">
<var>${v1}</var>
<value>@{CATEGORIES}</value>
<iter>
<var name="${v1}">Salary</var>
<for flavor="IN">
<var>${v2}</var>
<value>@{TYPES}</value>
<iter>
<var name="${v2}">Expense</var>
<kw name="Create Dictionary" library="BuiltIn">
<var>${body}</var>
<arg>name=${name}</arg>
<arg>category=${v1}</arg>
<arg>type=${v2}</arg>
<arg>value=${value}</arg>
<arg>date=${date}</arg>
<doc>Creates and returns a dictionary based on the given ``items``.</doc>
<msg timestamp="20220614 10:56:03.707" level="INFO">${body} = {'name': 'Burger Queen Order', 'category': 'Salary', 'type': 'Expense', 'value': '25.9', 'date': '2022-06-11T12:46:02.937Z'}</msg>
<status status="PASS" starttime="20220614 10:56:03.706" endtime="20220614 10:56:03.707"/>
</kw>
<kw name="POST On Session" library="RequestsLibrary">
<var>${response}</var>
<arg>Add_Data</arg>
<arg>${relative_transactions_url}</arg>
<arg>json=${body}</arg>
<doc>Sends a POST request on a previously created HTTP Session.</doc>
<msg timestamp="20220614 10:56:04.458" level="INFO">POST Request : url=https://estateably-todo.herokuapp.com/transactions 
 path_url=/transactions 
 headers={'User-Agent': 'python-requests/2.28.0', 'Accept-Encoding': 'gzip, deflate', 'Accept': '*/*', 'Connection': 'keep-alive', 'Content-Length': '124', 'Content-Type': 'application/json'} 
 body=b'{"name": "Burger Queen Order", "category": "Salary", "type": "Expense", "value": "25.9", "date": "2022-06-11T12:46:02.937Z"}' 
 </msg>
<msg timestamp="20220614 10:56:04.458" level="INFO">POST Response : url=https://estateably-todo.herokuapp.com/transactions 
 status=201, reason=Created 
 headers={'Server': 'Cowboy', 'Connection': 'keep-alive', 'X-Powered-By': 'Express', 'Access-Control-Allow-Origin': '*', 'Content-Type': 'application/json; charset=utf-8', 'Content-Length': '159', 'Etag': 'W/"9f-OssN+Ha8+NDh6n1iS4WNmzWIR1Y"', 'Date': 'Tue, 14 Jun 2022 13:56:05 GMT', 'Via': '1.1 vegur'} 
 body={"name":"Burger Queen Order","type":"Expense","category":"Salary","value":"25.9","date":"2022-06-11T12:46:02.937Z","id":"97f0c59e-b83e-4b74-901c-40569192b39e"} 
 </msg>
<msg timestamp="20220614 10:56:04.459" level="INFO">c:\users\reginaldo\pycharmprojects\qachallengeestateably\venv\lib\site-packages\urllib3\connectionpool.py:1050: InsecureRequestWarning: Unverified HTTPS request is being made to host 'estateably-todo.herokuapp.com'. Adding certificate verification is strongly advised. See: https://urllib3.readthedocs.io/en/1.26.x/advanced-usage.html#ssl-warnings
  InsecureRequestWarning,</msg>
<msg timestamp="20220614 10:56:04.459" level="INFO">${response} = &lt;Response [201]&gt;</msg>
<status status="PASS" starttime="20220614 10:56:03.708" endtime="20220614 10:56:04.459"/>
</kw>
<kw name="Convert To String" library="BuiltIn">
<var>${status_code}</var>
<arg>${response.status_code}</arg>
<doc>Converts the given item to a Unicode string.</doc>
<msg timestamp="20220614 10:56:04.461" level="INFO">${status_code} = 201</msg>
<status status="PASS" starttime="20220614 10:56:04.459" endtime="20220614 10:56:04.461"/>
</kw>
<kw name="Should Be Equal" library="BuiltIn">
<arg>${status_code}</arg>
<arg>201</arg>
<doc>Fails if the given objects are unequal.</doc>
<status status="PASS" starttime="20220614 10:56:04.461" endtime="20220614 10:56:04.462"/>
</kw>
<kw name="Dictionary Should Contain Value" library="Collections">
<arg>${response.json()}</arg>
<arg>${name}</arg>
<doc>Fails if ``value`` is not found from ``dictionary``.</doc>
<status status="PASS" starttime="20220614 10:56:04.462" endtime="20220614 10:56:04.463"/>
</kw>
<kw name="Dictionary Should Contain Value" library="Collections">
<arg>${response.json()}</arg>
<arg>${v1}</arg>
<doc>Fails if ``value`` is not found from ``dictionary``.</doc>
<status status="PASS" starttime="20220614 10:56:04.463" endtime="20220614 10:56:04.465"/>
</kw>
<kw name="Dictionary Should Contain Value" library="Collections">
<arg>${response.json()}</arg>
<arg>${v2}</arg>
<doc>Fails if ``value`` is not found from ``dictionary``.</doc>
<status status="PASS" starttime="20220614 10:56:04.465" endtime="20220614 10:56:04.466"/>
</kw>
<kw name="Dictionary Should Contain Value" library="Collections">
<arg>${response.json()}</arg>
<arg>${value}</arg>
<doc>Fails if ``value`` is not found from ``dictionary``.</doc>
<status status="PASS" starttime="20220614 10:56:04.466" endtime="20220614 10:56:04.467"/>
</kw>
<kw name="Dictionary Should Contain Value" library="Collections">
<arg>${response.json()}</arg>
<arg>${date}</arg>
<doc>Fails if ``value`` is not found from ``dictionary``.</doc>
<status status="PASS" starttime="20220614 10:56:04.468" endtime="20220614 10:56:04.469"/>
</kw>
<kw name="Dictionary Should Contain Key" library="Collections">
<arg>${response.json()}</arg>
<arg>id</arg>
<doc>Fails if ``key`` is not found from ``dictionary``.</doc>
<status status="PASS" starttime="20220614 10:56:04.469" endtime="20220614 10:56:04.470"/>
</kw>
<kw name="Get From Dictionary" library="Collections">
<var>${id}</var>
<arg>${response.json()}</arg>
<arg>id</arg>
<doc>Returns a value from the given ``dictionary`` based on the given ``key``.</doc>
<msg timestamp="20220614 10:56:04.472" level="INFO">${id} = 97f0c59e-b83e-4b74-901c-40569192b39e</msg>
<status status="PASS" starttime="20220614 10:56:04.470" endtime="20220614 10:56:04.472"/>
</kw>
<kw name="Append To List" library="Collections">
<arg>${IDS}</arg>
<arg>${id}</arg>
<doc>Adds ``values`` to the end of ``list``.</doc>
<status status="PASS" starttime="20220614 10:56:04.472" endtime="20220614 10:56:04.472"/>
</kw>
<status status="PASS" starttime="20220614 10:56:03.706" endtime="20220614 10:56:04.472"/>
</iter>
<iter>
<var name="${v2}">Income</var>
<kw name="Create Dictionary" library="BuiltIn">
<var>${body}</var>
<arg>name=${name}</arg>
<arg>category=${v1}</arg>
<arg>type=${v2}</arg>
<arg>value=${value}</arg>
<arg>date=${date}</arg>
<doc>Creates and returns a dictionary based on the given ``items``.</doc>
<msg timestamp="20220614 10:56:04.474" level="INFO">${body} = {'name': 'Burger Queen Order', 'category': 'Salary', 'type': 'Income', 'value': '25.9', 'date': '2022-06-11T12:46:02.937Z'}</msg>
<status status="PASS" starttime="20220614 10:56:04.472" endtime="20220614 10:56:04.474"/>
</kw>
<kw name="POST On Session" library="RequestsLibrary">
<var>${response}</var>
<arg>Add_Data</arg>
<arg>${relative_transactions_url}</arg>
<arg>json=${body}</arg>
<doc>Sends a POST request on a previously created HTTP Session.</doc>
<msg timestamp="20220614 10:56:04.649" level="INFO">POST Request : url=https://estateably-todo.herokuapp.com/transactions 
 path_url=/transactions 
 headers={'User-Agent': 'python-requests/2.28.0', 'Accept-Encoding': 'gzip, deflate', 'Accept': '*/*', 'Connection': 'keep-alive', 'Content-Length': '123', 'Content-Type': 'application/json'} 
 body=b'{"name": "Burger Queen Order", "category": "Salary", "type": "Income", "value": "25.9", "date": "2022-06-11T12:46:02.937Z"}' 
 </msg>
<msg timestamp="20220614 10:56:04.649" level="INFO">POST Response : url=https://estateably-todo.herokuapp.com/transactions 
 status=201, reason=Created 
 headers={'Server': 'Cowboy', 'Connection': 'keep-alive', 'X-Powered-By': 'Express', 'Access-Control-Allow-Origin': '*', 'Content-Type': 'application/json; charset=utf-8', 'Content-Length': '158', 'Etag': 'W/"9e-2GZQho8DWi5u+LPsjMrecOn0SVk"', 'Date': 'Tue, 14 Jun 2022 13:56:06 GMT', 'Via': '1.1 vegur'} 
 body={"name":"Burger Queen Order","type":"Income","category":"Salary","value":"25.9","date":"2022-06-11T12:46:02.937Z","id":"bc03d5bd-8e4d-4213-bf5f-8b9d9226fdaa"} 
 </msg>
<msg timestamp="20220614 10:56:04.649" level="INFO">c:\users\reginaldo\pycharmprojects\qachallengeestateably\venv\lib\site-packages\urllib3\connectionpool.py:1050: InsecureRequestWarning: Unverified HTTPS request is being made to host 'estateably-todo.herokuapp.com'. Adding certificate verification is strongly advised. See: https://urllib3.readthedocs.io/en/1.26.x/advanced-usage.html#ssl-warnings
  InsecureRequestWarning,</msg>
<msg timestamp="20220614 10:56:04.650" level="INFO">${response} = &lt;Response [201]&gt;</msg>
<status status="PASS" starttime="20220614 10:56:04.474" endtime="20220614 10:56:04.650"/>
</kw>
<kw name="Convert To String" library="BuiltIn">
<var>${status_code}</var>
<arg>${response.status_code}</arg>
<doc>Converts the given item to a Unicode string.</doc>
<msg timestamp="20220614 10:56:04.651" level="INFO">${status_code} = 201</msg>
<status status="PASS" starttime="20220614 10:56:04.650" endtime="20220614 10:56:04.651"/>
</kw>
<kw name="Should Be Equal" library="BuiltIn">
<arg>${status_code}</arg>
<arg>201</arg>
<doc>Fails if the given objects are unequal.</doc>
<status status="PASS" starttime="20220614 10:56:04.652" endtime="20220614 10:56:04.652"/>
</kw>
<kw name="Dictionary Should Contain Value" library="Collections">
<arg>${response.json()}</arg>
<arg>${name}</arg>
<doc>Fails if ``value`` is not found from ``dictionary``.</doc>
<status status="PASS" starttime="20220614 10:56:04.652" endtime="20220614 10:56:04.653"/>
</kw>
<kw name="Dictionary Should Contain Value" library="Collections">
<arg>${response.json()}</arg>
<arg>${v1}</arg>
<doc>Fails if ``value`` is not found from ``dictionary``.</doc>
<status status="PASS" starttime="20220614 10:56:04.653" endtime="20220614 10:56:04.655"/>
</kw>
<kw name="Dictionary Should Contain Value" library="Collections">
<arg>${response.json()}</arg>
<arg>${v2}</arg>
<doc>Fails if ``value`` is not found from ``dictionary``.</doc>
<status status="PASS" starttime="20220614 10:56:04.655" endtime="20220614 10:56:04.656"/>
</kw>
<kw name="Dictionary Should Contain Value" library="Collections">
<arg>${response.json()}</arg>
<arg>${value}</arg>
<doc>Fails if ``value`` is not found from ``dictionary``.</doc>
<status status="PASS" starttime="20220614 10:56:04.656" endtime="20220614 10:56:04.658"/>
</kw>
<kw name="Dictionary Should Contain Value" library="Collections">
<arg>${response.json()}</arg>
<arg>${date}</arg>
<doc>Fails if ``value`` is not found from ``dictionary``.</doc>
<status status="PASS" starttime="20220614 10:56:04.658" endtime="20220614 10:56:04.659"/>
</kw>
<kw name="Dictionary Should Contain Key" library="Collections">
<arg>${response.json()}</arg>
<arg>id</arg>
<doc>Fails if ``key`` is not found from ``dictionary``.</doc>
<status status="PASS" starttime="20220614 10:56:04.659" endtime="20220614 10:56:04.660"/>
</kw>
<kw name="Get From Dictionary" library="Collections">
<var>${id}</var>
<arg>${response.json()}</arg>
<arg>id</arg>
<doc>Returns a value from the given ``dictionary`` based on the given ``key``.</doc>
<msg timestamp="20220614 10:56:04.662" level="INFO">${id} = bc03d5bd-8e4d-4213-bf5f-8b9d9226fdaa</msg>
<status status="PASS" starttime="20220614 10:56:04.661" endtime="20220614 10:56:04.662"/>
</kw>
<kw name="Append To List" library="Collections">
<arg>${IDS}</arg>
<arg>${id}</arg>
<doc>Adds ``values`` to the end of ``list``.</doc>
<status status="PASS" starttime="20220614 10:56:04.662" endtime="20220614 10:56:04.662"/>
</kw>
<status status="PASS" starttime="20220614 10:56:04.472" endtime="20220614 10:56:04.662"/>
</iter>
<status status="PASS" starttime="20220614 10:56:03.706" endtime="20220614 10:56:04.662"/>
</for>
<status status="PASS" starttime="20220614 10:56:03.706" endtime="20220614 10:56:04.663"/>
</iter>
<iter>
<var name="${v1}">Food</var>
<for flavor="IN">
<var>${v2}</var>
<value>@{TYPES}</value>
<iter>
<var name="${v2}">Expense</var>
<kw name="Create Dictionary" library="BuiltIn">
<var>${body}</var>
<arg>name=${name}</arg>
<arg>category=${v1}</arg>
<arg>type=${v2}</arg>
<arg>value=${value}</arg>
<arg>date=${date}</arg>
<doc>Creates and returns a dictionary based on the given ``items``.</doc>
<msg timestamp="20220614 10:56:04.664" level="INFO">${body} = {'name': 'Burger Queen Order', 'category': 'Food', 'type': 'Expense', 'value': '25.9', 'date': '2022-06-11T12:46:02.937Z'}</msg>
<status status="PASS" starttime="20220614 10:56:04.663" endtime="20220614 10:56:04.664"/>
</kw>
<kw name="POST On Session" library="RequestsLibrary">
<var>${response}</var>
<arg>Add_Data</arg>
<arg>${relative_transactions_url}</arg>
<arg>json=${body}</arg>
<doc>Sends a POST request on a previously created HTTP Session.</doc>
<msg timestamp="20220614 10:56:04.845" level="INFO">POST Request : url=https://estateably-todo.herokuapp.com/transactions 
 path_url=/transactions 
 headers={'User-Agent': 'python-requests/2.28.0', 'Accept-Encoding': 'gzip, deflate', 'Accept': '*/*', 'Connection': 'keep-alive', 'Content-Length': '122', 'Content-Type': 'application/json'} 
 body=b'{"name": "Burger Queen Order", "category": "Food", "type": "Expense", "value": "25.9", "date": "2022-06-11T12:46:02.937Z"}' 
 </msg>
<msg timestamp="20220614 10:56:04.845" level="INFO">POST Response : url=https://estateably-todo.herokuapp.com/transactions 
 status=201, reason=Created 
 headers={'Server': 'Cowboy', 'Connection': 'keep-alive', 'X-Powered-By': 'Express', 'Access-Control-Allow-Origin': '*', 'Content-Type': 'application/json; charset=utf-8', 'Content-Length': '157', 'Etag': 'W/"9d-Tw4hayX39MA/+2ZSdWRgW4QA7+0"', 'Date': 'Tue, 14 Jun 2022 13:56:06 GMT', 'Via': '1.1 vegur'} 
 body={"name":"Burger Queen Order","type":"Expense","category":"Food","value":"25.9","date":"2022-06-11T12:46:02.937Z","id":"c94926b2-b5e1-4784-b5b3-6653010a5c81"} 
 </msg>
<msg timestamp="20220614 10:56:04.845" level="INFO">c:\users\reginaldo\pycharmprojects\qachallengeestateably\venv\lib\site-packages\urllib3\connectionpool.py:1050: InsecureRequestWarning: Unverified HTTPS request is being made to host 'estateably-todo.herokuapp.com'. Adding certificate verification is strongly advised. See: https://urllib3.readthedocs.io/en/1.26.x/advanced-usage.html#ssl-warnings
  InsecureRequestWarning,</msg>
<msg timestamp="20220614 10:56:04.846" level="INFO">${response} = &lt;Response [201]&gt;</msg>
<status status="PASS" starttime="20220614 10:56:04.664" endtime="20220614 10:56:04.846"/>
</kw>
<kw name="Convert To String" library="BuiltIn">
<var>${status_code}</var>
<arg>${response.status_code}</arg>
<doc>Converts the given item to a Unicode string.</doc>
<msg timestamp="20220614 10:56:04.847" level="INFO">${status_code} = 201</msg>
<status status="PASS" starttime="20220614 10:56:04.846" endtime="20220614 10:56:04.847"/>
</kw>
<kw name="Should Be Equal" library="BuiltIn">
<arg>${status_code}</arg>
<arg>201</arg>
<doc>Fails if the given objects are unequal.</doc>
<status status="PASS" starttime="20220614 10:56:04.848" endtime="20220614 10:56:04.848"/>
</kw>
<kw name="Dictionary Should Contain Value" library="Collections">
<arg>${response.json()}</arg>
<arg>${name}</arg>
<doc>Fails if ``value`` is not found from ``dictionary``.</doc>
<status status="PASS" starttime="20220614 10:56:04.848" endtime="20220614 10:56:04.850"/>
</kw>
<kw name="Dictionary Should Contain Value" library="Collections">
<arg>${response.json()}</arg>
<arg>${v1}</arg>
<doc>Fails if ``value`` is not found from ``dictionary``.</doc>
<status status="PASS" starttime="20220614 10:56:04.850" endtime="20220614 10:56:04.851"/>
</kw>
<kw name="Dictionary Should Contain Value" library="Collections">
<arg>${response.json()}</arg>
<arg>${v2}</arg>
<doc>Fails if ``value`` is not found from ``dictionary``.</doc>
<status status="PASS" starttime="20220614 10:56:04.851" endtime="20220614 10:56:04.852"/>
</kw>
<kw name="Dictionary Should Contain Value" library="Collections">
<arg>${response.json()}</arg>
<arg>${value}</arg>
<doc>Fails if ``value`` is not found from ``dictionary``.</doc>
<status status="PASS" starttime="20220614 10:56:04.852" endtime="20220614 10:56:04.854"/>
</kw>
<kw name="Dictionary Should Contain Value" library="Collections">
<arg>${response.json()}</arg>
<arg>${date}</arg>
<doc>Fails if ``value`` is not found from ``dictionary``.</doc>
<status status="PASS" starttime="20220614 10:56:04.854" endtime="20220614 10:56:04.855"/>
</kw>
<kw name="Dictionary Should Contain Key" library="Collections">
<arg>${response.json()}</arg>
<arg>id</arg>
<doc>Fails if ``key`` is not found from ``dictionary``.</doc>
<status status="PASS" starttime="20220614 10:56:04.855" endtime="20220614 10:56:04.857"/>
</kw>
<kw name="Get From Dictionary" library="Collections">
<var>${id}</var>
<arg>${response.json()}</arg>
<arg>id</arg>
<doc>Returns a value from the given ``dictionary`` based on the given ``key``.</doc>
<msg timestamp="20220614 10:56:04.858" level="INFO">${id} = c94926b2-b5e1-4784-b5b3-6653010a5c81</msg>
<status status="PASS" starttime="20220614 10:56:04.857" endtime="20220614 10:56:04.858"/>
</kw>
<kw name="Append To List" library="Collections">
<arg>${IDS}</arg>
<arg>${id}</arg>
<doc>Adds ``values`` to the end of ``list``.</doc>
<status status="PASS" starttime="20220614 10:56:04.858" endtime="20220614 10:56:04.859"/>
</kw>
<status status="PASS" starttime="20220614 10:56:04.663" endtime="20220614 10:56:04.859"/>
</iter>
<iter>
<var name="${v2}">Income</var>
<kw name="Create Dictionary" library="BuiltIn">
<var>${body}</var>
<arg>name=${name}</arg>
<arg>category=${v1}</arg>
<arg>type=${v2}</arg>
<arg>value=${value}</arg>
<arg>date=${date}</arg>
<doc>Creates and returns a dictionary based on the given ``items``.</doc>
<msg timestamp="20220614 10:56:04.860" level="INFO">${body} = {'name': 'Burger Queen Order', 'category': 'Food', 'type': 'Income', 'value': '25.9', 'date': '2022-06-11T12:46:02.937Z'}</msg>
<status status="PASS" starttime="20220614 10:56:04.859" endtime="20220614 10:56:04.860"/>
</kw>
<kw name="POST On Session" library="RequestsLibrary">
<var>${response}</var>
<arg>Add_Data</arg>
<arg>${relative_transactions_url}</arg>
<arg>json=${body}</arg>
<doc>Sends a POST request on a previously created HTTP Session.</doc>
<msg timestamp="20220614 10:56:05.036" level="INFO">POST Request : url=https://estateably-todo.herokuapp.com/transactions 
 path_url=/transactions 
 headers={'User-Agent': 'python-requests/2.28.0', 'Accept-Encoding': 'gzip, deflate', 'Accept': '*/*', 'Connection': 'keep-alive', 'Content-Length': '121', 'Content-Type': 'application/json'} 
 body=b'{"name": "Burger Queen Order", "category": "Food", "type": "Income", "value": "25.9", "date": "2022-06-11T12:46:02.937Z"}' 
 </msg>
<msg timestamp="20220614 10:56:05.037" level="INFO">POST Response : url=https://estateably-todo.herokuapp.com/transactions 
 status=201, reason=Created 
 headers={'Server': 'Cowboy', 'Connection': 'keep-alive', 'X-Powered-By': 'Express', 'Access-Control-Allow-Origin': '*', 'Content-Type': 'application/json; charset=utf-8', 'Content-Length': '156', 'Etag': 'W/"9c-GnFp4D6ATS9lUXFF1XGCAw3ZUUk"', 'Date': 'Tue, 14 Jun 2022 13:56:06 GMT', 'Via': '1.1 vegur'} 
 body={"name":"Burger Queen Order","type":"Income","category":"Food","value":"25.9","date":"2022-06-11T12:46:02.937Z","id":"a325c65f-0a48-4f63-9f4f-f998218ad7dc"} 
 </msg>
<msg timestamp="20220614 10:56:05.037" level="INFO">c:\users\reginaldo\pycharmprojects\qachallengeestateably\venv\lib\site-packages\urllib3\connectionpool.py:1050: InsecureRequestWarning: Unverified HTTPS request is being made to host 'estateably-todo.herokuapp.com'. Adding certificate verification is strongly advised. See: https://urllib3.readthedocs.io/en/1.26.x/advanced-usage.html#ssl-warnings
  InsecureRequestWarning,</msg>
<msg timestamp="20220614 10:56:05.037" level="INFO">${response} = &lt;Response [201]&gt;</msg>
<status status="PASS" starttime="20220614 10:56:04.860" endtime="20220614 10:56:05.037"/>
</kw>
<kw name="Convert To String" library="BuiltIn">
<var>${status_code}</var>
<arg>${response.status_code}</arg>
<doc>Converts the given item to a Unicode string.</doc>
<msg timestamp="20220614 10:56:05.039" level="INFO">${status_code} = 201</msg>
<status status="PASS" starttime="20220614 10:56:05.037" endtime="20220614 10:56:05.039"/>
</kw>
<kw name="Should Be Equal" library="BuiltIn">
<arg>${status_code}</arg>
<arg>201</arg>
<doc>Fails if the given objects are unequal.</doc>
<status status="PASS" starttime="20220614 10:56:05.039" endtime="20220614 10:56:05.039"/>
</kw>
<kw name="Dictionary Should Contain Value" library="Collections">
<arg>${response.json()}</arg>
<arg>${name}</arg>
<doc>Fails if ``value`` is not found from ``dictionary``.</doc>
<status status="PASS" starttime="20220614 10:56:05.040" endtime="20220614 10:56:05.041"/>
</kw>
<kw name="Dictionary Should Contain Value" library="Collections">
<arg>${response.json()}</arg>
<arg>${v1}</arg>
<doc>Fails if ``value`` is not found from ``dictionary``.</doc>
<status status="PASS" starttime="20220614 10:56:05.041" endtime="20220614 10:56:05.042"/>
</kw>
<kw name="Dictionary Should Contain Value" library="Collections">
<arg>${response.json()}</arg>
<arg>${v2}</arg>
<doc>Fails if ``value`` is not found from ``dictionary``.</doc>
<status status="PASS" starttime="20220614 10:56:05.042" endtime="20220614 10:56:05.043"/>
</kw>
<kw name="Dictionary Should Contain Value" library="Collections">
<arg>${response.json()}</arg>
<arg>${value}</arg>
<doc>Fails if ``value`` is not found from ``dictionary``.</doc>
<status status="PASS" starttime="20220614 10:56:05.044" endtime="20220614 10:56:05.045"/>
</kw>
<kw name="Dictionary Should Contain Value" library="Collections">
<arg>${response.json()}</arg>
<arg>${date}</arg>
<doc>Fails if ``value`` is not found from ``dictionary``.</doc>
<status status="PASS" starttime="20220614 10:56:05.045" endtime="20220614 10:56:05.046"/>
</kw>
<kw name="Dictionary Should Contain Key" library="Collections">
<arg>${response.json()}</arg>
<arg>id</arg>
<doc>Fails if ``key`` is not found from ``dictionary``.</doc>
<status status="PASS" starttime="20220614 10:56:05.046" endtime="20220614 10:56:05.047"/>
</kw>
<kw name="Get From Dictionary" library="Collections">
<var>${id}</var>
<arg>${response.json()}</arg>
<arg>id</arg>
<doc>Returns a value from the given ``dictionary`` based on the given ``key``.</doc>
<msg timestamp="20220614 10:56:05.049" level="INFO">${id} = a325c65f-0a48-4f63-9f4f-f998218ad7dc</msg>
<status status="PASS" starttime="20220614 10:56:05.048" endtime="20220614 10:56:05.049"/>
</kw>
<kw name="Append To List" library="Collections">
<arg>${IDS}</arg>
<arg>${id}</arg>
<doc>Adds ``values`` to the end of ``list``.</doc>
<status status="PASS" starttime="20220614 10:56:05.049" endtime="20220614 10:56:05.049"/>
</kw>
<status status="PASS" starttime="20220614 10:56:04.859" endtime="20220614 10:56:05.049"/>
</iter>
<status status="PASS" starttime="20220614 10:56:04.663" endtime="20220614 10:56:05.049"/>
</for>
<status status="PASS" starttime="20220614 10:56:04.663" endtime="20220614 10:56:05.049"/>
</iter>
<iter>
<var name="${v1}">Transport</var>
<for flavor="IN">
<var>${v2}</var>
<value>@{TYPES}</value>
<iter>
<var name="${v2}">Expense</var>
<kw name="Create Dictionary" library="BuiltIn">
<var>${body}</var>
<arg>name=${name}</arg>
<arg>category=${v1}</arg>
<arg>type=${v2}</arg>
<arg>value=${value}</arg>
<arg>date=${date}</arg>
<doc>Creates and returns a dictionary based on the given ``items``.</doc>
<msg timestamp="20220614 10:56:05.051" level="INFO">${body} = {'name': 'Burger Queen Order', 'category': 'Transport', 'type': 'Expense', 'value': '25.9', 'date': '2022-06-11T12:46:02.937Z'}</msg>
<status status="PASS" starttime="20220614 10:56:05.050" endtime="20220614 10:56:05.051"/>
</kw>
<kw name="POST On Session" library="RequestsLibrary">
<var>${response}</var>
<arg>Add_Data</arg>
<arg>${relative_transactions_url}</arg>
<arg>json=${body}</arg>
<doc>Sends a POST request on a previously created HTTP Session.</doc>
<msg timestamp="20220614 10:56:05.227" level="INFO">POST Request : url=https://estateably-todo.herokuapp.com/transactions 
 path_url=/transactions 
 headers={'User-Agent': 'python-requests/2.28.0', 'Accept-Encoding': 'gzip, deflate', 'Accept': '*/*', 'Connection': 'keep-alive', 'Content-Length': '127', 'Content-Type': 'application/json'} 
 body=b'{"name": "Burger Queen Order", "category": "Transport", "type": "Expense", "value": "25.9", "date": "2022-06-11T12:46:02.937Z"}' 
 </msg>
<msg timestamp="20220614 10:56:05.228" level="INFO">POST Response : url=https://estateably-todo.herokuapp.com/transactions 
 status=201, reason=Created 
 headers={'Server': 'Cowboy', 'Connection': 'keep-alive', 'X-Powered-By': 'Express', 'Access-Control-Allow-Origin': '*', 'Content-Type': 'application/json; charset=utf-8', 'Content-Length': '162', 'Etag': 'W/"a2-H11sPS/B+/qfgOpXDpW/CWalyIA"', 'Date': 'Tue, 14 Jun 2022 13:56:06 GMT', 'Via': '1.1 vegur'} 
 body={"name":"Burger Queen Order","type":"Expense","category":"Transport","value":"25.9","date":"2022-06-11T12:46:02.937Z","id":"743d0a45-30b1-4972-8b29-124acb8aa480"} 
 </msg>
<msg timestamp="20220614 10:56:05.228" level="INFO">c:\users\reginaldo\pycharmprojects\qachallengeestateably\venv\lib\site-packages\urllib3\connectionpool.py:1050: InsecureRequestWarning: Unverified HTTPS request is being made to host 'estateably-todo.herokuapp.com'. Adding certificate verification is strongly advised. See: https://urllib3.readthedocs.io/en/1.26.x/advanced-usage.html#ssl-warnings
  InsecureRequestWarning,</msg>
<msg timestamp="20220614 10:56:05.228" level="INFO">${response} = &lt;Response [201]&gt;</msg>
<status status="PASS" starttime="20220614 10:56:05.051" endtime="20220614 10:56:05.228"/>
</kw>
<kw name="Convert To String" library="BuiltIn">
<var>${status_code}</var>
<arg>${response.status_code}</arg>
<doc>Converts the given item to a Unicode string.</doc>
<msg timestamp="20220614 10:56:05.230" level="INFO">${status_code} = 201</msg>
<status status="PASS" starttime="20220614 10:56:05.228" endtime="20220614 10:56:05.230"/>
</kw>
<kw name="Should Be Equal" library="BuiltIn">
<arg>${status_code}</arg>
<arg>201</arg>
<doc>Fails if the given objects are unequal.</doc>
<status status="PASS" starttime="20220614 10:56:05.230" endtime="20220614 10:56:05.230"/>
</kw>
<kw name="Dictionary Should Contain Value" library="Collections">
<arg>${response.json()}</arg>
<arg>${name}</arg>
<doc>Fails if ``value`` is not found from ``dictionary``.</doc>
<status status="PASS" starttime="20220614 10:56:05.231" endtime="20220614 10:56:05.232"/>
</kw>
<kw name="Dictionary Should Contain Value" library="Collections">
<arg>${response.json()}</arg>
<arg>${v1}</arg>
<doc>Fails if ``value`` is not found from ``dictionary``.</doc>
<status status="PASS" starttime="20220614 10:56:05.232" endtime="20220614 10:56:05.233"/>
</kw>
<kw name="Dictionary Should Contain Value" library="Collections">
<arg>${response.json()}</arg>
<arg>${v2}</arg>
<doc>Fails if ``value`` is not found from ``dictionary``.</doc>
<status status="PASS" starttime="20220614 10:56:05.233" endtime="20220614 10:56:05.234"/>
</kw>
<kw name="Dictionary Should Contain Value" library="Collections">
<arg>${response.json()}</arg>
<arg>${value}</arg>
<doc>Fails if ``value`` is not found from ``dictionary``.</doc>
<status status="PASS" starttime="20220614 10:56:05.235" endtime="20220614 10:56:05.236"/>
</kw>
<kw name="Dictionary Should Contain Value" library="Collections">
<arg>${response.json()}</arg>
<arg>${date}</arg>
<doc>Fails if ``value`` is not found from ``dictionary``.</doc>
<status status="PASS" starttime="20220614 10:56:05.236" endtime="20220614 10:56:05.237"/>
</kw>
<kw name="Dictionary Should Contain Key" library="Collections">
<arg>${response.json()}</arg>
<arg>id</arg>
<doc>Fails if ``key`` is not found from ``dictionary``.</doc>
<status status="PASS" starttime="20220614 10:56:05.237" endtime="20220614 10:56:05.238"/>
</kw>
<kw name="Get From Dictionary" library="Collections">
<var>${id}</var>
<arg>${response.json()}</arg>
<arg>id</arg>
<doc>Returns a value from the given ``dictionary`` based on the given ``key``.</doc>
<msg timestamp="20220614 10:56:05.240" level="INFO">${id} = 743d0a45-30b1-4972-8b29-124acb8aa480</msg>
<status status="PASS" starttime="20220614 10:56:05.239" endtime="20220614 10:56:05.240"/>
</kw>
<kw name="Append To List" library="Collections">
<arg>${IDS}</arg>
<arg>${id}</arg>
<doc>Adds ``values`` to the end of ``list``.</doc>
<status status="PASS" starttime="20220614 10:56:05.240" endtime="20220614 10:56:05.240"/>
</kw>
<status status="PASS" starttime="20220614 10:56:05.050" endtime="20220614 10:56:05.240"/>
</iter>
<iter>
<var name="${v2}">Income</var>
<kw name="Create Dictionary" library="BuiltIn">
<var>${body}</var>
<arg>name=${name}</arg>
<arg>category=${v1}</arg>
<arg>type=${v2}</arg>
<arg>value=${value}</arg>
<arg>date=${date}</arg>
<doc>Creates and returns a dictionary based on the given ``items``.</doc>
<msg timestamp="20220614 10:56:05.242" level="INFO">${body} = {'name': 'Burger Queen Order', 'category': 'Transport', 'type': 'Income', 'value': '25.9', 'date': '2022-06-11T12:46:02.937Z'}</msg>
<status status="PASS" starttime="20220614 10:56:05.241" endtime="20220614 10:56:05.242"/>
</kw>
<kw name="POST On Session" library="RequestsLibrary">
<var>${response}</var>
<arg>Add_Data</arg>
<arg>${relative_transactions_url}</arg>
<arg>json=${body}</arg>
<doc>Sends a POST request on a previously created HTTP Session.</doc>
<msg timestamp="20220614 10:56:05.419" level="INFO">POST Request : url=https://estateably-todo.herokuapp.com/transactions 
 path_url=/transactions 
 headers={'User-Agent': 'python-requests/2.28.0', 'Accept-Encoding': 'gzip, deflate', 'Accept': '*/*', 'Connection': 'keep-alive', 'Content-Length': '126', 'Content-Type': 'application/json'} 
 body=b'{"name": "Burger Queen Order", "category": "Transport", "type": "Income", "value": "25.9", "date": "2022-06-11T12:46:02.937Z"}' 
 </msg>
<msg timestamp="20220614 10:56:05.419" level="INFO">POST Response : url=https://estateably-todo.herokuapp.com/transactions 
 status=201, reason=Created 
 headers={'Server': 'Cowboy', 'Connection': 'keep-alive', 'X-Powered-By': 'Express', 'Access-Control-Allow-Origin': '*', 'Content-Type': 'application/json; charset=utf-8', 'Content-Length': '161', 'Etag': 'W/"a1-JfmHsDaurHK3oGpB1KQ8NJJAU8M"', 'Date': 'Tue, 14 Jun 2022 13:56:06 GMT', 'Via': '1.1 vegur'} 
 body={"name":"Burger Queen Order","type":"Income","category":"Transport","value":"25.9","date":"2022-06-11T12:46:02.937Z","id":"85dfafad-2d7c-4f5d-8fe9-14e6fb4dccf4"} 
 </msg>
<msg timestamp="20220614 10:56:05.419" level="INFO">c:\users\reginaldo\pycharmprojects\qachallengeestateably\venv\lib\site-packages\urllib3\connectionpool.py:1050: InsecureRequestWarning: Unverified HTTPS request is being made to host 'estateably-todo.herokuapp.com'. Adding certificate verification is strongly advised. See: https://urllib3.readthedocs.io/en/1.26.x/advanced-usage.html#ssl-warnings
  InsecureRequestWarning,</msg>
<msg timestamp="20220614 10:56:05.419" level="INFO">${response} = &lt;Response [201]&gt;</msg>
<status status="PASS" starttime="20220614 10:56:05.242" endtime="20220614 10:56:05.419"/>
</kw>
<kw name="Convert To String" library="BuiltIn">
<var>${status_code}</var>
<arg>${response.status_code}</arg>
<doc>Converts the given item to a Unicode string.</doc>
<msg timestamp="20220614 10:56:05.421" level="INFO">${status_code} = 201</msg>
<status status="PASS" starttime="20220614 10:56:05.420" endtime="20220614 10:56:05.421"/>
</kw>
<kw name="Should Be Equal" library="BuiltIn">
<arg>${status_code}</arg>
<arg>201</arg>
<doc>Fails if the given objects are unequal.</doc>
<status status="PASS" starttime="20220614 10:56:05.421" endtime="20220614 10:56:05.422"/>
</kw>
<kw name="Dictionary Should Contain Value" library="Collections">
<arg>${response.json()}</arg>
<arg>${name}</arg>
<doc>Fails if ``value`` is not found from ``dictionary``.</doc>
<status status="PASS" starttime="20220614 10:56:05.422" endtime="20220614 10:56:05.423"/>
</kw>
<kw name="Dictionary Should Contain Value" library="Collections">
<arg>${response.json()}</arg>
<arg>${v1}</arg>
<doc>Fails if ``value`` is not found from ``dictionary``.</doc>
<status status="PASS" starttime="20220614 10:56:05.423" endtime="20220614 10:56:05.425"/>
</kw>
<kw name="Dictionary Should Contain Value" library="Collections">
<arg>${response.json()}</arg>
<arg>${v2}</arg>
<doc>Fails if ``value`` is not found from ``dictionary``.</doc>
<status status="PASS" starttime="20220614 10:56:05.425" endtime="20220614 10:56:05.427"/>
</kw>
<kw name="Dictionary Should Contain Value" library="Collections">
<arg>${response.json()}</arg>
<arg>${value}</arg>
<doc>Fails if ``value`` is not found from ``dictionary``.</doc>
<status status="PASS" starttime="20220614 10:56:05.427" endtime="20220614 10:56:05.428"/>
</kw>
<kw name="Dictionary Should Contain Value" library="Collections">
<arg>${response.json()}</arg>
<arg>${date}</arg>
<doc>Fails if ``value`` is not found from ``dictionary``.</doc>
<status status="PASS" starttime="20220614 10:56:05.428" endtime="20220614 10:56:05.430"/>
</kw>
<kw name="Dictionary Should Contain Key" library="Collections">
<arg>${response.json()}</arg>
<arg>id</arg>
<doc>Fails if ``key`` is not found from ``dictionary``.</doc>
<status status="PASS" starttime="20220614 10:56:05.430" endtime="20220614 10:56:05.432"/>
</kw>
<kw name="Get From Dictionary" library="Collections">
<var>${id}</var>
<arg>${response.json()}</arg>
<arg>id</arg>
<doc>Returns a value from the given ``dictionary`` based on the given ``key``.</doc>
<msg timestamp="20220614 10:56:05.434" level="INFO">${id} = 85dfafad-2d7c-4f5d-8fe9-14e6fb4dccf4</msg>
<status status="PASS" starttime="20220614 10:56:05.432" endtime="20220614 10:56:05.434"/>
</kw>
<kw name="Append To List" library="Collections">
<arg>${IDS}</arg>
<arg>${id}</arg>
<doc>Adds ``values`` to the end of ``list``.</doc>
<status status="PASS" starttime="20220614 10:56:05.434" endtime="20220614 10:56:05.435"/>
</kw>
<status status="PASS" starttime="20220614 10:56:05.241" endtime="20220614 10:56:05.435"/>
</iter>
<status status="PASS" starttime="20220614 10:56:05.050" endtime="20220614 10:56:05.435"/>
</for>
<status status="PASS" starttime="20220614 10:56:05.050" endtime="20220614 10:56:05.435"/>
</iter>
<iter>
<var name="${v1}">House</var>
<for flavor="IN">
<var>${v2}</var>
<value>@{TYPES}</value>
<iter>
<var name="${v2}">Expense</var>
<kw name="Create Dictionary" library="BuiltIn">
<var>${body}</var>
<arg>name=${name}</arg>
<arg>category=${v1}</arg>
<arg>type=${v2}</arg>
<arg>value=${value}</arg>
<arg>date=${date}</arg>
<doc>Creates and returns a dictionary based on the given ``items``.</doc>
<msg timestamp="20220614 10:56:05.438" level="INFO">${body} = {'name': 'Burger Queen Order', 'category': 'House', 'type': 'Expense', 'value': '25.9', 'date': '2022-06-11T12:46:02.937Z'}</msg>
<status status="PASS" starttime="20220614 10:56:05.436" endtime="20220614 10:56:05.438"/>
</kw>
<kw name="POST On Session" library="RequestsLibrary">
<var>${response}</var>
<arg>Add_Data</arg>
<arg>${relative_transactions_url}</arg>
<arg>json=${body}</arg>
<doc>Sends a POST request on a previously created HTTP Session.</doc>
<msg timestamp="20220614 10:56:05.616" level="INFO">POST Request : url=https://estateably-todo.herokuapp.com/transactions 
 path_url=/transactions 
 headers={'User-Agent': 'python-requests/2.28.0', 'Accept-Encoding': 'gzip, deflate', 'Accept': '*/*', 'Connection': 'keep-alive', 'Content-Length': '123', 'Content-Type': 'application/json'} 
 body=b'{"name": "Burger Queen Order", "category": "House", "type": "Expense", "value": "25.9", "date": "2022-06-11T12:46:02.937Z"}' 
 </msg>
<msg timestamp="20220614 10:56:05.616" level="INFO">POST Response : url=https://estateably-todo.herokuapp.com/transactions 
 status=201, reason=Created 
 headers={'Server': 'Cowboy', 'Connection': 'keep-alive', 'X-Powered-By': 'Express', 'Access-Control-Allow-Origin': '*', 'Content-Type': 'application/json; charset=utf-8', 'Content-Length': '158', 'Etag': 'W/"9e-5jhCj56qDcC9TNKbWrHp8ap8nnw"', 'Date': 'Tue, 14 Jun 2022 13:56:07 GMT', 'Via': '1.1 vegur'} 
 body={"name":"Burger Queen Order","type":"Expense","category":"House","value":"25.9","date":"2022-06-11T12:46:02.937Z","id":"53b56690-e7d3-4a6e-ba3a-29c60bcc961e"} 
 </msg>
<msg timestamp="20220614 10:56:05.616" level="INFO">c:\users\reginaldo\pycharmprojects\qachallengeestateably\venv\lib\site-packages\urllib3\connectionpool.py:1050: InsecureRequestWarning: Unverified HTTPS request is being made to host 'estateably-todo.herokuapp.com'. Adding certificate verification is strongly advised. See: https://urllib3.readthedocs.io/en/1.26.x/advanced-usage.html#ssl-warnings
  InsecureRequestWarning,</msg>
<msg timestamp="20220614 10:56:05.617" level="INFO">${response} = &lt;Response [201]&gt;</msg>
<status status="PASS" starttime="20220614 10:56:05.438" endtime="20220614 10:56:05.617"/>
</kw>
<kw name="Convert To String" library="BuiltIn">
<var>${status_code}</var>
<arg>${response.status_code}</arg>
<doc>Converts the given item to a Unicode string.</doc>
<msg timestamp="20220614 10:56:05.618" level="INFO">${status_code} = 201</msg>
<status status="PASS" starttime="20220614 10:56:05.617" endtime="20220614 10:56:05.618"/>
</kw>
<kw name="Should Be Equal" library="BuiltIn">
<arg>${status_code}</arg>
<arg>201</arg>
<doc>Fails if the given objects are unequal.</doc>
<status status="PASS" starttime="20220614 10:56:05.619" endtime="20220614 10:56:05.619"/>
</kw>
<kw name="Dictionary Should Contain Value" library="Collections">
<arg>${response.json()}</arg>
<arg>${name}</arg>
<doc>Fails if ``value`` is not found from ``dictionary``.</doc>
<status status="PASS" starttime="20220614 10:56:05.619" endtime="20220614 10:56:05.620"/>
</kw>
<kw name="Dictionary Should Contain Value" library="Collections">
<arg>${response.json()}</arg>
<arg>${v1}</arg>
<doc>Fails if ``value`` is not found from ``dictionary``.</doc>
<status status="PASS" starttime="20220614 10:56:05.621" endtime="20220614 10:56:05.622"/>
</kw>
<kw name="Dictionary Should Contain Value" library="Collections">
<arg>${response.json()}</arg>
<arg>${v2}</arg>
<doc>Fails if ``value`` is not found from ``dictionary``.</doc>
<status status="PASS" starttime="20220614 10:56:05.622" endtime="20220614 10:56:05.623"/>
</kw>
<kw name="Dictionary Should Contain Value" library="Collections">
<arg>${response.json()}</arg>
<arg>${value}</arg>
<doc>Fails if ``value`` is not found from ``dictionary``.</doc>
<status status="PASS" starttime="20220614 10:56:05.623" endtime="20220614 10:56:05.624"/>
</kw>
<kw name="Dictionary Should Contain Value" library="Collections">
<arg>${response.json()}</arg>
<arg>${date}</arg>
<doc>Fails if ``value`` is not found from ``dictionary``.</doc>
<status status="PASS" starttime="20220614 10:56:05.625" endtime="20220614 10:56:05.626"/>
</kw>
<kw name="Dictionary Should Contain Key" library="Collections">
<arg>${response.json()}</arg>
<arg>id</arg>
<doc>Fails if ``key`` is not found from ``dictionary``.</doc>
<status status="PASS" starttime="20220614 10:56:05.626" endtime="20220614 10:56:05.628"/>
</kw>
<kw name="Get From Dictionary" library="Collections">
<var>${id}</var>
<arg>${response.json()}</arg>
<arg>id</arg>
<doc>Returns a value from the given ``dictionary`` based on the given ``key``.</doc>
<msg timestamp="20220614 10:56:05.630" level="INFO">${id} = 53b56690-e7d3-4a6e-ba3a-29c60bcc961e</msg>
<status status="PASS" starttime="20220614 10:56:05.628" endtime="20220614 10:56:05.630"/>
</kw>
<kw name="Append To List" library="Collections">
<arg>${IDS}</arg>
<arg>${id}</arg>
<doc>Adds ``values`` to the end of ``list``.</doc>
<status status="PASS" starttime="20220614 10:56:05.630" endtime="20220614 10:56:05.630"/>
</kw>
<status status="PASS" starttime="20220614 10:56:05.436" endtime="20220614 10:56:05.630"/>
</iter>
<iter>
<var name="${v2}">Income</var>
<kw name="Create Dictionary" library="BuiltIn">
<var>${body}</var>
<arg>name=${name}</arg>
<arg>category=${v1}</arg>
<arg>type=${v2}</arg>
<arg>value=${value}</arg>
<arg>date=${date}</arg>
<doc>Creates and returns a dictionary based on the given ``items``.</doc>
<msg timestamp="20220614 10:56:05.631" level="INFO">${body} = {'name': 'Burger Queen Order', 'category': 'House', 'type': 'Income', 'value': '25.9', 'date': '2022-06-11T12:46:02.937Z'}</msg>
<status status="PASS" starttime="20220614 10:56:05.631" endtime="20220614 10:56:05.632"/>
</kw>
<kw name="POST On Session" library="RequestsLibrary">
<var>${response}</var>
<arg>Add_Data</arg>
<arg>${relative_transactions_url}</arg>
<arg>json=${body}</arg>
<doc>Sends a POST request on a previously created HTTP Session.</doc>
<msg timestamp="20220614 10:56:05.809" level="INFO">POST Request : url=https://estateably-todo.herokuapp.com/transactions 
 path_url=/transactions 
 headers={'User-Agent': 'python-requests/2.28.0', 'Accept-Encoding': 'gzip, deflate', 'Accept': '*/*', 'Connection': 'keep-alive', 'Content-Length': '122', 'Content-Type': 'application/json'} 
 body=b'{"name": "Burger Queen Order", "category": "House", "type": "Income", "value": "25.9", "date": "2022-06-11T12:46:02.937Z"}' 
 </msg>
<msg timestamp="20220614 10:56:05.809" level="INFO">POST Response : url=https://estateably-todo.herokuapp.com/transactions 
 status=201, reason=Created 
 headers={'Server': 'Cowboy', 'Connection': 'keep-alive', 'X-Powered-By': 'Express', 'Access-Control-Allow-Origin': '*', 'Content-Type': 'application/json; charset=utf-8', 'Content-Length': '157', 'Etag': 'W/"9d-u6ZQk6B+RSNFacVZMrqvuWkYCHE"', 'Date': 'Tue, 14 Jun 2022 13:56:07 GMT', 'Via': '1.1 vegur'} 
 body={"name":"Burger Queen Order","type":"Income","category":"House","value":"25.9","date":"2022-06-11T12:46:02.937Z","id":"caa34661-ec20-406f-b0aa-6b750d1c6617"} 
 </msg>
<msg timestamp="20220614 10:56:05.809" level="INFO">c:\users\reginaldo\pycharmprojects\qachallengeestateably\venv\lib\site-packages\urllib3\connectionpool.py:1050: InsecureRequestWarning: Unverified HTTPS request is being made to host 'estateably-todo.herokuapp.com'. Adding certificate verification is strongly advised. See: https://urllib3.readthedocs.io/en/1.26.x/advanced-usage.html#ssl-warnings
  InsecureRequestWarning,</msg>
<msg timestamp="20220614 10:56:05.809" level="INFO">${response} = &lt;Response [201]&gt;</msg>
<status status="PASS" starttime="20220614 10:56:05.632" endtime="20220614 10:56:05.809"/>
</kw>
<kw name="Convert To String" library="BuiltIn">
<var>${status_code}</var>
<arg>${response.status_code}</arg>
<doc>Converts the given item to a Unicode string.</doc>
<msg timestamp="20220614 10:56:05.811" level="INFO">${status_code} = 201</msg>
<status status="PASS" starttime="20220614 10:56:05.810" endtime="20220614 10:56:05.811"/>
</kw>
<kw name="Should Be Equal" library="BuiltIn">
<arg>${status_code}</arg>
<arg>201</arg>
<doc>Fails if the given objects are unequal.</doc>
<status status="PASS" starttime="20220614 10:56:05.811" endtime="20220614 10:56:05.811"/>
</kw>
<kw name="Dictionary Should Contain Value" library="Collections">
<arg>${response.json()}</arg>
<arg>${name}</arg>
<doc>Fails if ``value`` is not found from ``dictionary``.</doc>
<status status="PASS" starttime="20220614 10:56:05.812" endtime="20220614 10:56:05.813"/>
</kw>
<kw name="Dictionary Should Contain Value" library="Collections">
<arg>${response.json()}</arg>
<arg>${v1}</arg>
<doc>Fails if ``value`` is not found from ``dictionary``.</doc>
<status status="PASS" starttime="20220614 10:56:05.813" endtime="20220614 10:56:05.814"/>
</kw>
<kw name="Dictionary Should Contain Value" library="Collections">
<arg>${response.json()}</arg>
<arg>${v2}</arg>
<doc>Fails if ``value`` is not found from ``dictionary``.</doc>
<status status="PASS" starttime="20220614 10:56:05.814" endtime="20220614 10:56:05.816"/>
</kw>
<kw name="Dictionary Should Contain Value" library="Collections">
<arg>${response.json()}</arg>
<arg>${value}</arg>
<doc>Fails if ``value`` is not found from ``dictionary``.</doc>
<status status="PASS" starttime="20220614 10:56:05.816" endtime="20220614 10:56:05.817"/>
</kw>
<kw name="Dictionary Should Contain Value" library="Collections">
<arg>${response.json()}</arg>
<arg>${date}</arg>
<doc>Fails if ``value`` is not found from ``dictionary``.</doc>
<status status="PASS" starttime="20220614 10:56:05.817" endtime="20220614 10:56:05.819"/>
</kw>
<kw name="Dictionary Should Contain Key" library="Collections">
<arg>${response.json()}</arg>
<arg>id</arg>
<doc>Fails if ``key`` is not found from ``dictionary``.</doc>
<status status="PASS" starttime="20220614 10:56:05.819" endtime="20220614 10:56:05.820"/>
</kw>
<kw name="Get From Dictionary" library="Collections">
<var>${id}</var>
<arg>${response.json()}</arg>
<arg>id</arg>
<doc>Returns a value from the given ``dictionary`` based on the given ``key``.</doc>
<msg timestamp="20220614 10:56:05.821" level="INFO">${id} = caa34661-ec20-406f-b0aa-6b750d1c6617</msg>
<status status="PASS" starttime="20220614 10:56:05.820" endtime="20220614 10:56:05.821"/>
</kw>
<kw name="Append To List" library="Collections">
<arg>${IDS}</arg>
<arg>${id}</arg>
<doc>Adds ``values`` to the end of ``list``.</doc>
<status status="PASS" starttime="20220614 10:56:05.822" endtime="20220614 10:56:05.822"/>
</kw>
<status status="PASS" starttime="20220614 10:56:05.630" endtime="20220614 10:56:05.822"/>
</iter>
<status status="PASS" starttime="20220614 10:56:05.436" endtime="20220614 10:56:05.822"/>
</for>
<status status="PASS" starttime="20220614 10:56:05.435" endtime="20220614 10:56:05.822"/>
</iter>
<iter>
<var name="${v1}">Other</var>
<for flavor="IN">
<var>${v2}</var>
<value>@{TYPES}</value>
<iter>
<var name="${v2}">Expense</var>
<kw name="Create Dictionary" library="BuiltIn">
<var>${body}</var>
<arg>name=${name}</arg>
<arg>category=${v1}</arg>
<arg>type=${v2}</arg>
<arg>value=${value}</arg>
<arg>date=${date}</arg>
<doc>Creates and returns a dictionary based on the given ``items``.</doc>
<msg timestamp="20220614 10:56:05.824" level="INFO">${body} = {'name': 'Burger Queen Order', 'category': 'Other', 'type': 'Expense', 'value': '25.9', 'date': '2022-06-11T12:46:02.937Z'}</msg>
<status status="PASS" starttime="20220614 10:56:05.823" endtime="20220614 10:56:05.824"/>
</kw>
<kw name="POST On Session" library="RequestsLibrary">
<var>${response}</var>
<arg>Add_Data</arg>
<arg>${relative_transactions_url}</arg>
<arg>json=${body}</arg>
<doc>Sends a POST request on a previously created HTTP Session.</doc>
<msg timestamp="20220614 10:56:05.999" level="INFO">POST Request : url=https://estateably-todo.herokuapp.com/transactions 
 path_url=/transactions 
 headers={'User-Agent': 'python-requests/2.28.0', 'Accept-Encoding': 'gzip, deflate', 'Accept': '*/*', 'Connection': 'keep-alive', 'Content-Length': '123', 'Content-Type': 'application/json'} 
 body=b'{"name": "Burger Queen Order", "category": "Other", "type": "Expense", "value": "25.9", "date": "2022-06-11T12:46:02.937Z"}' 
 </msg>
<msg timestamp="20220614 10:56:05.999" level="INFO">POST Response : url=https://estateably-todo.herokuapp.com/transactions 
 status=201, reason=Created 
 headers={'Server': 'Cowboy', 'Connection': 'keep-alive', 'X-Powered-By': 'Express', 'Access-Control-Allow-Origin': '*', 'Content-Type': 'application/json; charset=utf-8', 'Content-Length': '158', 'Etag': 'W/"9e-0sUU/cVY0crMIziE8Pswd3PxRBs"', 'Date': 'Tue, 14 Jun 2022 13:56:07 GMT', 'Via': '1.1 vegur'} 
 body={"name":"Burger Queen Order","type":"Expense","category":"Other","value":"25.9","date":"2022-06-11T12:46:02.937Z","id":"e8890fee-4e50-47f3-8a75-0bb462e34287"} 
 </msg>
<msg timestamp="20220614 10:56:05.999" level="INFO">c:\users\reginaldo\pycharmprojects\qachallengeestateably\venv\lib\site-packages\urllib3\connectionpool.py:1050: InsecureRequestWarning: Unverified HTTPS request is being made to host 'estateably-todo.herokuapp.com'. Adding certificate verification is strongly advised. See: https://urllib3.readthedocs.io/en/1.26.x/advanced-usage.html#ssl-warnings
  InsecureRequestWarning,</msg>
<msg timestamp="20220614 10:56:06.000" level="INFO">${response} = &lt;Response [201]&gt;</msg>
<status status="PASS" starttime="20220614 10:56:05.824" endtime="20220614 10:56:06.000"/>
</kw>
<kw name="Convert To String" library="BuiltIn">
<var>${status_code}</var>
<arg>${response.status_code}</arg>
<doc>Converts the given item to a Unicode string.</doc>
<msg timestamp="20220614 10:56:06.002" level="INFO">${status_code} = 201</msg>
<status status="PASS" starttime="20220614 10:56:06.000" endtime="20220614 10:56:06.002"/>
</kw>
<kw name="Should Be Equal" library="BuiltIn">
<arg>${status_code}</arg>
<arg>201</arg>
<doc>Fails if the given objects are unequal.</doc>
<status status="PASS" starttime="20220614 10:56:06.003" endtime="20220614 10:56:06.004"/>
</kw>
<kw name="Dictionary Should Contain Value" library="Collections">
<arg>${response.json()}</arg>
<arg>${name}</arg>
<doc>Fails if ``value`` is not found from ``dictionary``.</doc>
<status status="PASS" starttime="20220614 10:56:06.005" endtime="20220614 10:56:06.006"/>
</kw>
<kw name="Dictionary Should Contain Value" library="Collections">
<arg>${response.json()}</arg>
<arg>${v1}</arg>
<doc>Fails if ``value`` is not found from ``dictionary``.</doc>
<status status="PASS" starttime="20220614 10:56:06.006" endtime="20220614 10:56:06.008"/>
</kw>
<kw name="Dictionary Should Contain Value" library="Collections">
<arg>${response.json()}</arg>
<arg>${v2}</arg>
<doc>Fails if ``value`` is not found from ``dictionary``.</doc>
<status status="PASS" starttime="20220614 10:56:06.008" endtime="20220614 10:56:06.009"/>
</kw>
<kw name="Dictionary Should Contain Value" library="Collections">
<arg>${response.json()}</arg>
<arg>${value}</arg>
<doc>Fails if ``value`` is not found from ``dictionary``.</doc>
<status status="PASS" starttime="20220614 10:56:06.009" endtime="20220614 10:56:06.011"/>
</kw>
<kw name="Dictionary Should Contain Value" library="Collections">
<arg>${response.json()}</arg>
<arg>${date}</arg>
<doc>Fails if ``value`` is not found from ``dictionary``.</doc>
<status status="PASS" starttime="20220614 10:56:06.011" endtime="20220614 10:56:06.012"/>
</kw>
<kw name="Dictionary Should Contain Key" library="Collections">
<arg>${response.json()}</arg>
<arg>id</arg>
<doc>Fails if ``key`` is not found from ``dictionary``.</doc>
<status status="PASS" starttime="20220614 10:56:06.012" endtime="20220614 10:56:06.013"/>
</kw>
<kw name="Get From Dictionary" library="Collections">
<var>${id}</var>
<arg>${response.json()}</arg>
<arg>id</arg>
<doc>Returns a value from the given ``dictionary`` based on the given ``key``.</doc>
<msg timestamp="20220614 10:56:06.015" level="INFO">${id} = e8890fee-4e50-47f3-8a75-0bb462e34287</msg>
<status status="PASS" starttime="20220614 10:56:06.013" endtime="20220614 10:56:06.015"/>
</kw>
<kw name="Append To List" library="Collections">
<arg>${IDS}</arg>
<arg>${id}</arg>
<doc>Adds ``values`` to the end of ``list``.</doc>
<status status="PASS" starttime="20220614 10:56:06.015" endtime="20220614 10:56:06.015"/>
</kw>
<status status="PASS" starttime="20220614 10:56:05.822" endtime="20220614 10:56:06.015"/>
</iter>
<iter>
<var name="${v2}">Income</var>
<kw name="Create Dictionary" library="BuiltIn">
<var>${body}</var>
<arg>name=${name}</arg>
<arg>category=${v1}</arg>
<arg>type=${v2}</arg>
<arg>value=${value}</arg>
<arg>date=${date}</arg>
<doc>Creates and returns a dictionary based on the given ``items``.</doc>
<msg timestamp="20220614 10:56:06.017" level="INFO">${body} = {'name': 'Burger Queen Order', 'category': 'Other', 'type': 'Income', 'value': '25.9', 'date': '2022-06-11T12:46:02.937Z'}</msg>
<status status="PASS" starttime="20220614 10:56:06.015" endtime="20220614 10:56:06.017"/>
</kw>
<kw name="POST On Session" library="RequestsLibrary">
<var>${response}</var>
<arg>Add_Data</arg>
<arg>${relative_transactions_url}</arg>
<arg>json=${body}</arg>
<doc>Sends a POST request on a previously created HTTP Session.</doc>
<msg timestamp="20220614 10:56:06.194" level="INFO">POST Request : url=https://estateably-todo.herokuapp.com/transactions 
 path_url=/transactions 
 headers={'User-Agent': 'python-requests/2.28.0', 'Accept-Encoding': 'gzip, deflate', 'Accept': '*/*', 'Connection': 'keep-alive', 'Content-Length': '122', 'Content-Type': 'application/json'} 
 body=b'{"name": "Burger Queen Order", "category": "Other", "type": "Income", "value": "25.9", "date": "2022-06-11T12:46:02.937Z"}' 
 </msg>
<msg timestamp="20220614 10:56:06.195" level="INFO">POST Response : url=https://estateably-todo.herokuapp.com/transactions 
 status=201, reason=Created 
 headers={'Server': 'Cowboy', 'Connection': 'keep-alive', 'X-Powered-By': 'Express', 'Access-Control-Allow-Origin': '*', 'Content-Type': 'application/json; charset=utf-8', 'Content-Length': '157', 'Etag': 'W/"9d-9cqqARguQSRbqxUviJMHQJiKK9c"', 'Date': 'Tue, 14 Jun 2022 13:56:07 GMT', 'Via': '1.1 vegur'} 
 body={"name":"Burger Queen Order","type":"Income","category":"Other","value":"25.9","date":"2022-06-11T12:46:02.937Z","id":"1a16a606-54e7-417a-9a04-404b0c2c727e"} 
 </msg>
<msg timestamp="20220614 10:56:06.195" level="INFO">c:\users\reginaldo\pycharmprojects\qachallengeestateably\venv\lib\site-packages\urllib3\connectionpool.py:1050: InsecureRequestWarning: Unverified HTTPS request is being made to host 'estateably-todo.herokuapp.com'. Adding certificate verification is strongly advised. See: https://urllib3.readthedocs.io/en/1.26.x/advanced-usage.html#ssl-warnings
  InsecureRequestWarning,</msg>
<msg timestamp="20220614 10:56:06.195" level="INFO">${response} = &lt;Response [201]&gt;</msg>
<status status="PASS" starttime="20220614 10:56:06.017" endtime="20220614 10:56:06.195"/>
</kw>
<kw name="Convert To String" library="BuiltIn">
<var>${status_code}</var>
<arg>${response.status_code}</arg>
<doc>Converts the given item to a Unicode string.</doc>
<msg timestamp="20220614 10:56:06.197" level="INFO">${status_code} = 201</msg>
<status status="PASS" starttime="20220614 10:56:06.195" endtime="20220614 10:56:06.197"/>
</kw>
<kw name="Should Be Equal" library="BuiltIn">
<arg>${status_code}</arg>
<arg>201</arg>
<doc>Fails if the given objects are unequal.</doc>
<status status="PASS" starttime="20220614 10:56:06.197" endtime="20220614 10:56:06.197"/>
</kw>
<kw name="Dictionary Should Contain Value" library="Collections">
<arg>${response.json()}</arg>
<arg>${name}</arg>
<doc>Fails if ``value`` is not found from ``dictionary``.</doc>
<status status="PASS" starttime="20220614 10:56:06.197" endtime="20220614 10:56:06.199"/>
</kw>
<kw name="Dictionary Should Contain Value" library="Collections">
<arg>${response.json()}</arg>
<arg>${v1}</arg>
<doc>Fails if ``value`` is not found from ``dictionary``.</doc>
<status status="PASS" starttime="20220614 10:56:06.199" endtime="20220614 10:56:06.200"/>
</kw>
<kw name="Dictionary Should Contain Value" library="Collections">
<arg>${response.json()}</arg>
<arg>${v2}</arg>
<doc>Fails if ``value`` is not found from ``dictionary``.</doc>
<status status="PASS" starttime="20220614 10:56:06.200" endtime="20220614 10:56:06.201"/>
</kw>
<kw name="Dictionary Should Contain Value" library="Collections">
<arg>${response.json()}</arg>
<arg>${value}</arg>
<doc>Fails if ``value`` is not found from ``dictionary``.</doc>
<status status="PASS" starttime="20220614 10:56:06.201" endtime="20220614 10:56:06.203"/>
</kw>
<kw name="Dictionary Should Contain Value" library="Collections">
<arg>${response.json()}</arg>
<arg>${date}</arg>
<doc>Fails if ``value`` is not found from ``dictionary``.</doc>
<status status="PASS" starttime="20220614 10:56:06.203" endtime="20220614 10:56:06.204"/>
</kw>
<kw name="Dictionary Should Contain Key" library="Collections">
<arg>${response.json()}</arg>
<arg>id</arg>
<doc>Fails if ``key`` is not found from ``dictionary``.</doc>
<status status="PASS" starttime="20220614 10:56:06.204" endtime="20220614 10:56:06.205"/>
</kw>
<kw name="Get From Dictionary" library="Collections">
<var>${id}</var>
<arg>${response.json()}</arg>
<arg>id</arg>
<doc>Returns a value from the given ``dictionary`` based on the given ``key``.</doc>
<msg timestamp="20220614 10:56:06.207" level="INFO">${id} = 1a16a606-54e7-417a-9a04-404b0c2c727e</msg>
<status status="PASS" starttime="20220614 10:56:06.206" endtime="20220614 10:56:06.207"/>
</kw>
<kw name="Append To List" library="Collections">
<arg>${IDS}</arg>
<arg>${id}</arg>
<doc>Adds ``values`` to the end of ``list``.</doc>
<status status="PASS" starttime="20220614 10:56:06.207" endtime="20220614 10:56:06.208"/>
</kw>
<status status="PASS" starttime="20220614 10:56:06.015" endtime="20220614 10:56:06.208"/>
</iter>
<status status="PASS" starttime="20220614 10:56:05.822" endtime="20220614 10:56:06.208"/>
</for>
<status status="PASS" starttime="20220614 10:56:05.822" endtime="20220614 10:56:06.208"/>
</iter>
<status status="PASS" starttime="20220614 10:56:03.706" endtime="20220614 10:56:06.208"/>
</for>
<status status="PASS" starttime="20220614 10:56:03.705" endtime="20220614 10:56:06.208"/>
</kw>
<kw name="Print IDS">
<for flavor="IN">
<var>${i}</var>
<value>@{IDS}</value>
<iter>
<var name="${i}">97f0c59e-b83e-4b74-901c-40569192b39e</var>
<kw name="Log To Console" library="BuiltIn">
<arg>${i}</arg>
<doc>Logs the given message to the console.</doc>
<status status="PASS" starttime="20220614 10:56:06.209" endtime="20220614 10:56:06.210"/>
</kw>
<status status="PASS" starttime="20220614 10:56:06.209" endtime="20220614 10:56:06.210"/>
</iter>
<iter>
<var name="${i}">bc03d5bd-8e4d-4213-bf5f-8b9d9226fdaa</var>
<kw name="Log To Console" library="BuiltIn">
<arg>${i}</arg>
<doc>Logs the given message to the console.</doc>
<status status="PASS" starttime="20220614 10:56:06.210" endtime="20220614 10:56:06.211"/>
</kw>
<status status="PASS" starttime="20220614 10:56:06.210" endtime="20220614 10:56:06.211"/>
</iter>
<iter>
<var name="${i}">c94926b2-b5e1-4784-b5b3-6653010a5c81</var>
<kw name="Log To Console" library="BuiltIn">
<arg>${i}</arg>
<doc>Logs the given message to the console.</doc>
<status status="PASS" starttime="20220614 10:56:06.211" endtime="20220614 10:56:06.211"/>
</kw>
<status status="PASS" starttime="20220614 10:56:06.211" endtime="20220614 10:56:06.211"/>
</iter>
<iter>
<var name="${i}">a325c65f-0a48-4f63-9f4f-f998218ad7dc</var>
<kw name="Log To Console" library="BuiltIn">
<arg>${i}</arg>
<doc>Logs the given message to the console.</doc>
<status status="PASS" starttime="20220614 10:56:06.212" endtime="20220614 10:56:06.212"/>
</kw>
<status status="PASS" starttime="20220614 10:56:06.211" endtime="20220614 10:56:06.212"/>
</iter>
<iter>
<var name="${i}">743d0a45-30b1-4972-8b29-124acb8aa480</var>
<kw name="Log To Console" library="BuiltIn">
<arg>${i}</arg>
<doc>Logs the given message to the console.</doc>
<status status="PASS" starttime="20220614 10:56:06.212" endtime="20220614 10:56:06.213"/>
</kw>
<status status="PASS" starttime="20220614 10:56:06.212" endtime="20220614 10:56:06.213"/>
</iter>
<iter>
<var name="${i}">85dfafad-2d7c-4f5d-8fe9-14e6fb4dccf4</var>
<kw name="Log To Console" library="BuiltIn">
<arg>${i}</arg>
<doc>Logs the given message to the console.</doc>
<status status="PASS" starttime="20220614 10:56:06.213" endtime="20220614 10:56:06.214"/>
</kw>
<status status="PASS" starttime="20220614 10:56:06.213" endtime="20220614 10:56:06.214"/>
</iter>
<iter>
<var name="${i}">53b56690-e7d3-4a6e-ba3a-29c60bcc961e</var>
<kw name="Log To Console" library="BuiltIn">
<arg>${i}</arg>
<doc>Logs the given message to the console.</doc>
<status status="PASS" starttime="20220614 10:56:06.214" endtime="20220614 10:56:06.215"/>
</kw>
<status status="PASS" starttime="20220614 10:56:06.214" endtime="20220614 10:56:06.215"/>
</iter>
<iter>
<var name="${i}">caa34661-ec20-406f-b0aa-6b750d1c6617</var>
<kw name="Log To Console" library="BuiltIn">
<arg>${i}</arg>
<doc>Logs the given message to the console.</doc>
<status status="PASS" starttime="20220614 10:56:06.215" endtime="20220614 10:56:06.215"/>
</kw>
<status status="PASS" starttime="20220614 10:56:06.215" endtime="20220614 10:56:06.215"/>
</iter>
<iter>
<var name="${i}">e8890fee-4e50-47f3-8a75-0bb462e34287</var>
<kw name="Log To Console" library="BuiltIn">
<arg>${i}</arg>
<doc>Logs the given message to the console.</doc>
<status status="PASS" starttime="20220614 10:56:06.216" endtime="20220614 10:56:06.216"/>
</kw>
<status status="PASS" starttime="20220614 10:56:06.216" endtime="20220614 10:56:06.216"/>
</iter>
<iter>
<var name="${i}">1a16a606-54e7-417a-9a04-404b0c2c727e</var>
<kw name="Log To Console" library="BuiltIn">
<arg>${i}</arg>
<doc>Logs the given message to the console.</doc>
<status status="PASS" starttime="20220614 10:56:06.216" endtime="20220614 10:56:06.217"/>
</kw>
<status status="PASS" starttime="20220614 10:56:06.216" endtime="20220614 10:56:06.217"/>
</iter>
<status status="PASS" starttime="20220614 10:56:06.209" endtime="20220614 10:56:06.217"/>
</for>
<status status="PASS" starttime="20220614 10:56:06.209" endtime="20220614 10:56:06.217"/>
</kw>
<kw name="Save in a File">
<for flavor="IN">
<var>${data}</var>
<value>@{IDS}</value>
<iter>
<var name="${data}">97f0c59e-b83e-4b74-901c-40569192b39e</var>
<kw name="Append To File" library="OperatingSystem">
<arg>${FILE_DIR}</arg>
<arg>${data}\n</arg>
<doc>Appends the given content to the specified file.</doc>
<msg timestamp="20220614 10:56:06.221" level="INFO" html="true">Appended to file '&lt;a href="file://C:\Users\Reginaldo\PycharmProjects\QAchallengeEstateably\Resources\ids.txt"&gt;C:\Users\Reginaldo\PycharmProjects\QAchallengeEstateably\Resources\ids.txt&lt;/a&gt;'.</msg>
<status status="PASS" starttime="20220614 10:56:06.218" endtime="20220614 10:56:06.221"/>
</kw>
<status status="PASS" starttime="20220614 10:56:06.218" endtime="20220614 10:56:06.221"/>
</iter>
<iter>
<var name="${data}">bc03d5bd-8e4d-4213-bf5f-8b9d9226fdaa</var>
<kw name="Append To File" library="OperatingSystem">
<arg>${FILE_DIR}</arg>
<arg>${data}\n</arg>
<doc>Appends the given content to the specified file.</doc>
<msg timestamp="20220614 10:56:06.223" level="INFO" html="true">Appended to file '&lt;a href="file://C:\Users\Reginaldo\PycharmProjects\QAchallengeEstateably\Resources\ids.txt"&gt;C:\Users\Reginaldo\PycharmProjects\QAchallengeEstateably\Resources\ids.txt&lt;/a&gt;'.</msg>
<status status="PASS" starttime="20220614 10:56:06.222" endtime="20220614 10:56:06.223"/>
</kw>
<status status="PASS" starttime="20220614 10:56:06.221" endtime="20220614 10:56:06.223"/>
</iter>
<iter>
<var name="${data}">c94926b2-b5e1-4784-b5b3-6653010a5c81</var>
<kw name="Append To File" library="OperatingSystem">
<arg>${FILE_DIR}</arg>
<arg>${data}\n</arg>
<doc>Appends the given content to the specified file.</doc>
<msg timestamp="20220614 10:56:06.224" level="INFO" html="true">Appended to file '&lt;a href="file://C:\Users\Reginaldo\PycharmProjects\QAchallengeEstateably\Resources\ids.txt"&gt;C:\Users\Reginaldo\PycharmProjects\QAchallengeEstateably\Resources\ids.txt&lt;/a&gt;'.</msg>
<status status="PASS" starttime="20220614 10:56:06.223" endtime="20220614 10:56:06.224"/>
</kw>
<status status="PASS" starttime="20220614 10:56:06.223" endtime="20220614 10:56:06.224"/>
</iter>
<iter>
<var name="${data}">a325c65f-0a48-4f63-9f4f-f998218ad7dc</var>
<kw name="Append To File" library="OperatingSystem">
<arg>${FILE_DIR}</arg>
<arg>${data}\n</arg>
<doc>Appends the given content to the specified file.</doc>
<msg timestamp="20220614 10:56:06.226" level="INFO" html="true">Appended to file '&lt;a href="file://C:\Users\Reginaldo\PycharmProjects\QAchallengeEstateably\Resources\ids.txt"&gt;C:\Users\Reginaldo\PycharmProjects\QAchallengeEstateably\Resources\ids.txt&lt;/a&gt;'.</msg>
<status status="PASS" starttime="20220614 10:56:06.225" endtime="20220614 10:56:06.226"/>
</kw>
<status status="PASS" starttime="20220614 10:56:06.224" endtime="20220614 10:56:06.226"/>
</iter>
<iter>
<var name="${data}">743d0a45-30b1-4972-8b29-124acb8aa480</var>
<kw name="Append To File" library="OperatingSystem">
<arg>${FILE_DIR}</arg>
<arg>${data}\n</arg>
<doc>Appends the given content to the specified file.</doc>
<msg timestamp="20220614 10:56:06.227" level="INFO" html="true">Appended to file '&lt;a href="file://C:\Users\Reginaldo\PycharmProjects\QAchallengeEstateably\Resources\ids.txt"&gt;C:\Users\Reginaldo\PycharmProjects\QAchallengeEstateably\Resources\ids.txt&lt;/a&gt;'.</msg>
<status status="PASS" starttime="20220614 10:56:06.226" endtime="20220614 10:56:06.227"/>
</kw>
<status status="PASS" starttime="20220614 10:56:06.226" endtime="20220614 10:56:06.227"/>
</iter>
<iter>
<var name="${data}">85dfafad-2d7c-4f5d-8fe9-14e6fb4dccf4</var>
<kw name="Append To File" library="OperatingSystem">
<arg>${FILE_DIR}</arg>
<arg>${data}\n</arg>
<doc>Appends the given content to the specified file.</doc>
<msg timestamp="20220614 10:56:06.229" level="INFO" html="true">Appended to file '&lt;a href="file://C:\Users\Reginaldo\PycharmProjects\QAchallengeEstateably\Resources\ids.txt"&gt;C:\Users\Reginaldo\PycharmProjects\QAchallengeEstateably\Resources\ids.txt&lt;/a&gt;'.</msg>
<status status="PASS" starttime="20220614 10:56:06.228" endtime="20220614 10:56:06.229"/>
</kw>
<status status="PASS" starttime="20220614 10:56:06.228" endtime="20220614 10:56:06.229"/>
</iter>
<iter>
<var name="${data}">53b56690-e7d3-4a6e-ba3a-29c60bcc961e</var>
<kw name="Append To File" library="OperatingSystem">
<arg>${FILE_DIR}</arg>
<arg>${data}\n</arg>
<doc>Appends the given content to the specified file.</doc>
<msg timestamp="20220614 10:56:06.230" level="INFO" html="true">Appended to file '&lt;a href="file://C:\Users\Reginaldo\PycharmProjects\QAchallengeEstateably\Resources\ids.txt"&gt;C:\Users\Reginaldo\PycharmProjects\QAchallengeEstateably\Resources\ids.txt&lt;/a&gt;'.</msg>
<status status="PASS" starttime="20220614 10:56:06.229" endtime="20220614 10:56:06.230"/>
</kw>
<status status="PASS" starttime="20220614 10:56:06.229" endtime="20220614 10:56:06.230"/>
</iter>
<iter>
<var name="${data}">caa34661-ec20-406f-b0aa-6b750d1c6617</var>
<kw name="Append To File" library="OperatingSystem">
<arg>${FILE_DIR}</arg>
<arg>${data}\n</arg>
<doc>Appends the given content to the specified file.</doc>
<msg timestamp="20220614 10:56:06.231" level="INFO" html="true">Appended to file '&lt;a href="file://C:\Users\Reginaldo\PycharmProjects\QAchallengeEstateably\Resources\ids.txt"&gt;C:\Users\Reginaldo\PycharmProjects\QAchallengeEstateably\Resources\ids.txt&lt;/a&gt;'.</msg>
<status status="PASS" starttime="20220614 10:56:06.230" endtime="20220614 10:56:06.231"/>
</kw>
<status status="PASS" starttime="20220614 10:56:06.230" endtime="20220614 10:56:06.232"/>
</iter>
<iter>
<var name="${data}">e8890fee-4e50-47f3-8a75-0bb462e34287</var>
<kw name="Append To File" library="OperatingSystem">
<arg>${FILE_DIR}</arg>
<arg>${data}\n</arg>
<doc>Appends the given content to the specified file.</doc>
<msg timestamp="20220614 10:56:06.233" level="INFO" html="true">Appended to file '&lt;a href="file://C:\Users\Reginaldo\PycharmProjects\QAchallengeEstateably\Resources\ids.txt"&gt;C:\Users\Reginaldo\PycharmProjects\QAchallengeEstateably\Resources\ids.txt&lt;/a&gt;'.</msg>
<status status="PASS" starttime="20220614 10:56:06.232" endtime="20220614 10:56:06.233"/>
</kw>
<status status="PASS" starttime="20220614 10:56:06.232" endtime="20220614 10:56:06.233"/>
</iter>
<iter>
<var name="${data}">1a16a606-54e7-417a-9a04-404b0c2c727e</var>
<kw name="Append To File" library="OperatingSystem">
<arg>${FILE_DIR}</arg>
<arg>${data}\n</arg>
<doc>Appends the given content to the specified file.</doc>
<msg timestamp="20220614 10:56:06.234" level="INFO" html="true">Appended to file '&lt;a href="file://C:\Users\Reginaldo\PycharmProjects\QAchallengeEstateably\Resources\ids.txt"&gt;C:\Users\Reginaldo\PycharmProjects\QAchallengeEstateably\Resources\ids.txt&lt;/a&gt;'.</msg>
<status status="PASS" starttime="20220614 10:56:06.233" endtime="20220614 10:56:06.234"/>
</kw>
<status status="PASS" starttime="20220614 10:56:06.233" endtime="20220614 10:56:06.234"/>
</iter>
<status status="PASS" starttime="20220614 10:56:06.218" endtime="20220614 10:56:06.234"/>
</for>
<status status="PASS" starttime="20220614 10:56:06.218" endtime="20220614 10:56:06.235"/>
</kw>
<tag>POST</tag>
<tag>Regression</tag>
<status status="PASS" starttime="20220614 10:56:03.703" endtime="20220614 10:56:06.235"/>
</test>
<test id="s1-s1-t2" name="TC_01_02_Invalid_POST_Request" line="125">
<kw name="Create Session" library="RequestsLibrary">
<arg>Add_Data</arg>
<arg>${BASE_URL}</arg>
<doc>Create Session: create a HTTP session to a server</doc>
<msg timestamp="20220614 10:56:06.238" level="INFO">Creating Session using : alias=Add_Data, url=https://estateably-todo.herokuapp.com/, headers={},                     cookies={}, auth=None, timeout=None, proxies=None, verify=False,                     debug=0 </msg>
<status status="PASS" starttime="20220614 10:56:06.238" endtime="20220614 10:56:06.238"/>
</kw>
<kw name="Invalid POST create">
<var>${ret}</var>
<arg>name</arg>
<if>
<branch type="IF" condition="'${args}' == 'name'">
<kw name="Set Variable" library="BuiltIn">
<var>${name}</var>
<arg>${EMPTY}</arg>
<doc>Returns the given values which can then be assigned to a variables.</doc>
<msg timestamp="20220614 10:56:06.241" level="INFO">${name} = </msg>
<status status="PASS" starttime="20220614 10:56:06.239" endtime="20220614 10:56:06.241"/>
</kw>
<kw name="Set Variable" library="BuiltIn">
<var>${v1}</var>
<arg>${CATEGORIES}[0]</arg>
<doc>Returns the given values which can then be assigned to a variables.</doc>
<msg timestamp="20220614 10:56:06.241" level="INFO">${v1} = Salary</msg>
<status status="PASS" starttime="20220614 10:56:06.241" endtime="20220614 10:56:06.241"/>
</kw>
<kw name="Set Variable" library="BuiltIn">
<var>${v2}</var>
<arg>${TYPES}[0]</arg>
<doc>Returns the given values which can then be assigned to a variables.</doc>
<msg timestamp="20220614 10:56:06.242" level="INFO">${v2} = Expense</msg>
<status status="PASS" starttime="20220614 10:56:06.242" endtime="20220614 10:56:06.242"/>
</kw>
<status status="PASS" starttime="20220614 10:56:06.239" endtime="20220614 10:56:06.242"/>
</branch>
<branch type="ELSE IF" condition="'${args}' == 'category'">
<kw name="Set Variable" library="BuiltIn">
<var>${name}</var>
<arg>Burguer</arg>
<doc>Returns the given values which can then be assigned to a variables.</doc>
<status status="NOT RUN" starttime="20220614 10:56:06.242" endtime="20220614 10:56:06.242"/>
</kw>
<kw name="Set Variable" library="BuiltIn">
<var>${v1}</var>
<arg>${EMPTY}</arg>
<doc>Returns the given values which can then be assigned to a variables.</doc>
<status status="NOT RUN" starttime="20220614 10:56:06.243" endtime="20220614 10:56:06.243"/>
</kw>
<kw name="Set Variable" library="BuiltIn">
<var>${v2}</var>
<arg>${TYPES}[0]</arg>
<doc>Returns the given values which can then be assigned to a variables.</doc>
<status status="NOT RUN" starttime="20220614 10:56:06.243" endtime="20220614 10:56:06.243"/>
</kw>
<status status="NOT RUN" starttime="20220614 10:56:06.242" endtime="20220614 10:56:06.243"/>
</branch>
<branch type="ELSE IF" condition="'${args}' == 'type'">
<kw name="Set Variable" library="BuiltIn">
<var>${name}</var>
<arg>Burguer</arg>
<doc>Returns the given values which can then be assigned to a variables.</doc>
<status status="NOT RUN" starttime="20220614 10:56:06.243" endtime="20220614 10:56:06.243"/>
</kw>
<kw name="Set Variable" library="BuiltIn">
<var>${v1}</var>
<arg>${CATEGORIES}[0]</arg>
<doc>Returns the given values which can then be assigned to a variables.</doc>
<status status="NOT RUN" starttime="20220614 10:56:06.243" endtime="20220614 10:56:06.244"/>
</kw>
<kw name="Set Variable" library="BuiltIn">
<var>${v2}</var>
<arg>${EMPTY}</arg>
<doc>Returns the given values which can then be assigned to a variables.</doc>
<status status="NOT RUN" starttime="20220614 10:56:06.244" endtime="20220614 10:56:06.244"/>
</kw>
<status status="NOT RUN" starttime="20220614 10:56:06.243" endtime="20220614 10:56:06.244"/>
</branch>
<branch type="ELSE IF" condition="'${args}' == 'value'">
<kw name="Set Variable" library="BuiltIn">
<var>${name}</var>
<arg>Burguer</arg>
<doc>Returns the given values which can then be assigned to a variables.</doc>
<status status="NOT RUN" starttime="20220614 10:56:06.244" endtime="20220614 10:56:06.244"/>
</kw>
<kw name="Set Variable" library="BuiltIn">
<var>${v1}</var>
<arg>${CATEGORIES}[0]</arg>
<doc>Returns the given values which can then be assigned to a variables.</doc>
<status status="NOT RUN" starttime="20220614 10:56:06.244" endtime="20220614 10:56:06.244"/>
</kw>
<kw name="Set Variable" library="BuiltIn">
<var>${v2}</var>
<arg>${TYPES}[0]</arg>
<doc>Returns the given values which can then be assigned to a variables.</doc>
<status status="NOT RUN" starttime="20220614 10:56:06.244" endtime="20220614 10:56:06.245"/>
</kw>
<kw name="Set Variable" library="BuiltIn">
<var>${value}</var>
<arg>${EMPTY}</arg>
<doc>Returns the given values which can then be assigned to a variables.</doc>
<status status="NOT RUN" starttime="20220614 10:56:06.245" endtime="20220614 10:56:06.245"/>
</kw>
<status status="NOT RUN" starttime="20220614 10:56:06.244" endtime="20220614 10:56:06.245"/>
</branch>
<branch type="ELSE IF" condition="'${args}' == 'date'">
<kw name="Set Variable" library="BuiltIn">
<var>${name}</var>
<arg>Burguer</arg>
<doc>Returns the given values which can then be assigned to a variables.</doc>
<status status="NOT RUN" starttime="20220614 10:56:06.245" endtime="20220614 10:56:06.245"/>
</kw>
<kw name="Set Variable" library="BuiltIn">
<var>${v1}</var>
<arg>${CATEGORIES}[0]</arg>
<doc>Returns the given values which can then be assigned to a variables.</doc>
<status status="NOT RUN" starttime="20220614 10:56:06.245" endtime="20220614 10:56:06.245"/>
</kw>
<kw name="Set Variable" library="BuiltIn">
<var>${v2}</var>
<arg>${TYPES}[0]</arg>
<doc>Returns the given values which can then be assigned to a variables.</doc>
<status status="NOT RUN" starttime="20220614 10:56:06.246" endtime="20220614 10:56:06.246"/>
</kw>
<kw name="Set Variable" library="BuiltIn">
<var>${value}</var>
<arg>12.32</arg>
<doc>Returns the given values which can then be assigned to a variables.</doc>
<status status="NOT RUN" starttime="20220614 10:56:06.246" endtime="20220614 10:56:06.246"/>
</kw>
<kw name="Set Variable" library="BuiltIn">
<var>${date}</var>
<arg>${EMPTY}</arg>
<doc>Returns the given values which can then be assigned to a variables.</doc>
<status status="NOT RUN" starttime="20220614 10:56:06.246" endtime="20220614 10:56:06.246"/>
</kw>
<status status="NOT RUN" starttime="20220614 10:56:06.245" endtime="20220614 10:56:06.246"/>
</branch>
<status status="PASS" starttime="20220614 10:56:06.239" endtime="20220614 10:56:06.246"/>
</if>
<kw name="Create Dictionary" library="BuiltIn">
<var>${body}</var>
<arg>name=${name}</arg>
<arg>category=${v1}</arg>
<arg>type=${v2}</arg>
<arg>value=${value}</arg>
<arg>date=${date}</arg>
<doc>Creates and returns a dictionary based on the given ``items``.</doc>
<msg timestamp="20220614 10:56:06.247" level="INFO">${body} = {'name': '', 'category': 'Salary', 'type': 'Expense', 'value': '25.9', 'date': '2022-06-11T12:46:02.937Z'}</msg>
<status status="PASS" starttime="20220614 10:56:06.246" endtime="20220614 10:56:06.247"/>
</kw>
<kw name="Post Request" library="RequestsLibrary">
<var>${response}</var>
<arg>Add_Data</arg>
<arg>${relative_transactions_url}</arg>
<arg>json=${body}</arg>
<doc>*DEPRECATED* Please use `POST On Session` instead.</doc>
<msg timestamp="20220614 10:56:06.248" level="WARN">Keyword 'RequestsLibrary.Post Request' is deprecated. Please use `POST On Session` instead.</msg>
<msg timestamp="20220614 10:56:06.937" level="INFO">POST Request : url=https://estateably-todo.herokuapp.com/transactions 
 path_url=/transactions 
 headers={'User-Agent': 'python-requests/2.28.0', 'Accept-Encoding': 'gzip, deflate', 'Accept': '*/*', 'Connection': 'keep-alive', 'Content-Length': '106', 'Content-Type': 'application/json'} 
 body=b'{"name": "", "category": "Salary", "type": "Expense", "value": "25.9", "date": "2022-06-11T12:46:02.937Z"}' 
 </msg>
<msg timestamp="20220614 10:56:06.937" level="INFO">POST Response : url=https://estateably-todo.herokuapp.com/transactions 
 status=400, reason=Bad Request 
 headers={'Server': 'Cowboy', 'Connection': 'keep-alive', 'X-Powered-By': 'Express', 'Access-Control-Allow-Origin': '*', 'Content-Type': 'application/json; charset=utf-8', 'Content-Length': '71', 'Etag': 'W/"47-+vLEBMT82t734MyoytQ7fbQhr+U"', 'Date': 'Tue, 14 Jun 2022 13:56:08 GMT', 'Via': '1.1 vegur'} 
 body={"statusCode":400,"message":["Name is required"],"error":"Bad Request"} 
 </msg>
<msg timestamp="20220614 10:56:06.937" level="INFO">c:\users\reginaldo\pycharmprojects\qachallengeestateably\venv\lib\site-packages\urllib3\connectionpool.py:1050: InsecureRequestWarning: Unverified HTTPS request is being made to host 'estateably-todo.herokuapp.com'. Adding certificate verification is strongly advised. See: https://urllib3.readthedocs.io/en/1.26.x/advanced-usage.html#ssl-warnings
  InsecureRequestWarning,</msg>
<msg timestamp="20220614 10:56:06.937" level="INFO">${response} = &lt;Response [400]&gt;</msg>
<status status="PASS" starttime="20220614 10:56:06.248" endtime="20220614 10:56:06.938"/>
</kw>
<kw name="Convert To String" library="BuiltIn">
<var>${status_code}</var>
<arg>${response.json()}</arg>
<doc>Converts the given item to a Unicode string.</doc>
<msg timestamp="20220614 10:56:06.939" level="INFO">${status_code} = {'statusCode': 400, 'message': ['Name is required'], 'error': 'Bad Request'}</msg>
<status status="PASS" starttime="20220614 10:56:06.938" endtime="20220614 10:56:06.939"/>
</kw>
<msg timestamp="20220614 10:56:06.939" level="INFO">${ret} = {'statusCode': 400, 'message': ['Name is required'], 'error': 'Bad Request'}</msg>
<status status="PASS" starttime="20220614 10:56:06.239" endtime="20220614 10:56:06.939"/>
</kw>
<kw name="Should Contain" library="BuiltIn">
<arg>${ret}</arg>
<arg>400</arg>
<doc>Fails if ``container`` does not contain ``item`` one or more times.</doc>
<status status="PASS" starttime="20220614 10:56:06.940" endtime="20220614 10:56:06.940"/>
</kw>
<kw name="Should Contain" library="BuiltIn">
<arg>${ret}</arg>
<arg>Name is required</arg>
<doc>Fails if ``container`` does not contain ``item`` one or more times.</doc>
<status status="PASS" starttime="20220614 10:56:06.941" endtime="20220614 10:56:06.941"/>
</kw>
<tag>POST</tag>
<tag>Regression</tag>
<status status="PASS" starttime="20220614 10:56:06.237" endtime="20220614 10:56:06.942"/>
</test>
<test id="s1-s1-t3" name="TC_01_03_Invalid_POST_Request" line="138">
<kw name="Create Session" library="RequestsLibrary">
<arg>Add_Data</arg>
<arg>${BASE_URL}</arg>
<doc>Create Session: create a HTTP session to a server</doc>
<msg timestamp="20220614 10:56:06.945" level="INFO">Creating Session using : alias=Add_Data, url=https://estateably-todo.herokuapp.com/, headers={},                     cookies={}, auth=None, timeout=None, proxies=None, verify=False,                     debug=0 </msg>
<status status="PASS" starttime="20220614 10:56:06.944" endtime="20220614 10:56:06.945"/>
</kw>
<kw name="Invalid POST create">
[...]
<msg timestamp="20220614 10:56:10.547" level="INFO">Creating Session using : alias=Get_Transactions_List, url=https://estateably-todo.herokuapp.com/, headers={},                     cookies={}, auth=None, timeout=None, proxies=None, verify=False,                     debug=0 </msg>
<status status="PASS" starttime="20220614 10:56:10.546" endtime="20220614 10:56:10.547"/>
</kw>
<kw name="GET On Session" library="RequestsLibrary">
<var>${response}</var>
<arg>Get_Transactions_List</arg>
<arg>${relative_search_transactions_url}</arg>
<arg>params=${params}</arg>
<doc>Sends a GET request on a previously created HTTP Session.</doc>
<msg timestamp="20220614 10:56:11.233" level="INFO">GET Request : url=https://estateably-todo.herokuapp.com/transactions/search?keyword=Burg&amp;type=Expense&amp;category=Food 
 path_url=/transactions/search?keyword=Burg&amp;type=Expense&amp;category=Food 
 headers={'User-Agent': 'python-requests/2.28.0', 'Accept-Encoding': 'gzip, deflate', 'Accept': '*/*', 'Connection': 'keep-alive'} 
 body=None 
 </msg>
<msg timestamp="20220614 10:56:11.233" level="INFO">GET Response : url=https://estateably-todo.herokuapp.com/transactions/search?keyword=Burg&amp;type=Expense&amp;category=Food 
 status=200, reason=OK 
 headers={'Server': 'Cowboy', 'Connection': 'keep-alive', 'X-Powered-By': 'Express', 'Access-Control-Allow-Origin': '*', 'Content-Type': 'application/json; charset=utf-8', 'Content-Length': '157', 'Etag': 'W/"9d-zB6hcQ0eA0jBq7OJ9lJZh4NnRiQ"', 'Date': 'Tue, 14 Jun 2022 13:56:12 GMT', 'Via': '1.1 vegur'} 
 body=[{"id":"c94926b2-b5e1-4784-b5b3-6653010a5c81","name":"Burger Queen Order","category":"Food","type":"Expense","value":25.9,"date":"2022-06-11T12:46:02.937Z"}] 
 </msg>
<msg timestamp="20220614 10:56:11.233" level="INFO">c:\users\reginaldo\pycharmprojects\qachallengeestateably\venv\lib\site-packages\urllib3\connectionpool.py:1050: InsecureRequestWarning: Unverified HTTPS request is being made to host 'estateably-todo.herokuapp.com'. Adding certificate verification is strongly advised. See: https://urllib3.readthedocs.io/en/1.26.x/advanced-usage.html#ssl-warnings
  InsecureRequestWarning,</msg>
<msg timestamp="20220614 10:56:11.233" level="INFO">${response} = &lt;Response [200]&gt;</msg>
<status status="PASS" starttime="20220614 10:56:10.547" endtime="20220614 10:56:11.233"/>
</kw>
<kw name="Convert To String" library="BuiltIn">
<var>${status_code}</var>
<arg>${response.status_code}</arg>
<doc>Converts the given item to a Unicode string.</doc>
<msg timestamp="20220614 10:56:11.236" level="INFO">${status_code} = 200</msg>
<status status="PASS" starttime="20220614 10:56:11.234" endtime="20220614 10:56:11.236"/>
</kw>
<kw name="Should Be Equal" library="BuiltIn">
<arg>${status_code}</arg>
<arg>200</arg>
<doc>Fails if the given objects are unequal.</doc>
<status status="PASS" starttime="20220614 10:56:11.236" endtime="20220614 10:56:11.236"/>
</kw>
<kw name="Get Length" library="BuiltIn">
<var>${length}</var>
<arg>${response.json()}</arg>
<doc>Returns and logs the length of the given item as an integer.</doc>
<msg timestamp="20220614 10:56:11.238" level="INFO">Length is 1</msg>
<msg timestamp="20220614 10:56:11.238" level="INFO">${length} = 1</msg>
<status status="PASS" starttime="20220614 10:56:11.237" endtime="20220614 10:56:11.238"/>
</kw>
<kw name="Should Not Be Equal" library="BuiltIn">
<arg>${length}</arg>
<arg>0</arg>
<doc>Fails if the given objects are equal.</doc>
<msg timestamp="20220614 10:56:11.239" level="INFO">Argument types are:
&lt;class 'int'&gt;
&lt;class 'str'&gt;</msg>
<status status="PASS" starttime="20220614 10:56:11.239" endtime="20220614 10:56:11.239"/>
</kw>
<tag>Regression</tag>
<tag>SEARCH</tag>
<status status="PASS" starttime="20220614 10:56:10.544" endtime="20220614 10:56:11.239"/>
</test>
<status status="PASS" starttime="20220614 10:56:10.533" endtime="20220614 10:56:11.241"/>
</suite>
<suite id="s1-s4" name="TC 04 DELETE Request" source="C:\Users\Reginaldo\PycharmProjects\QAchallengeEstateably\Tests\TC_04_DELETE_Request.robot">
<test id="s1-s4-t1" name="TC_04_DELETE_Request" line="18">
<kw name="Get File" library="OperatingSystem">
<var>${file}</var>
<arg>${FILE_DIR}</arg>
<doc>Returns the contents of a specified file.</doc>
<msg timestamp="20220614 10:56:11.267" level="INFO" html="true">Getting file '&lt;a href="file://C:\Users\Reginaldo\PycharmProjects\QAchallengeEstateably\Resources\ids.txt"&gt;C:\Users\Reginaldo\PycharmProjects\QAchallengeEstateably\Resources\ids.txt&lt;/a&gt;'.</msg>
<msg timestamp="20220614 10:56:11.268" level="INFO">${file} = 97f0c59e-b83e-4b74-901c-40569192b39e
bc03d5bd-8e4d-4213-bf5f-8b9d9226fdaa
c94926b2-b5e1-4784-b5b3-6653010a5c81
a325c65f-0a48-4f63-9f4f-f998218ad7dc
743d0a45-30b1-4972-8b29-124acb8aa480
85dfafad-2d7c-4...</msg>
<status status="PASS" starttime="20220614 10:56:11.267" endtime="20220614 10:56:11.268"/>
</kw>
<kw name="Split To Lines" library="String">
<var>@{line}</var>
<arg>${file}</arg>
<doc>Splits the given string to lines.</doc>
<msg timestamp="20220614 10:56:11.269" level="INFO">10 lines returned</msg>
<msg timestamp="20220614 10:56:11.269" level="INFO">@{line} = [ 97f0c59e-b83e-4b74-901c-40569192b39e | bc03d5bd-8e4d-4213-bf5f-8b9d9226fdaa | c94926b2-b5e1-4784-b5b3-6653010a5c81 | a325c65f-0a48-4f63-9f4f-f998218ad7dc | 743d0a45-30b1-4972-8b29-124acb8aa480 | 85d...</msg>
<status status="PASS" starttime="20220614 10:56:11.269" endtime="20220614 10:56:11.269"/>
</kw>
<kw name="Catenate" library="BuiltIn">
<var>${aux}</var>
<arg>SEPARATOR=</arg>
<arg>${relative_transactions_url}</arg>
<arg>${line}[0]</arg>
<doc>Catenates the given items together and returns the resulted string.</doc>
<msg timestamp="20220614 10:56:11.271" level="INFO">${aux} = transactions/97f0c59e-b83e-4b74-901c-40569192b39e</msg>
<status status="PASS" starttime="20220614 10:56:11.270" endtime="20220614 10:56:11.271"/>
</kw>
<kw name="Log To Console" library="BuiltIn">
<arg>${aux}</arg>
<doc>Logs the given message to the console.</doc>
<status status="PASS" starttime="20220614 10:56:11.271" endtime="20220614 10:56:11.272"/>
</kw>
<kw name="Create Session" library="RequestsLibrary">
<arg>Delete_Transaction</arg>
<arg>${BASE_URL}</arg>
<doc>Create Session: create a HTTP session to a server</doc>
<msg timestamp="20220614 10:56:11.273" level="INFO">Creating Session using : alias=Delete_Transaction, url=https://estateably-todo.herokuapp.com/, headers={},                     cookies={}, auth=None, timeout=None, proxies=None, verify=False,                     debug=0 </msg>
<status status="PASS" starttime="20220614 10:56:11.272" endtime="20220614 10:56:11.273"/>
</kw>
<kw name="DELETE On Session" library="RequestsLibrary">
<var>${response}</var>
<arg>Delete_Transaction</arg>
<arg>${aux}</arg>
<doc>Sends a DELETE request on a previously created HTTP Session.</doc>
<msg timestamp="20220614 10:56:11.955" level="INFO">DELETE Request : url=https://estateably-todo.herokuapp.com/transactions/97f0c59e-b83e-4b74-901c-40569192b39e 
 path_url=/transactions/97f0c59e-b83e-4b74-901c-40569192b39e 
 headers={'User-Agent': 'python-requests/2.28.0', 'Accept-Encoding': 'gzip, deflate', 'Accept': '*/*', 'Connection': 'keep-alive', 'Content-Length': '0'} 
 body=None 
 </msg>
<msg timestamp="20220614 10:56:11.955" level="INFO">DELETE Response : url=https://estateably-todo.herokuapp.com/transactions/97f0c59e-b83e-4b74-901c-40569192b39e 
 status=204, reason=No Content 
 headers={'Server': 'Cowboy', 'Content-Length': '0', 'Connection': 'keep-alive', 'X-Powered-By': 'Express', 'Access-Control-Allow-Origin': '*', 'Date': 'Tue, 14 Jun 2022 13:56:13 GMT', 'Via': '1.1 vegur'} 
 body=None 
 </msg>
<msg timestamp="20220614 10:56:11.955" level="INFO">c:\users\reginaldo\pycharmprojects\qachallengeestateably\venv\lib\site-packages\urllib3\connectionpool.py:1050: InsecureRequestWarning: Unverified HTTPS request is being made to host 'estateably-todo.herokuapp.com'. Adding certificate verification is strongly advised. See: https://urllib3.readthedocs.io/en/1.26.x/advanced-usage.html#ssl-warnings
  InsecureRequestWarning,</msg>
<msg timestamp="20220614 10:56:11.956" level="INFO">${response} = &lt;Response [204]&gt;</msg>
<status status="PASS" starttime="20220614 10:56:11.274" endtime="20220614 10:56:11.956"/>
</kw>
<kw name="Convert To String" library="BuiltIn">
<var>${status_code}</var>
<arg>${response.status_code}</arg>
<doc>Converts the given item to a Unicode string.</doc>
<msg timestamp="20220614 10:56:11.958" level="INFO">${status_code} = 204</msg>
<status status="PASS" starttime="20220614 10:56:11.957" endtime="20220614 10:56:11.958"/>
</kw>
<kw name="Should Be Equal" library="BuiltIn">
<arg>${status_code}</arg>
<arg>204</arg>
<doc>Fails if the given objects are unequal.</doc>
<status status="PASS" starttime="20220614 10:56:11.958" endtime="20220614 10:56:11.959"/>
</kw>
<kw name="Get Length" library="BuiltIn">
<var>${length}</var>
<arg>${response.content}</arg>
<doc>Returns and logs the length of the given item as an integer.</doc>
<msg timestamp="20220614 10:56:11.960" level="INFO">Length is 0</msg>
<msg timestamp="20220614 10:56:11.961" level="INFO">${length} = 0</msg>
<status status="PASS" starttime="20220614 10:56:11.959" endtime="20220614 10:56:11.961"/>
</kw>
<kw name="Should Be Equal As Integers" library="BuiltIn">
<arg>${length}</arg>
<arg>0</arg>
<doc>Fails if objects are unequal after converting them to integers.</doc>
<msg timestamp="20220614 10:56:11.962" level="INFO">Argument types are:
&lt;class 'int'&gt;
&lt;class 'str'&gt;</msg>
<status status="PASS" starttime="20220614 10:56:11.961" endtime="20220614 10:56:11.962"/>
</kw>
<tag>DELETE</tag>
<tag>Regression</tag>
<status status="PASS" starttime="20220614 10:56:11.265" endtime="20220614 10:56:11.962"/>
</test>
<status status="PASS" starttime="20220614 10:56:11.243" endtime="20220614 10:56:11.963"/>
</suite>
<suite id="s1-s5" name="TC 05 DELETE Request invalid" source="C:\Users\Reginaldo\PycharmProjects\QAchallengeEstateably\Tests\TC_05_DELETE_Request_invalid.robot">
<test id="s1-s5-t1" name="TC_05_DELETE_Request" line="15">
<kw name="Create Session" library="RequestsLibrary">
<arg>Delete_Transaction</arg>
<arg>${BASE_URL}</arg>
<doc>Create Session: create a HTTP session to a server</doc>
<msg timestamp="20220614 10:56:11.975" level="INFO">Creating Session using : alias=Delete_Transaction, url=https://estateably-todo.herokuapp.com/, headers={},                     cookies={}, auth=None, timeout=None, proxies=None, verify=False,                     debug=0 </msg>
<status status="PASS" starttime="20220614 10:56:11.975" endtime="20220614 10:56:11.975"/>
</kw>
<kw name="Delete Request" library="RequestsLibrary">
<var>${response}</var>
<arg>Delete_Transaction</arg>
<arg>${relative_transactions_url}</arg>
<doc>*DEPRECATED* Please use `DELETE On Session` instead.</doc>
<msg timestamp="20220614 10:56:11.976" level="WARN">Keyword 'RequestsLibrary.Delete Request' is deprecated. Please use `DELETE On Session` instead.</msg>
<msg timestamp="20220614 10:56:12.661" level="INFO">DELETE Request : url=https://estateably-todo.herokuapp.com/transactions/11111111-1111-1111-1111-111111111111 
 path_url=/transactions/11111111-1111-1111-1111-111111111111 
 headers={'User-Agent': 'python-requests/2.28.0', 'Accept-Encoding': 'gzip, deflate', 'Accept': '*/*', 'Connection': 'keep-alive', 'Content-Length': '0'} 
 body=None 
 </msg>
<msg timestamp="20220614 10:56:12.662" level="INFO">DELETE Response : url=https://estateably-todo.herokuapp.com/transactions/11111111-1111-1111-1111-111111111111 
 status=404, reason=Not Found 
 headers={'Server': 'Cowboy', 'Connection': 'keep-alive', 'X-Powered-By': 'Express', 'Access-Control-Allow-Origin': '*', 'Content-Type': 'application/json; charset=utf-8', 'Content-Length': '52', 'Etag': 'W/"34-oExbVCDVJBUILJO3C8WJTlzbBxU"', 'Date': 'Tue, 14 Jun 2022 13:56:14 GMT', 'Via': '1.1 vegur'} 
 body={"statusCode":404,"message":"Transaction not found"} 
 </msg>
<msg timestamp="20220614 10:56:12.662" level="INFO">c:\users\reginaldo\pycharmprojects\qachallengeestateably\venv\lib\site-packages\urllib3\connectionpool.py:1050: InsecureRequestWarning: Unverified HTTPS request is being made to host 'estateably-todo.herokuapp.com'. Adding certificate verification is strongly advised. See: https://urllib3.readthedocs.io/en/1.26.x/advanced-usage.html#ssl-warnings
  InsecureRequestWarning,</msg>
<msg timestamp="20220614 10:56:12.662" level="INFO">${response} = &lt;Response [404]&gt;</msg>
<status status="PASS" starttime="20220614 10:56:11.976" endtime="20220614 10:56:12.662"/>
</kw>
<kw name="Convert To String" library="BuiltIn">
<var>${str_response}</var>
<arg>${response.json()}</arg>
<doc>Converts the given item to a Unicode string.</doc>
<msg timestamp="20220614 10:56:12.665" level="INFO">${str_response} = {'statusCode': 404, 'message': 'Transaction not found'}</msg>
<status status="PASS" starttime="20220614 10:56:12.663" endtime="20220614 10:56:12.665"/>
</kw>
<kw name="Should Contain" library="BuiltIn">
<arg>${str_response}</arg>
<arg>404</arg>
<doc>Fails if ``container`` does not contain ``item`` one or more times.</doc>
<status status="PASS" starttime="20220614 10:56:12.665" endtime="20220614 10:56:12.666"/>
</kw>
<kw name="Should Contain" library="BuiltIn">
<arg>${str_response}</arg>
<arg>Transaction not found</arg>
<doc>Fails if ``container`` does not contain ``item`` one or more times.</doc>
<status status="PASS" starttime="20220614 10:56:12.666" endtime="20220614 10:56:12.666"/>
</kw>
<tag>DELETE</tag>
<tag>Regression</tag>
<status status="PASS" starttime="20220614 10:56:11.974" endtime="20220614 10:56:12.667"/>
</test>
<status status="PASS" starttime="20220614 10:56:11.965" endtime="20220614 10:56:12.668"/>
</suite>
<status status="PASS" starttime="20220614 10:56:03.459" endtime="20220614 10:56:12.670"/>
</suite>
<statistics>
<total>
<stat pass="10" fail="0" skip="0">All Tests</stat>
</total>
<tag>
<stat pass="2" fail="0" skip="0">DELETE</stat>
<stat pass="1" fail="0" skip="0">GET</stat>
<stat pass="6" fail="0" skip="0">POST</stat>
<stat pass="10" fail="0" skip="0">Regression</stat>
<stat pass="1" fail="0" skip="0">SEARCH</stat>
</tag>
<suite>
<stat pass="10" fail="0" skip="0" id="s1" name="Tests">Tests</stat>
<stat pass="6" fail="0" skip="0" id="s1-s1" name="TC 01 POST Request">Tests.TC 01 POST Request</stat>
<stat pass="1" fail="0" skip="0" id="s1-s2" name="TC 02 GET Request">Tests.TC 02 GET Request</stat>
<stat pass="1" fail="0" skip="0" id="s1-s3" name="TC 03 GET SearchRequest">Tests.TC 03 GET SearchRequest</stat>
<stat pass="1" fail="0" skip="0" id="s1-s4" name="TC 04 DELETE Request">Tests.TC 04 DELETE Request</stat>
<stat pass="1" fail="0" skip="0" id="s1-s5" name="TC 05 DELETE Request invalid">Tests.TC 05 DELETE Request invalid</stat>
</suite>
</statistics>
<errors>
<msg timestamp="20220614 10:56:03.700" level="ERROR">Error in file 'C:\Users\Reginaldo\PycharmProjects\QAchallengeEstateably\Resources\GlobalVariables.robot' on line 11: Creating keyword 'set global variable' failed: Keyword with same name defined multiple times.</msg>
<msg timestamp="20220614 10:56:03.700" level="ERROR">Error in file 'C:\Users\Reginaldo\PycharmProjects\QAchallengeEstateably\Resources\GlobalVariables.robot' on line 12: Creating keyword 'set global variable' failed: Keyword with same name defined multiple times.</msg>
<msg timestamp="20220614 10:56:03.701" level="ERROR">Error in file 'C:\Users\Reginaldo\PycharmProjects\QAchallengeEstateably\Resources\GlobalVariables.robot' on line 13: Creating keyword 'set global variable' failed: Keyword with same name defined multiple times.</msg>
<msg timestamp="20220614 10:56:06.248" level="WARN">Keyword 'RequestsLibrary.Post Request' is deprecated. Please use `POST On Session` instead.</msg>
<msg timestamp="20220614 10:56:06.954" level="WARN">Keyword 'RequestsLibrary.Post Request' is deprecated. Please use `POST On Session` instead.</msg>
<msg timestamp="20220614 10:56:07.662" level="WARN">Keyword 'RequestsLibrary.Post Request' is deprecated. Please use `POST On Session` instead.</msg>
<msg timestamp="20220614 10:56:08.373" level="WARN">Keyword 'RequestsLibrary.Post Request' is deprecated. Please use `POST On Session` instead.</msg>
<msg timestamp="20220614 10:56:09.067" level="WARN">Multiple tests with name 'TC_01_05_Invalid_POST_Request' executed in suite 'Tests.TC 01 POST Request'.</msg>
<msg timestamp="20220614 10:56:09.079" level="WARN">Keyword 'RequestsLibrary.Post Request' is deprecated. Please use `POST On Session` instead.</msg>
<msg timestamp="20220614 10:56:09.835" level="ERROR">Error in file 'C:\Users\Reginaldo\PycharmProjects\QAchallengeEstateably\Resources\GlobalVariables.robot' on line 11: Creating keyword 'set global variable' failed: Keyword with same name defined multiple times.</msg>
<msg timestamp="20220614 10:56:09.835" level="ERROR">Error in file 'C:\Users\Reginaldo\PycharmProjects\QAchallengeEstateably\Resources\GlobalVariables.robot' on line 12: Creating keyword 'set global variable' failed: Keyword with same name defined multiple times.</msg>
<msg timestamp="20220614 10:56:09.836" level="ERROR">Error in file 'C:\Users\Reginaldo\PycharmProjects\QAchallengeEstateably\Resources\GlobalVariables.robot' on line 13: Creating keyword 'set global variable' failed: Keyword with same name defined multiple times.</msg>
<msg timestamp="20220614 10:56:10.539" level="ERROR">Error in file 'C:\Users\Reginaldo\PycharmProjects\QAchallengeEstateably\Resources\GlobalVariables.robot' on line 11: Creating keyword 'set global variable' failed: Keyword with same name defined multiple times.</msg>
<msg timestamp="20220614 10:56:10.539" level="ERROR">Error in file 'C:\Users\Reginaldo\PycharmProjects\QAchallengeEstateably\Resources\GlobalVariables.robot' on line 12: Creating keyword 'set global variable' failed: Keyword with same name defined multiple times.</msg>
<msg timestamp="20220614 10:56:10.541" level="ERROR">Error in file 'C:\Users\Reginaldo\PycharmProjects\QAchallengeEstateably\Resources\GlobalVariables.robot' on line 13: Creating keyword 'set global variable' failed: Keyword with same name defined multiple times.</msg>
<msg timestamp="20220614 10:56:11.256" level="ERROR">Error in file 'C:\Users\Reginaldo\PycharmProjects\QAchallengeEstateably\Resources\GlobalVariables.robot' on line 11: Creating keyword 'set global variable' failed: Keyword with same name defined multiple times.</msg>
<msg timestamp="20220614 10:56:11.257" level="ERROR">Error in file 'C:\Users\Reginaldo\PycharmProjects\QAchallengeEstateably\Resources\GlobalVariables.robot' on line 12: Creating keyword 'set global variable' failed: Keyword with same name defined multiple times.</msg>
<msg timestamp="20220614 10:56:11.259" level="ERROR">Error in file 'C:\Users\Reginaldo\PycharmProjects\QAchallengeEstateably\Resources\GlobalVariables.robot' on line 13: Creating keyword 'set global variable' failed: Keyword with same name defined multiple times.</msg>
<msg timestamp="20220614 10:56:11.970" level="ERROR">Error in file 'C:\Users\Reginaldo\PycharmProjects\QAchallengeEstateably\Resources\GlobalVariables.robot' on line 11: Creating keyword 'set global variable' failed: Keyword with same name defined multiple times.</msg>
<msg timestamp="20220614 10:56:11.971" level="ERROR">Error in file 'C:\Users\Reginaldo\PycharmProjects\QAchallengeEstateably\Resources\GlobalVariables.robot' on line 12: Creating keyword 'set global variable' failed: Keyword with same name defined multiple times.</msg>
<msg timestamp="20220614 10:56:11.972" level="ERROR">Error in file 'C:\Users\Reginaldo\PycharmProjects\QAchallengeEstateably\Resources\GlobalVariables.robot' on line 13: Creating keyword 'set global variable' failed: Keyword with same name defined multiple times.</msg>
<msg timestamp="20220614 10:56:11.976" level="WARN">Keyword 'RequestsLibrary.Delete Request' is deprecated. Please use `DELETE On Session` instead.</msg>
</errors>
</robot>
